{"/home/petertasca/Desktop/book-chat-app/frontend/src/components/Icons.tsx": {"path":"/home/petertasca/Desktop/book-chat-app/frontend/src/components/Icons.tsx","all":false,"statementMap":{"0":{"start":{"line":1,"column":0},"end":{"line":1,"column":49}},"2":{"start":{"line":3,"column":0},"end":{"line":3,"column":70}},"3":{"start":{"line":4,"column":0},"end":{"line":4,"column":61}},"4":{"start":{"line":5,"column":0},"end":{"line":5,"column":51}},"5":{"start":{"line":6,"column":0},"end":{"line":6,"column":47}},"6":{"start":{"line":7,"column":0},"end":{"line":7,"column":49}},"7":{"start":{"line":8,"column":0},"end":{"line":8,"column":70}},"8":{"start":{"line":9,"column":0},"end":{"line":9,"column":48}},"21":{"start":{"line":22,"column":0},"end":{"line":22,"column":106}},"23":{"start":{"line":24,"column":0},"end":{"line":24,"column":95}},"33":{"start":{"line":34,"column":0},"end":{"line":34,"column":107}},"35":{"start":{"line":36,"column":0},"end":{"line":36,"column":117}},"37":{"start":{"line":38,"column":0},"end":{"line":38,"column":71}},"38":{"start":{"line":39,"column":0},"end":{"line":39,"column":109}},"41":{"start":{"line":42,"column":0},"end":{"line":42,"column":89}},"43":{"start":{"line":44,"column":0},"end":{"line":44,"column":98}},"45":{"start":{"line":46,"column":0},"end":{"line":46,"column":128}},"47":{"start":{"line":48,"column":0},"end":{"line":48,"column":141}},"49":{"start":{"line":50,"column":0},"end":{"line":50,"column":104}},"51":{"start":{"line":52,"column":0},"end":{"line":52,"column":101}},"53":{"start":{"line":54,"column":0},"end":{"line":54,"column":104}},"55":{"start":{"line":56,"column":0},"end":{"line":56,"column":101}}},"s":{"0":1,"2":1,"3":1,"4":1,"5":1,"6":1,"7":1,"8":1,"21":1,"23":1,"33":1,"35":1,"37":1,"38":11,"41":1,"43":1,"45":1,"47":1,"49":1,"51":1,"53":1,"55":1},"branchMap":{"0":{"type":"branch","line":24,"loc":{"start":{"line":24,"column":26},"end":{"line":24,"column":95}},"locations":[{"start":{"line":24,"column":26},"end":{"line":24,"column":95}}]},"1":{"type":"branch","line":38,"loc":{"start":{"line":38,"column":33},"end":{"line":39,"column":109}},"locations":[{"start":{"line":38,"column":33},"end":{"line":39,"column":109}}]},"2":{"type":"branch","line":39,"loc":{"start":{"line":39,"column":67},"end":{"line":39,"column":90}},"locations":[{"start":{"line":39,"column":67},"end":{"line":39,"column":90}}]},"3":{"type":"branch","line":39,"loc":{"start":{"line":39,"column":79},"end":{"line":39,"column":92}},"locations":[{"start":{"line":39,"column":79},"end":{"line":39,"column":92}}]},"4":{"type":"branch","line":46,"loc":{"start":{"line":46,"column":24},"end":{"line":46,"column":128}},"locations":[{"start":{"line":46,"column":24},"end":{"line":46,"column":128}}]},"5":{"type":"branch","line":48,"loc":{"start":{"line":48,"column":25},"end":{"line":48,"column":141}},"locations":[{"start":{"line":48,"column":25},"end":{"line":48,"column":141}}]}},"b":{"0":[10],"1":[11],"2":[1],"3":[10],"4":[11],"5":[11]},"fnMap":{"0":{"name":"BookmarkIcon","decl":{"start":{"line":22,"column":28},"end":{"line":22,"column":106}},"loc":{"start":{"line":22,"column":28},"end":{"line":22,"column":106}},"line":22},"1":{"name":"SearchIcon","decl":{"start":{"line":24,"column":26},"end":{"line":24,"column":95}},"loc":{"start":{"line":24,"column":26},"end":{"line":24,"column":95}},"line":24},"2":{"name":"HamburgerIcon","decl":{"start":{"line":34,"column":29},"end":{"line":34,"column":107}},"loc":{"start":{"line":34,"column":29},"end":{"line":34,"column":107}},"line":34},"3":{"name":"CloseHamburgerIcon","decl":{"start":{"line":36,"column":34},"end":{"line":36,"column":117}},"loc":{"start":{"line":36,"column":34},"end":{"line":36,"column":117}},"line":36},"4":{"name":"RightDropDownIcon","decl":{"start":{"line":38,"column":33},"end":{"line":39,"column":109}},"loc":{"start":{"line":38,"column":33},"end":{"line":39,"column":109}},"line":38},"5":{"name":"LikeIcon","decl":{"start":{"line":42,"column":24},"end":{"line":42,"column":89}},"loc":{"start":{"line":42,"column":24},"end":{"line":42,"column":89}},"line":42},"6":{"name":"DislikeIcon","decl":{"start":{"line":44,"column":27},"end":{"line":44,"column":98}},"loc":{"start":{"line":44,"column":27},"end":{"line":44,"column":98}},"line":44},"7":{"name":"UserIcon","decl":{"start":{"line":46,"column":24},"end":{"line":46,"column":128}},"loc":{"start":{"line":46,"column":24},"end":{"line":46,"column":128}},"line":46},"8":{"name":"CloseIcon","decl":{"start":{"line":48,"column":25},"end":{"line":48,"column":141}},"loc":{"start":{"line":48,"column":25},"end":{"line":48,"column":141}},"line":48},"9":{"name":"CheckmarkIcon","decl":{"start":{"line":50,"column":29},"end":{"line":50,"column":104}},"loc":{"start":{"line":50,"column":29},"end":{"line":50,"column":104}},"line":50},"10":{"name":"CancelIcon","decl":{"start":{"line":52,"column":26},"end":{"line":52,"column":101}},"loc":{"start":{"line":52,"column":26},"end":{"line":52,"column":101}},"line":52},"11":{"name":"RightArrow","decl":{"start":{"line":54,"column":26},"end":{"line":54,"column":104}},"loc":{"start":{"line":54,"column":26},"end":{"line":54,"column":104}},"line":54},"12":{"name":"LeftArrow","decl":{"start":{"line":56,"column":25},"end":{"line":56,"column":101}},"loc":{"start":{"line":56,"column":25},"end":{"line":56,"column":101}},"line":56}},"f":{"0":0,"1":10,"2":0,"3":0,"4":11,"5":0,"6":0,"7":11,"8":11,"9":0,"10":0,"11":0,"12":0}}
,"/home/petertasca/Desktop/book-chat-app/frontend/src/components/BarChart/BarChart.tsx": {"path":"/home/petertasca/Desktop/book-chat-app/frontend/src/components/BarChart/BarChart.tsx","all":false,"statementMap":{"0":{"start":{"line":1,"column":0},"end":{"line":1,"column":25}},"1":{"start":{"line":2,"column":0},"end":{"line":2,"column":42}},"9":{"start":{"line":10,"column":0},"end":{"line":10,"column":40}},"11":{"start":{"line":12,"column":0},"end":{"line":12,"column":46}},"13":{"start":{"line":14,"column":0},"end":{"line":14,"column":53}},"15":{"start":{"line":16,"column":0},"end":{"line":16,"column":21}},"16":{"start":{"line":17,"column":0},"end":{"line":17,"column":36}},"18":{"start":{"line":19,"column":0},"end":{"line":19,"column":67}},"19":{"start":{"line":20,"column":0},"end":{"line":20,"column":55}},"20":{"start":{"line":21,"column":0},"end":{"line":21,"column":43}},"24":{"start":{"line":25,"column":0},"end":{"line":25,"column":58}},"26":{"start":{"line":27,"column":0},"end":{"line":27,"column":22}},"27":{"start":{"line":28,"column":0},"end":{"line":28,"column":31}},"28":{"start":{"line":29,"column":0},"end":{"line":29,"column":58}},"29":{"start":{"line":30,"column":0},"end":{"line":30,"column":60}},"30":{"start":{"line":31,"column":0},"end":{"line":31,"column":20}},"31":{"start":{"line":32,"column":0},"end":{"line":32,"column":69}},"35":{"start":{"line":36,"column":0},"end":{"line":36,"column":39}},"36":{"start":{"line":37,"column":0},"end":{"line":37,"column":60}},"37":{"start":{"line":38,"column":0},"end":{"line":38,"column":26}},"39":{"start":{"line":40,"column":0},"end":{"line":40,"column":37}},"40":{"start":{"line":41,"column":0},"end":{"line":41,"column":46}},"41":{"start":{"line":42,"column":0},"end":{"line":42,"column":27}},"42":{"start":{"line":43,"column":0},"end":{"line":43,"column":21}},"44":{"start":{"line":45,"column":0},"end":{"line":45,"column":29}},"45":{"start":{"line":46,"column":0},"end":{"line":46,"column":26}},"46":{"start":{"line":47,"column":0},"end":{"line":47,"column":20}},"47":{"start":{"line":48,"column":0},"end":{"line":48,"column":27}},"48":{"start":{"line":49,"column":0},"end":{"line":49,"column":25}},"49":{"start":{"line":50,"column":0},"end":{"line":50,"column":49}},"50":{"start":{"line":51,"column":0},"end":{"line":51,"column":57}},"51":{"start":{"line":52,"column":0},"end":{"line":52,"column":47}},"52":{"start":{"line":53,"column":0},"end":{"line":53,"column":35}},"57":{"start":{"line":58,"column":0},"end":{"line":58,"column":40}},"58":{"start":{"line":59,"column":0},"end":{"line":59,"column":26}},"59":{"start":{"line":60,"column":0},"end":{"line":60,"column":20}},"60":{"start":{"line":61,"column":0},"end":{"line":61,"column":27}},"61":{"start":{"line":62,"column":0},"end":{"line":62,"column":40}},"62":{"start":{"line":63,"column":0},"end":{"line":63,"column":35}},"63":{"start":{"line":64,"column":0},"end":{"line":64,"column":57}},"64":{"start":{"line":65,"column":0},"end":{"line":65,"column":77}},"65":{"start":{"line":66,"column":0},"end":{"line":66,"column":42}},"66":{"start":{"line":67,"column":0},"end":{"line":67,"column":49}},"67":{"start":{"line":68,"column":0},"end":{"line":68,"column":35}},"70":{"start":{"line":71,"column":0},"end":{"line":71,"column":37}},"71":{"start":{"line":72,"column":0},"end":{"line":72,"column":39}},"73":{"start":{"line":74,"column":0},"end":{"line":74,"column":31}},"74":{"start":{"line":75,"column":0},"end":{"line":75,"column":64}},"75":{"start":{"line":76,"column":0},"end":{"line":76,"column":64}},"76":{"start":{"line":77,"column":0},"end":{"line":77,"column":62}},"80":{"start":{"line":81,"column":0},"end":{"line":81,"column":17}},"83":{"start":{"line":84,"column":0},"end":{"line":84,"column":11}},"84":{"start":{"line":85,"column":0},"end":{"line":85,"column":32}},"87":{"start":{"line":88,"column":0},"end":{"line":88,"column":1}},"89":{"start":{"line":90,"column":0},"end":{"line":90,"column":23}}},"s":{"0":1,"1":1,"9":1,"11":0,"13":0,"15":0,"16":0,"18":0,"19":0,"20":0,"24":0,"26":0,"27":0,"28":0,"29":0,"30":0,"31":0,"35":0,"36":0,"37":0,"39":0,"40":0,"41":0,"42":0,"44":0,"45":0,"46":0,"47":0,"48":0,"49":0,"50":0,"51":0,"52":0,"57":0,"58":0,"59":0,"60":0,"61":0,"62":0,"63":0,"64":0,"65":0,"66":0,"67":0,"70":0,"71":0,"73":0,"74":0,"75":0,"76":0,"80":0,"83":0,"84":0,"87":0,"89":1},"branchMap":{},"b":{},"fnMap":{"0":{"name":"BarChart","decl":{"start":{"line":10,"column":17},"end":{"line":88,"column":1}},"loc":{"start":{"line":10,"column":17},"end":{"line":88,"column":1}},"line":10}},"f":{"0":0}}
,"/home/petertasca/Desktop/book-chat-app/frontend/src/components/BookCard/BookCard.tsx": {"path":"/home/petertasca/Desktop/book-chat-app/frontend/src/components/BookCard/BookCard.tsx","all":false,"statementMap":{"0":{"start":{"line":1,"column":0},"end":{"line":1,"column":60}},"1":{"start":{"line":2,"column":0},"end":{"line":2,"column":70}},"3":{"start":{"line":4,"column":0},"end":{"line":4,"column":23}},"11":{"start":{"line":12,"column":0},"end":{"line":12,"column":60}},"14":{"start":{"line":15,"column":0},"end":{"line":15,"column":48}},"16":{"start":{"line":17,"column":0},"end":{"line":17,"column":42}},"18":{"start":{"line":19,"column":0},"end":{"line":19,"column":38}},"20":{"start":{"line":21,"column":0},"end":{"line":21,"column":13}},"22":{"start":{"line":23,"column":0},"end":{"line":23,"column":42}},"23":{"start":{"line":24,"column":0},"end":{"line":24,"column":65}},"24":{"start":{"line":25,"column":0},"end":{"line":25,"column":13}},"26":{"start":{"line":27,"column":0},"end":{"line":27,"column":51}},"28":{"start":{"line":29,"column":0},"end":{"line":29,"column":22}},"29":{"start":{"line":30,"column":0},"end":{"line":30,"column":52}},"30":{"start":{"line":31,"column":0},"end":{"line":31,"column":9}},"32":{"start":{"line":33,"column":0},"end":{"line":33,"column":5}},"35":{"start":{"line":36,"column":0},"end":{"line":36,"column":11}},"36":{"start":{"line":37,"column":0},"end":{"line":37,"column":40}},"37":{"start":{"line":38,"column":0},"end":{"line":38,"column":41}},"38":{"start":{"line":39,"column":0},"end":{"line":39,"column":95}},"39":{"start":{"line":40,"column":0},"end":{"line":40,"column":104}},"40":{"start":{"line":41,"column":0},"end":{"line":41,"column":51}},"41":{"start":{"line":42,"column":0},"end":{"line":42,"column":32}},"42":{"start":{"line":43,"column":0},"end":{"line":43,"column":35}},"43":{"start":{"line":44,"column":0},"end":{"line":44,"column":22}},"44":{"start":{"line":45,"column":0},"end":{"line":45,"column":24}},"45":{"start":{"line":46,"column":0},"end":{"line":46,"column":44}},"46":{"start":{"line":47,"column":0},"end":{"line":47,"column":64}},"47":{"start":{"line":48,"column":0},"end":{"line":48,"column":56}},"48":{"start":{"line":49,"column":0},"end":{"line":49,"column":136}},"49":{"start":{"line":50,"column":0},"end":{"line":50,"column":19}},"50":{"start":{"line":51,"column":0},"end":{"line":51,"column":108}},"52":{"start":{"line":53,"column":0},"end":{"line":53,"column":18}},"53":{"start":{"line":54,"column":0},"end":{"line":54,"column":18}},"56":{"start":{"line":57,"column":0},"end":{"line":57,"column":1}},"58":{"start":{"line":59,"column":0},"end":{"line":59,"column":23}}},"s":{"0":1,"1":1,"3":1,"11":1,"14":0,"16":0,"18":0,"20":0,"22":0,"23":0,"24":0,"26":0,"28":0,"29":0,"30":0,"32":0,"35":0,"36":0,"37":0,"38":0,"39":0,"40":0,"41":0,"42":0,"43":0,"44":0,"45":0,"46":0,"47":0,"48":0,"49":0,"50":0,"52":0,"53":0,"56":0,"58":1},"branchMap":{},"b":{},"fnMap":{"0":{"name":"BookCard","decl":{"start":{"line":12,"column":17},"end":{"line":57,"column":1}},"loc":{"start":{"line":12,"column":17},"end":{"line":57,"column":1}},"line":12}},"f":{"0":0}}
,"/home/petertasca/Desktop/book-chat-app/frontend/src/components/BookclubHero/BookclubHero.tsx": {"path":"/home/petertasca/Desktop/book-chat-app/frontend/src/components/BookclubHero/BookclubHero.tsx","all":false,"statementMap":{"1":{"start":{"line":2,"column":0},"end":{"line":2,"column":69}},"2":{"start":{"line":3,"column":0},"end":{"line":3,"column":68}},"4":{"start":{"line":5,"column":0},"end":{"line":5,"column":27}},"11":{"start":{"line":12,"column":0},"end":{"line":12,"column":47}},"14":{"start":{"line":15,"column":0},"end":{"line":15,"column":12}},"15":{"start":{"line":16,"column":0},"end":{"line":16,"column":45}},"16":{"start":{"line":17,"column":0},"end":{"line":17,"column":49}},"17":{"start":{"line":18,"column":0},"end":{"line":18,"column":129}},"18":{"start":{"line":19,"column":0},"end":{"line":19,"column":51}},"19":{"start":{"line":20,"column":0},"end":{"line":20,"column":55}},"20":{"start":{"line":21,"column":0},"end":{"line":21,"column":45}},"21":{"start":{"line":22,"column":0},"end":{"line":22,"column":22}},"22":{"start":{"line":23,"column":0},"end":{"line":23,"column":18}},"25":{"start":{"line":26,"column":0},"end":{"line":26,"column":14}},"28":{"start":{"line":29,"column":0},"end":{"line":29,"column":1}},"31":{"start":{"line":32,"column":0},"end":{"line":32,"column":29}}},"s":{"1":1,"2":1,"4":1,"11":1,"14":11,"15":11,"16":11,"17":11,"18":11,"19":11,"20":11,"21":11,"22":11,"25":11,"28":11,"31":1},"branchMap":{"0":{"type":"branch","line":12,"loc":{"start":{"line":12,"column":23},"end":{"line":29,"column":1}},"locations":[{"start":{"line":12,"column":23},"end":{"line":29,"column":1}}]}},"b":{"0":[11]},"fnMap":{"0":{"name":"BookclubHeader","decl":{"start":{"line":12,"column":23},"end":{"line":29,"column":1}},"loc":{"start":{"line":12,"column":23},"end":{"line":29,"column":1}},"line":12}},"f":{"0":11}}
,"/home/petertasca/Desktop/book-chat-app/frontend/src/components/BookclubPage/BookclubPage.tsx": {"path":"/home/petertasca/Desktop/book-chat-app/frontend/src/components/BookclubPage/BookclubPage.tsx","all":false,"statementMap":{"0":{"start":{"line":1,"column":0},"end":{"line":1,"column":27}},"1":{"start":{"line":2,"column":0},"end":{"line":2,"column":34}},"2":{"start":{"line":3,"column":0},"end":{"line":3,"column":58}},"3":{"start":{"line":4,"column":0},"end":{"line":4,"column":68}},"4":{"start":{"line":5,"column":0},"end":{"line":5,"column":110}},"5":{"start":{"line":6,"column":0},"end":{"line":6,"column":58}},"6":{"start":{"line":7,"column":0},"end":{"line":7,"column":74}},"7":{"start":{"line":8,"column":0},"end":{"line":8,"column":57}},"8":{"start":{"line":9,"column":0},"end":{"line":9,"column":55}},"9":{"start":{"line":10,"column":0},"end":{"line":10,"column":52}},"10":{"start":{"line":11,"column":0},"end":{"line":11,"column":75}},"11":{"start":{"line":12,"column":0},"end":{"line":12,"column":55}},"12":{"start":{"line":13,"column":0},"end":{"line":13,"column":62}},"13":{"start":{"line":14,"column":0},"end":{"line":14,"column":67}},"14":{"start":{"line":15,"column":0},"end":{"line":15,"column":81}},"15":{"start":{"line":16,"column":0},"end":{"line":16,"column":66}},"16":{"start":{"line":17,"column":0},"end":{"line":17,"column":52}},"17":{"start":{"line":18,"column":0},"end":{"line":18,"column":78}},"18":{"start":{"line":19,"column":0},"end":{"line":19,"column":81}},"19":{"start":{"line":20,"column":0},"end":{"line":20,"column":46}},"20":{"start":{"line":21,"column":0},"end":{"line":21,"column":64}},"31":{"start":{"line":32,"column":0},"end":{"line":32,"column":28}},"33":{"start":{"line":34,"column":0},"end":{"line":34,"column":11}},"34":{"start":{"line":35,"column":0},"end":{"line":35,"column":17}},"35":{"start":{"line":36,"column":0},"end":{"line":36,"column":21}},"36":{"start":{"line":37,"column":0},"end":{"line":37,"column":15}},"37":{"start":{"line":38,"column":0},"end":{"line":38,"column":19}},"38":{"start":{"line":39,"column":0},"end":{"line":39,"column":17}},"39":{"start":{"line":40,"column":0},"end":{"line":40,"column":13}},"40":{"start":{"line":41,"column":0},"end":{"line":41,"column":25}},"42":{"start":{"line":43,"column":0},"end":{"line":43,"column":118}},"43":{"start":{"line":44,"column":0},"end":{"line":44,"column":98}},"46":{"start":{"line":47,"column":0},"end":{"line":47,"column":41}},"47":{"start":{"line":48,"column":0},"end":{"line":48,"column":70}},"48":{"start":{"line":49,"column":0},"end":{"line":49,"column":30}},"51":{"start":{"line":52,"column":0},"end":{"line":52,"column":11}},"54":{"start":{"line":55,"column":0},"end":{"line":55,"column":44}},"55":{"start":{"line":56,"column":0},"end":{"line":56,"column":47}},"56":{"start":{"line":57,"column":0},"end":{"line":57,"column":55}},"57":{"start":{"line":58,"column":0},"end":{"line":58,"column":31}},"58":{"start":{"line":59,"column":0},"end":{"line":59,"column":157}},"59":{"start":{"line":60,"column":0},"end":{"line":60,"column":160}},"60":{"start":{"line":61,"column":0},"end":{"line":61,"column":67}},"61":{"start":{"line":62,"column":0},"end":{"line":62,"column":39}},"62":{"start":{"line":63,"column":0},"end":{"line":63,"column":66}},"63":{"start":{"line":64,"column":0},"end":{"line":64,"column":47}},"64":{"start":{"line":65,"column":0},"end":{"line":65,"column":59}},"65":{"start":{"line":66,"column":0},"end":{"line":66,"column":23}},"66":{"start":{"line":67,"column":0},"end":{"line":67,"column":32}},"67":{"start":{"line":68,"column":0},"end":{"line":68,"column":52}},"69":{"start":{"line":70,"column":0},"end":{"line":70,"column":160}},"70":{"start":{"line":71,"column":0},"end":{"line":71,"column":38}},"71":{"start":{"line":72,"column":0},"end":{"line":72,"column":51}},"72":{"start":{"line":73,"column":0},"end":{"line":73,"column":43}},"73":{"start":{"line":74,"column":0},"end":{"line":74,"column":43}},"74":{"start":{"line":75,"column":0},"end":{"line":75,"column":49}},"75":{"start":{"line":76,"column":0},"end":{"line":76,"column":22}},"76":{"start":{"line":77,"column":0},"end":{"line":77,"column":55}},"77":{"start":{"line":78,"column":0},"end":{"line":78,"column":37}},"78":{"start":{"line":79,"column":0},"end":{"line":79,"column":41}},"79":{"start":{"line":80,"column":0},"end":{"line":80,"column":38}},"80":{"start":{"line":81,"column":0},"end":{"line":81,"column":47}},"81":{"start":{"line":82,"column":0},"end":{"line":82,"column":55}},"82":{"start":{"line":83,"column":0},"end":{"line":83,"column":59}},"83":{"start":{"line":84,"column":0},"end":{"line":84,"column":26}},"84":{"start":{"line":85,"column":0},"end":{"line":85,"column":75}},"85":{"start":{"line":86,"column":0},"end":{"line":86,"column":38}},"86":{"start":{"line":87,"column":0},"end":{"line":87,"column":31}},"87":{"start":{"line":88,"column":0},"end":{"line":88,"column":18}},"88":{"start":{"line":89,"column":0},"end":{"line":89,"column":14}},"90":{"start":{"line":91,"column":0},"end":{"line":91,"column":1}},"93":{"start":{"line":94,"column":0},"end":{"line":94,"column":27}}},"s":{"0":1,"1":1,"2":1,"3":1,"4":1,"5":1,"6":1,"7":1,"8":1,"9":1,"10":1,"11":1,"12":1,"13":1,"14":1,"15":1,"16":1,"17":1,"18":1,"19":1,"20":1,"31":1,"33":14,"34":14,"35":14,"36":14,"37":14,"38":14,"39":14,"40":14,"42":14,"43":14,"46":14,"47":14,"48":14,"51":11,"54":11,"55":11,"56":11,"57":11,"58":11,"59":14,"60":14,"61":3,"62":3,"63":3,"64":3,"65":3,"66":14,"67":14,"69":14,"70":14,"71":14,"72":14,"73":14,"74":14,"75":14,"76":14,"77":14,"78":14,"79":14,"80":14,"81":14,"82":14,"83":14,"84":14,"85":14,"86":14,"87":14,"88":14,"90":14,"93":1},"branchMap":{"0":{"type":"branch","line":32,"loc":{"start":{"line":32,"column":21},"end":{"line":91,"column":1}},"locations":[{"start":{"line":32,"column":21},"end":{"line":91,"column":1}}]},"1":{"type":"branch","line":47,"loc":{"start":{"line":47,"column":19},"end":{"line":47,"column":41}},"locations":[{"start":{"line":47,"column":19},"end":{"line":47,"column":41}}]},"2":{"type":"branch","line":47,"loc":{"start":{"line":47,"column":39},"end":{"line":48,"column":24}},"locations":[{"start":{"line":47,"column":39},"end":{"line":48,"column":24}}]},"3":{"type":"branch","line":48,"loc":{"start":{"line":48,"column":17},"end":{"line":48,"column":70}},"locations":[{"start":{"line":48,"column":17},"end":{"line":48,"column":70}}]},"4":{"type":"branch","line":48,"loc":{"start":{"line":48,"column":55},"end":{"line":49,"column":25}},"locations":[{"start":{"line":48,"column":55},"end":{"line":49,"column":25}}]},"5":{"type":"branch","line":49,"loc":{"start":{"line":49,"column":18},"end":{"line":49,"column":30}},"locations":[{"start":{"line":49,"column":18},"end":{"line":49,"column":30}}]},"6":{"type":"branch","line":49,"loc":{"start":{"line":49,"column":25},"end":{"line":60,"column":70}},"locations":[{"start":{"line":49,"column":25},"end":{"line":60,"column":70}}]},"7":{"type":"branch","line":60,"loc":{"start":{"line":60,"column":48},"end":{"line":60,"column":160}},"locations":[{"start":{"line":60,"column":48},"end":{"line":60,"column":160}}]},"8":{"type":"branch","line":61,"loc":{"start":{"line":61,"column":48},"end":{"line":66,"column":23}},"locations":[{"start":{"line":61,"column":48},"end":{"line":66,"column":23}}]},"9":{"type":"branch","line":65,"loc":{"start":{"line":65,"column":41},"end":{"line":65,"column":59}},"locations":[{"start":{"line":65,"column":41},"end":{"line":65,"column":59}}]},"10":{"type":"branch","line":74,"loc":{"start":{"line":74,"column":31},"end":{"line":74,"column":43}},"locations":[{"start":{"line":74,"column":31},"end":{"line":74,"column":43}}]},"11":{"type":"branch","line":75,"loc":{"start":{"line":75,"column":36},"end":{"line":75,"column":49}},"locations":[{"start":{"line":75,"column":36},"end":{"line":75,"column":49}}]},"12":{"type":"branch","line":83,"loc":{"start":{"line":83,"column":41},"end":{"line":83,"column":59}},"locations":[{"start":{"line":83,"column":41},"end":{"line":83,"column":59}}]}},"b":{"0":[14],"1":[1],"2":[13],"3":[1],"4":[12],"5":[1],"6":[11],"7":[2],"8":[3],"9":[0],"10":[1],"11":[11],"12":[1]},"fnMap":{"0":{"name":"BookclubPage","decl":{"start":{"line":32,"column":21},"end":{"line":91,"column":1}},"loc":{"start":{"line":32,"column":21},"end":{"line":91,"column":1}},"line":32}},"f":{"0":14}}
,"/home/petertasca/Desktop/book-chat-app/frontend/src/components/BookshelfDisplay/BookshelfDisplay.tsx": {"path":"/home/petertasca/Desktop/book-chat-app/frontend/src/components/BookshelfDisplay/BookshelfDisplay.tsx","all":false,"statementMap":{"1":{"start":{"line":2,"column":0},"end":{"line":2,"column":43}},"2":{"start":{"line":3,"column":0},"end":{"line":3,"column":45}},"3":{"start":{"line":4,"column":0},"end":{"line":4,"column":52}},"4":{"start":{"line":5,"column":0},"end":{"line":5,"column":37}},"5":{"start":{"line":6,"column":0},"end":{"line":6,"column":45}},"6":{"start":{"line":7,"column":0},"end":{"line":7,"column":68}},"7":{"start":{"line":8,"column":0},"end":{"line":8,"column":37}},"8":{"start":{"line":9,"column":0},"end":{"line":9,"column":68}},"9":{"start":{"line":10,"column":0},"end":{"line":10,"column":31}},"20":{"start":{"line":21,"column":0},"end":{"line":21,"column":51}},"22":{"start":{"line":23,"column":0},"end":{"line":23,"column":57}},"25":{"start":{"line":26,"column":0},"end":{"line":26,"column":31}},"26":{"start":{"line":27,"column":0},"end":{"line":27,"column":104}},"27":{"start":{"line":28,"column":0},"end":{"line":28,"column":44}},"29":{"start":{"line":30,"column":0},"end":{"line":30,"column":50}},"31":{"start":{"line":32,"column":0},"end":{"line":32,"column":13}},"33":{"start":{"line":34,"column":0},"end":{"line":34,"column":45}},"34":{"start":{"line":35,"column":0},"end":{"line":35,"column":57}},"36":{"start":{"line":37,"column":0},"end":{"line":37,"column":13}},"38":{"start":{"line":39,"column":0},"end":{"line":39,"column":75}},"40":{"start":{"line":41,"column":0},"end":{"line":41,"column":27}},"41":{"start":{"line":42,"column":0},"end":{"line":42,"column":48}},"42":{"start":{"line":43,"column":0},"end":{"line":43,"column":51}},"43":{"start":{"line":44,"column":0},"end":{"line":44,"column":49}},"46":{"start":{"line":47,"column":0},"end":{"line":47,"column":9}},"48":{"start":{"line":49,"column":0},"end":{"line":49,"column":5}},"51":{"start":{"line":52,"column":0},"end":{"line":52,"column":11}},"52":{"start":{"line":53,"column":0},"end":{"line":53,"column":49}},"54":{"start":{"line":55,"column":0},"end":{"line":55,"column":19}},"55":{"start":{"line":56,"column":0},"end":{"line":56,"column":57}},"56":{"start":{"line":57,"column":0},"end":{"line":57,"column":89}},"57":{"start":{"line":58,"column":0},"end":{"line":58,"column":36}},"58":{"start":{"line":59,"column":0},"end":{"line":59,"column":38}},"60":{"start":{"line":61,"column":0},"end":{"line":61,"column":47}},"61":{"start":{"line":62,"column":0},"end":{"line":62,"column":36}},"62":{"start":{"line":63,"column":0},"end":{"line":63,"column":50}},"63":{"start":{"line":64,"column":0},"end":{"line":64,"column":55}},"64":{"start":{"line":65,"column":0},"end":{"line":65,"column":44}},"65":{"start":{"line":66,"column":0},"end":{"line":66,"column":58}},"66":{"start":{"line":67,"column":0},"end":{"line":67,"column":22}},"70":{"start":{"line":71,"column":0},"end":{"line":71,"column":21}},"72":{"start":{"line":73,"column":0},"end":{"line":73,"column":49}},"73":{"start":{"line":74,"column":0},"end":{"line":74,"column":51}},"74":{"start":{"line":75,"column":0},"end":{"line":75,"column":27}},"75":{"start":{"line":76,"column":0},"end":{"line":76,"column":27}},"76":{"start":{"line":77,"column":0},"end":{"line":77,"column":61}},"77":{"start":{"line":78,"column":0},"end":{"line":78,"column":48}},"79":{"start":{"line":80,"column":0},"end":{"line":80,"column":89}},"80":{"start":{"line":81,"column":0},"end":{"line":81,"column":29}},"82":{"start":{"line":83,"column":0},"end":{"line":83,"column":19}},"83":{"start":{"line":84,"column":0},"end":{"line":84,"column":17}},"84":{"start":{"line":85,"column":0},"end":{"line":85,"column":18}},"87":{"start":{"line":88,"column":0},"end":{"line":88,"column":1}},"89":{"start":{"line":90,"column":0},"end":{"line":90,"column":31}}},"s":{"1":1,"2":1,"3":1,"4":1,"5":1,"6":1,"7":1,"8":1,"9":1,"20":1,"22":5,"25":5,"26":5,"27":5,"29":5,"31":0,"33":0,"34":0,"36":0,"38":0,"40":0,"41":0,"42":0,"43":0,"46":0,"48":0,"51":5,"52":5,"54":5,"55":5,"56":5,"57":5,"58":5,"60":5,"61":5,"62":5,"63":5,"64":5,"65":5,"66":5,"70":5,"72":5,"73":5,"74":0,"75":0,"76":0,"77":0,"79":0,"80":0,"82":5,"83":5,"84":5,"87":5,"89":1},"branchMap":{"0":{"type":"branch","line":21,"loc":{"start":{"line":21,"column":25},"end":{"line":88,"column":1}},"locations":[{"start":{"line":21,"column":25},"end":{"line":88,"column":1}}]},"1":{"type":"branch","line":57,"loc":{"start":{"line":57,"column":24},"end":{"line":57,"column":89}},"locations":[{"start":{"line":57,"column":24},"end":{"line":57,"column":89}}]},"2":{"type":"branch","line":61,"loc":{"start":{"line":61,"column":17},"end":{"line":67,"column":22}},"locations":[{"start":{"line":61,"column":17},"end":{"line":67,"column":22}}]}},"b":{"0":[5],"1":[5],"2":[5]},"fnMap":{"0":{"name":"BookshelfDisplay","decl":{"start":{"line":21,"column":25},"end":{"line":88,"column":1}},"loc":{"start":{"line":21,"column":25},"end":{"line":88,"column":1}},"line":21},"1":{"name":"addBook","decl":{"start":{"line":30,"column":20},"end":{"line":49,"column":5}},"loc":{"start":{"line":30,"column":20},"end":{"line":49,"column":5}},"line":30},"2":{"name":"button","decl":{"start":{"line":57,"column":24},"end":{"line":57,"column":89}},"loc":{"start":{"line":57,"column":24},"end":{"line":57,"column":89}},"line":57},"3":{"name":"children","decl":{"start":{"line":61,"column":17},"end":{"line":67,"column":22}},"loc":{"start":{"line":61,"column":17},"end":{"line":67,"column":22}},"line":61}},"f":{"0":5,"1":0,"2":5,"3":5}}
,"/home/petertasca/Desktop/book-chat-app/frontend/src/components/BookshelfDropdown/BookshelfDropdown.tsx": {"path":"/home/petertasca/Desktop/book-chat-app/frontend/src/components/BookshelfDropdown/BookshelfDropdown.tsx","all":false,"statementMap":{"0":{"start":{"line":1,"column":0},"end":{"line":1,"column":32}},"2":{"start":{"line":3,"column":0},"end":{"line":3,"column":43}},"9":{"start":{"line":10,"column":0},"end":{"line":10,"column":78}},"11":{"start":{"line":12,"column":0},"end":{"line":12,"column":64}},"17":{"start":{"line":18,"column":0},"end":{"line":18,"column":12}},"18":{"start":{"line":19,"column":0},"end":{"line":19,"column":35}},"19":{"start":{"line":20,"column":0},"end":{"line":20,"column":45}},"20":{"start":{"line":21,"column":0},"end":{"line":21,"column":83}},"21":{"start":{"line":22,"column":0},"end":{"line":22,"column":27}},"22":{"start":{"line":23,"column":0},"end":{"line":23,"column":54}},"23":{"start":{"line":24,"column":0},"end":{"line":24,"column":52}},"24":{"start":{"line":25,"column":0},"end":{"line":25,"column":62}},"25":{"start":{"line":26,"column":0},"end":{"line":26,"column":60}},"28":{"start":{"line":29,"column":0},"end":{"line":29,"column":36}},"29":{"start":{"line":30,"column":0},"end":{"line":30,"column":29}},"30":{"start":{"line":31,"column":0},"end":{"line":31,"column":21}},"31":{"start":{"line":32,"column":0},"end":{"line":32,"column":24}},"32":{"start":{"line":33,"column":0},"end":{"line":33,"column":48}},"33":{"start":{"line":34,"column":0},"end":{"line":34,"column":57}},"34":{"start":{"line":35,"column":0},"end":{"line":35,"column":47}},"35":{"start":{"line":36,"column":0},"end":{"line":36,"column":60}},"36":{"start":{"line":37,"column":0},"end":{"line":37,"column":38}},"37":{"start":{"line":38,"column":0},"end":{"line":38,"column":33}},"39":{"start":{"line":40,"column":0},"end":{"line":40,"column":33}},"41":{"start":{"line":42,"column":0},"end":{"line":42,"column":25}},"42":{"start":{"line":43,"column":0},"end":{"line":43,"column":18}},"43":{"start":{"line":44,"column":0},"end":{"line":44,"column":14}},"47":{"start":{"line":48,"column":0},"end":{"line":48,"column":1}},"49":{"start":{"line":50,"column":0},"end":{"line":50,"column":32}}},"s":{"0":1,"2":1,"9":1,"11":11,"17":11,"18":11,"19":11,"20":11,"21":11,"22":11,"23":11,"24":11,"25":11,"28":11,"29":11,"30":11,"31":11,"32":11,"33":11,"34":11,"35":11,"36":11,"37":11,"39":11,"41":11,"42":11,"43":11,"47":11,"49":1},"branchMap":{"0":{"type":"branch","line":10,"loc":{"start":{"line":10,"column":26},"end":{"line":48,"column":1}},"locations":[{"start":{"line":10,"column":26},"end":{"line":48,"column":1}}]}},"b":{"0":[11]},"fnMap":{"0":{"name":"BookshelfDropdown","decl":{"start":{"line":10,"column":26},"end":{"line":48,"column":1}},"loc":{"start":{"line":10,"column":26},"end":{"line":48,"column":1}},"line":10}},"f":{"0":11}}
,"/home/petertasca/Desktop/book-chat-app/frontend/src/components/BookshelfTabs/BookshelfTabs.tsx": {"path":"/home/petertasca/Desktop/book-chat-app/frontend/src/components/BookshelfTabs/BookshelfTabs.tsx","all":false,"statementMap":{"0":{"start":{"line":1,"column":0},"end":{"line":1,"column":70}},"1":{"start":{"line":2,"column":0},"end":{"line":2,"column":60}},"3":{"start":{"line":4,"column":0},"end":{"line":4,"column":44}},"5":{"start":{"line":6,"column":0},"end":{"line":6,"column":44}},"6":{"start":{"line":7,"column":0},"end":{"line":7,"column":28}},"15":{"start":{"line":16,"column":0},"end":{"line":16,"column":73}},"17":{"start":{"line":18,"column":0},"end":{"line":18,"column":43}},"19":{"start":{"line":20,"column":0},"end":{"line":20,"column":38}},"21":{"start":{"line":22,"column":0},"end":{"line":22,"column":11}},"22":{"start":{"line":23,"column":0},"end":{"line":23,"column":46}},"23":{"start":{"line":24,"column":0},"end":{"line":24,"column":52}},"24":{"start":{"line":25,"column":0},"end":{"line":25,"column":20}},"25":{"start":{"line":26,"column":0},"end":{"line":26,"column":38}},"26":{"start":{"line":27,"column":0},"end":{"line":27,"column":110}},"27":{"start":{"line":28,"column":0},"end":{"line":28,"column":96}},"29":{"start":{"line":30,"column":0},"end":{"line":30,"column":96}},"30":{"start":{"line":31,"column":0},"end":{"line":31,"column":75}},"31":{"start":{"line":32,"column":0},"end":{"line":32,"column":24}},"32":{"start":{"line":33,"column":0},"end":{"line":33,"column":21}},"33":{"start":{"line":34,"column":0},"end":{"line":34,"column":15}},"34":{"start":{"line":35,"column":0},"end":{"line":35,"column":13}},"38":{"start":{"line":39,"column":0},"end":{"line":39,"column":1}},"40":{"start":{"line":41,"column":0},"end":{"line":41,"column":70}},"42":{"start":{"line":43,"column":0},"end":{"line":43,"column":108}},"46":{"start":{"line":47,"column":0},"end":{"line":47,"column":11}},"47":{"start":{"line":48,"column":0},"end":{"line":48,"column":10}},"48":{"start":{"line":49,"column":0},"end":{"line":49,"column":51}},"49":{"start":{"line":50,"column":0},"end":{"line":50,"column":19}},"50":{"start":{"line":51,"column":0},"end":{"line":51,"column":136}},"51":{"start":{"line":52,"column":0},"end":{"line":52,"column":102}},"52":{"start":{"line":53,"column":0},"end":{"line":53,"column":17}},"54":{"start":{"line":55,"column":0},"end":{"line":55,"column":156}},"55":{"start":{"line":56,"column":0},"end":{"line":56,"column":20}},"56":{"start":{"line":57,"column":0},"end":{"line":57,"column":102}},"57":{"start":{"line":58,"column":0},"end":{"line":58,"column":32}},"58":{"start":{"line":59,"column":0},"end":{"line":59,"column":11}},"61":{"start":{"line":62,"column":0},"end":{"line":62,"column":1}},"63":{"start":{"line":64,"column":0},"end":{"line":64,"column":28}}},"s":{"0":1,"1":1,"3":1,"5":1,"6":1,"15":1,"17":11,"19":11,"21":8,"22":8,"23":8,"24":16,"25":16,"26":16,"27":16,"29":16,"30":16,"31":16,"32":16,"33":8,"34":8,"38":8,"40":1,"42":11,"46":11,"47":11,"48":11,"49":11,"50":11,"51":11,"52":11,"54":11,"55":11,"56":11,"57":11,"58":11,"61":11,"63":1},"branchMap":{"0":{"type":"branch","line":16,"loc":{"start":{"line":16,"column":25},"end":{"line":39,"column":1}},"locations":[{"start":{"line":16,"column":25},"end":{"line":39,"column":1}}]},"1":{"type":"branch","line":20,"loc":{"start":{"line":20,"column":32},"end":{"line":20,"column":38}},"locations":[{"start":{"line":20,"column":32},"end":{"line":20,"column":38}}]},"2":{"type":"branch","line":20,"loc":{"start":{"line":20,"column":32},"end":{"line":39,"column":1}},"locations":[{"start":{"line":20,"column":32},"end":{"line":39,"column":1}}]},"3":{"type":"branch","line":24,"loc":{"start":{"line":24,"column":29},"end":{"line":33,"column":21}},"locations":[{"start":{"line":24,"column":29},"end":{"line":33,"column":21}}]},"4":{"type":"branch","line":28,"loc":{"start":{"line":28,"column":76},"end":{"line":28,"column":93}},"locations":[{"start":{"line":28,"column":76},"end":{"line":28,"column":93}}]},"5":{"type":"branch","line":28,"loc":{"start":{"line":28,"column":82},"end":{"line":28,"column":96}},"locations":[{"start":{"line":28,"column":82},"end":{"line":28,"column":96}}]},"6":{"type":"branch","line":31,"loc":{"start":{"line":31,"column":43},"end":{"line":31,"column":60}},"locations":[{"start":{"line":31,"column":43},"end":{"line":31,"column":60}}]},"7":{"type":"branch","line":27,"loc":{"start":{"line":27,"column":29},"end":{"line":27,"column":110}},"locations":[{"start":{"line":27,"column":29},"end":{"line":27,"column":110}}]},"8":{"type":"branch","line":41,"loc":{"start":{"line":41,"column":22},"end":{"line":62,"column":1}},"locations":[{"start":{"line":41,"column":22},"end":{"line":62,"column":1}}]},"9":{"type":"branch","line":51,"loc":{"start":{"line":51,"column":70},"end":{"line":51,"column":120}},"locations":[{"start":{"line":51,"column":70},"end":{"line":51,"column":120}}]},"10":{"type":"branch","line":51,"loc":{"start":{"line":51,"column":115},"end":{"line":51,"column":131}},"locations":[{"start":{"line":51,"column":115},"end":{"line":51,"column":131}}]},"11":{"type":"branch","line":52,"loc":{"start":{"line":52,"column":30},"end":{"line":52,"column":102}},"locations":[{"start":{"line":52,"column":30},"end":{"line":52,"column":102}}]},"12":{"type":"branch","line":55,"loc":{"start":{"line":55,"column":83},"end":{"line":55,"column":134}},"locations":[{"start":{"line":55,"column":83},"end":{"line":55,"column":134}}]}},"b":{"0":[11],"1":[3],"2":[8],"3":[16],"4":[3],"5":[13],"6":[0],"7":[2],"8":[11],"9":[3],"10":[0],"11":[3],"12":[1]},"fnMap":{"0":{"name":"BookshelfButtons","decl":{"start":{"line":16,"column":25},"end":{"line":39,"column":1}},"loc":{"start":{"line":16,"column":25},"end":{"line":39,"column":1}},"line":16},"1":{"name":"onClick","decl":{"start":{"line":27,"column":29},"end":{"line":27,"column":110}},"loc":{"start":{"line":27,"column":29},"end":{"line":27,"column":110}},"line":27},"2":{"name":"BookshelfTabs","decl":{"start":{"line":41,"column":22},"end":{"line":62,"column":1}},"loc":{"start":{"line":41,"column":22},"end":{"line":62,"column":1}},"line":41},"3":{"name":"onClick","decl":{"start":{"line":52,"column":30},"end":{"line":52,"column":102}},"loc":{"start":{"line":52,"column":30},"end":{"line":52,"column":102}},"line":52},"4":{"name":"onClick","decl":{"start":{"line":55,"column":83},"end":{"line":55,"column":134}},"loc":{"start":{"line":55,"column":83},"end":{"line":55,"column":134}},"line":55}},"f":{"0":11,"1":2,"2":11,"3":3,"4":1}}
,"/home/petertasca/Desktop/book-chat-app/frontend/src/components/Buttons/Button/Button.tsx": {"path":"/home/petertasca/Desktop/book-chat-app/frontend/src/components/Buttons/Button/Button.tsx","all":false,"statementMap":{"0":{"start":{"line":1,"column":0},"end":{"line":1,"column":21}},"7":{"start":{"line":8,"column":0},"end":{"line":8,"column":55}},"8":{"start":{"line":9,"column":0},"end":{"line":9,"column":11}},"9":{"start":{"line":10,"column":0},"end":{"line":10,"column":55}},"10":{"start":{"line":11,"column":0},"end":{"line":11,"column":22}},"12":{"start":{"line":13,"column":0},"end":{"line":13,"column":17}},"14":{"start":{"line":15,"column":0},"end":{"line":15,"column":1}},"16":{"start":{"line":17,"column":0},"end":{"line":17,"column":21}}},"s":{"0":1,"7":1,"8":37,"9":37,"10":37,"12":37,"14":37,"16":1},"branchMap":{"0":{"type":"branch","line":8,"loc":{"start":{"line":8,"column":15},"end":{"line":15,"column":1}},"locations":[{"start":{"line":8,"column":15},"end":{"line":15,"column":1}}]}},"b":{"0":[37]},"fnMap":{"0":{"name":"Button","decl":{"start":{"line":8,"column":15},"end":{"line":15,"column":1}},"loc":{"start":{"line":8,"column":15},"end":{"line":15,"column":1}},"line":8}},"f":{"0":37}}
,"/home/petertasca/Desktop/book-chat-app/frontend/src/components/Buttons/CloseUserMobileNav/CloseUserMobileNav.tsx": {"path":"/home/petertasca/Desktop/book-chat-app/frontend/src/components/Buttons/CloseUserMobileNav/CloseUserMobileNav.tsx","all":false,"statementMap":{"2":{"start":{"line":3,"column":0},"end":{"line":3,"column":33}},"11":{"start":{"line":12,"column":0},"end":{"line":12,"column":75}},"16":{"start":{"line":17,"column":0},"end":{"line":17,"column":11}},"17":{"start":{"line":18,"column":0},"end":{"line":18,"column":16}},"18":{"start":{"line":19,"column":0},"end":{"line":19,"column":81}},"19":{"start":{"line":20,"column":0},"end":{"line":20,"column":44}},"20":{"start":{"line":21,"column":0},"end":{"line":21,"column":43}},"21":{"start":{"line":22,"column":0},"end":{"line":22,"column":28}},"22":{"start":{"line":23,"column":0},"end":{"line":23,"column":73}},"23":{"start":{"line":24,"column":0},"end":{"line":24,"column":97}},"24":{"start":{"line":25,"column":0},"end":{"line":25,"column":14}},"26":{"start":{"line":27,"column":0},"end":{"line":27,"column":22}},"28":{"start":{"line":29,"column":0},"end":{"line":29,"column":17}},"31":{"start":{"line":32,"column":0},"end":{"line":32,"column":1}},"33":{"start":{"line":34,"column":0},"end":{"line":34,"column":33}}},"s":{"2":1,"11":1,"16":11,"17":11,"18":11,"19":11,"20":11,"21":11,"22":0,"23":0,"24":0,"26":11,"28":11,"31":11,"33":1},"branchMap":{"0":{"type":"branch","line":12,"loc":{"start":{"line":12,"column":27},"end":{"line":32,"column":1}},"locations":[{"start":{"line":12,"column":27},"end":{"line":32,"column":1}}]},"1":{"type":"branch","line":19,"loc":{"start":{"line":19,"column":58},"end":{"line":19,"column":76}},"locations":[{"start":{"line":19,"column":58},"end":{"line":19,"column":76}}]}},"b":{"0":[11],"1":[0]},"fnMap":{"0":{"name":"CloseUserMobileNav","decl":{"start":{"line":12,"column":27},"end":{"line":32,"column":1}},"loc":{"start":{"line":12,"column":27},"end":{"line":32,"column":1}},"line":12},"1":{"name":"onClick","decl":{"start":{"line":22,"column":21},"end":{"line":25,"column":14}},"loc":{"start":{"line":22,"column":21},"end":{"line":25,"column":14}},"line":22}},"f":{"0":11,"1":0}}
,"/home/petertasca/Desktop/book-chat-app/frontend/src/components/Buttons/ModalButtons/ModalButtons.tsx": {"path":"/home/petertasca/Desktop/book-chat-app/frontend/src/components/Buttons/ModalButtons/ModalButtons.tsx","all":false,"statementMap":{"0":{"start":{"line":1,"column":0},"end":{"line":1,"column":27}},"1":{"start":{"line":2,"column":0},"end":{"line":2,"column":37}},"10":{"start":{"line":11,"column":0},"end":{"line":11,"column":80}},"12":{"start":{"line":13,"column":0},"end":{"line":13,"column":12}},"13":{"start":{"line":14,"column":0},"end":{"line":14,"column":40}},"14":{"start":{"line":15,"column":0},"end":{"line":15,"column":56}},"15":{"start":{"line":16,"column":0},"end":{"line":16,"column":52}},"16":{"start":{"line":17,"column":0},"end":{"line":17,"column":64}},"17":{"start":{"line":18,"column":0},"end":{"line":18,"column":21}},"18":{"start":{"line":19,"column":0},"end":{"line":19,"column":14}},"20":{"start":{"line":21,"column":0},"end":{"line":21,"column":1}},"22":{"start":{"line":23,"column":0},"end":{"line":23,"column":27}}},"s":{"0":1,"1":1,"10":1,"12":5,"13":5,"14":5,"15":5,"16":5,"17":5,"18":5,"20":5,"22":1},"branchMap":{"0":{"type":"branch","line":11,"loc":{"start":{"line":11,"column":21},"end":{"line":21,"column":1}},"locations":[{"start":{"line":11,"column":21},"end":{"line":21,"column":1}}]},"1":{"type":"branch","line":17,"loc":{"start":{"line":17,"column":17},"end":{"line":17,"column":55}},"locations":[{"start":{"line":17,"column":17},"end":{"line":17,"column":55}}]}},"b":{"0":[5],"1":[0]},"fnMap":{"0":{"name":"ModalButtons","decl":{"start":{"line":11,"column":21},"end":{"line":21,"column":1}},"loc":{"start":{"line":11,"column":21},"end":{"line":21,"column":1}},"line":11},"1":{"name":"onClick","decl":{"start":{"line":16,"column":29},"end":{"line":16,"column":52}},"loc":{"start":{"line":16,"column":29},"end":{"line":16,"column":52}},"line":16}},"f":{"0":5,"1":0}}
,"/home/petertasca/Desktop/book-chat-app/frontend/src/components/Buttons/OpenUserMobileNav/OpenUserMobileNav.tsx": {"path":"/home/petertasca/Desktop/book-chat-app/frontend/src/components/Buttons/OpenUserMobileNav/OpenUserMobileNav.tsx","all":false,"statementMap":{"2":{"start":{"line":3,"column":0},"end":{"line":3,"column":32}},"12":{"start":{"line":13,"column":0},"end":{"line":13,"column":74}},"15":{"start":{"line":16,"column":0},"end":{"line":16,"column":11}},"16":{"start":{"line":17,"column":0},"end":{"line":17,"column":10}},"17":{"start":{"line":18,"column":0},"end":{"line":18,"column":20}},"18":{"start":{"line":19,"column":0},"end":{"line":19,"column":85}},"19":{"start":{"line":20,"column":0},"end":{"line":20,"column":85}},"21":{"start":{"line":22,"column":0},"end":{"line":22,"column":26}},"22":{"start":{"line":23,"column":0},"end":{"line":23,"column":23}},"23":{"start":{"line":24,"column":0},"end":{"line":24,"column":11}},"26":{"start":{"line":27,"column":0},"end":{"line":27,"column":1}},"28":{"start":{"line":29,"column":0},"end":{"line":29,"column":32}}},"s":{"2":1,"12":1,"15":11,"16":11,"17":11,"18":11,"19":11,"21":11,"22":11,"23":11,"26":11,"28":1},"branchMap":{"0":{"type":"branch","line":13,"loc":{"start":{"line":13,"column":26},"end":{"line":27,"column":1}},"locations":[{"start":{"line":13,"column":26},"end":{"line":27,"column":1}}]},"1":{"type":"branch","line":19,"loc":{"start":{"line":19,"column":61},"end":{"line":19,"column":79}},"locations":[{"start":{"line":19,"column":61},"end":{"line":19,"column":79}}]}},"b":{"0":[11],"1":[0]},"fnMap":{"0":{"name":"OpenUserMobileNav","decl":{"start":{"line":13,"column":26},"end":{"line":27,"column":1}},"loc":{"start":{"line":13,"column":26},"end":{"line":27,"column":1}},"line":13},"1":{"name":"onClick","decl":{"start":{"line":20,"column":25},"end":{"line":20,"column":85}},"loc":{"start":{"line":20,"column":25},"end":{"line":20,"column":85}},"line":20}},"f":{"0":11,"1":0}}
,"/home/petertasca/Desktop/book-chat-app/frontend/src/components/DashboardMain/DashboardMain.tsx": {"path":"/home/petertasca/Desktop/book-chat-app/frontend/src/components/DashboardMain/DashboardMain.tsx","all":false,"statementMap":{"3":{"start":{"line":4,"column":0},"end":{"line":4,"column":28}},"11":{"start":{"line":12,"column":0},"end":{"line":12,"column":47}},"14":{"start":{"line":15,"column":0},"end":{"line":15,"column":11}},"16":{"start":{"line":17,"column":0},"end":{"line":17,"column":41}},"17":{"start":{"line":18,"column":0},"end":{"line":18,"column":22}},"18":{"start":{"line":19,"column":0},"end":{"line":19,"column":15}},"21":{"start":{"line":22,"column":0},"end":{"line":22,"column":1}},"23":{"start":{"line":24,"column":0},"end":{"line":24,"column":28}}},"s":{"3":1,"11":1,"14":11,"16":11,"17":11,"18":11,"21":11,"23":1},"branchMap":{"0":{"type":"branch","line":12,"loc":{"start":{"line":12,"column":22},"end":{"line":22,"column":1}},"locations":[{"start":{"line":12,"column":22},"end":{"line":22,"column":1}}]}},"b":{"0":[11]},"fnMap":{"0":{"name":"DashboardMain","decl":{"start":{"line":12,"column":22},"end":{"line":22,"column":1}},"loc":{"start":{"line":12,"column":22},"end":{"line":22,"column":1}},"line":12}},"f":{"0":11}}
,"/home/petertasca/Desktop/book-chat-app/frontend/src/components/DashboardNav/DashboardNav.tsx": {"path":"/home/petertasca/Desktop/book-chat-app/frontend/src/components/DashboardNav/DashboardNav.tsx","all":false,"statementMap":{"2":{"start":{"line":3,"column":0},"end":{"line":3,"column":27}},"10":{"start":{"line":11,"column":0},"end":{"line":11,"column":56}},"12":{"start":{"line":13,"column":0},"end":{"line":13,"column":11}},"13":{"start":{"line":14,"column":0},"end":{"line":14,"column":116}},"14":{"start":{"line":15,"column":0},"end":{"line":15,"column":22}},"15":{"start":{"line":16,"column":0},"end":{"line":16,"column":16}},"17":{"start":{"line":18,"column":0},"end":{"line":18,"column":1}},"19":{"start":{"line":20,"column":0},"end":{"line":20,"column":27}}},"s":{"2":1,"10":1,"12":11,"13":11,"14":11,"15":11,"17":11,"19":1},"branchMap":{"0":{"type":"branch","line":11,"loc":{"start":{"line":11,"column":21},"end":{"line":18,"column":1}},"locations":[{"start":{"line":11,"column":21},"end":{"line":18,"column":1}}]},"1":{"type":"branch","line":14,"loc":{"start":{"line":14,"column":56},"end":{"line":14,"column":73}},"locations":[{"start":{"line":14,"column":56},"end":{"line":14,"column":73}}]},"2":{"type":"branch","line":14,"loc":{"start":{"line":14,"column":89},"end":{"line":14,"column":110}},"locations":[{"start":{"line":14,"column":89},"end":{"line":14,"column":110}}]}},"b":{"0":[11],"1":[0],"2":[0]},"fnMap":{"0":{"name":"DashboardNav","decl":{"start":{"line":11,"column":21},"end":{"line":18,"column":1}},"loc":{"start":{"line":11,"column":21},"end":{"line":18,"column":1}},"line":11}},"f":{"0":11}}
,"/home/petertasca/Desktop/book-chat-app/frontend/src/components/Dialog/Dialog.tsx": {"path":"/home/petertasca/Desktop/book-chat-app/frontend/src/components/Dialog/Dialog.tsx","all":false,"statementMap":{"2":{"start":{"line":3,"column":0},"end":{"line":3,"column":42}},"3":{"start":{"line":4,"column":0},"end":{"line":4,"column":63}},"4":{"start":{"line":5,"column":0},"end":{"line":5,"column":21}},"16":{"start":{"line":17,"column":0},"end":{"line":17,"column":27}},"17":{"start":{"line":18,"column":0},"end":{"line":18,"column":32}},"18":{"start":{"line":19,"column":0},"end":{"line":19,"column":33}},"19":{"start":{"line":20,"column":0},"end":{"line":20,"column":6}},"20":{"start":{"line":21,"column":0},"end":{"line":21,"column":42}},"21":{"start":{"line":22,"column":0},"end":{"line":22,"column":53}},"22":{"start":{"line":23,"column":0},"end":{"line":23,"column":87}},"23":{"start":{"line":24,"column":0},"end":{"line":24,"column":5}},"24":{"start":{"line":25,"column":0},"end":{"line":25,"column":25}},"25":{"start":{"line":26,"column":0},"end":{"line":26,"column":30}},"26":{"start":{"line":27,"column":0},"end":{"line":27,"column":20}},"27":{"start":{"line":28,"column":0},"end":{"line":28,"column":25}},"28":{"start":{"line":29,"column":0},"end":{"line":29,"column":42}},"29":{"start":{"line":30,"column":0},"end":{"line":30,"column":13}},"31":{"start":{"line":32,"column":0},"end":{"line":32,"column":18}},"32":{"start":{"line":33,"column":0},"end":{"line":33,"column":61}},"33":{"start":{"line":34,"column":0},"end":{"line":34,"column":9}},"35":{"start":{"line":36,"column":0},"end":{"line":36,"column":5}},"36":{"start":{"line":37,"column":0},"end":{"line":37,"column":1}},"54":{"start":{"line":55,"column":0},"end":{"line":55,"column":45}},"55":{"start":{"line":56,"column":0},"end":{"line":56,"column":10}},"56":{"start":{"line":57,"column":0},"end":{"line":57,"column":10}},"57":{"start":{"line":58,"column":0},"end":{"line":58,"column":12}},"58":{"start":{"line":59,"column":0},"end":{"line":59,"column":18}},"59":{"start":{"line":60,"column":0},"end":{"line":60,"column":12}},"60":{"start":{"line":61,"column":0},"end":{"line":61,"column":17}},"62":{"start":{"line":63,"column":0},"end":{"line":63,"column":52}},"63":{"start":{"line":64,"column":0},"end":{"line":64,"column":57}},"64":{"start":{"line":65,"column":0},"end":{"line":65,"column":54}},"65":{"start":{"line":66,"column":0},"end":{"line":66,"column":102}},"66":{"start":{"line":67,"column":0},"end":{"line":67,"column":106}},"68":{"start":{"line":69,"column":0},"end":{"line":69,"column":37}},"69":{"start":{"line":70,"column":0},"end":{"line":70,"column":53}},"71":{"start":{"line":72,"column":0},"end":{"line":72,"column":11}},"73":{"start":{"line":74,"column":0},"end":{"line":74,"column":12}},"74":{"start":{"line":75,"column":0},"end":{"line":75,"column":31}},"75":{"start":{"line":76,"column":0},"end":{"line":76,"column":20}},"76":{"start":{"line":77,"column":0},"end":{"line":77,"column":40}},"77":{"start":{"line":78,"column":0},"end":{"line":78,"column":30}},"80":{"start":{"line":81,"column":0},"end":{"line":81,"column":63}},"81":{"start":{"line":82,"column":0},"end":{"line":82,"column":54}},"82":{"start":{"line":83,"column":0},"end":{"line":83,"column":52}},"83":{"start":{"line":84,"column":0},"end":{"line":84,"column":29}},"84":{"start":{"line":85,"column":0},"end":{"line":85,"column":84}},"85":{"start":{"line":86,"column":0},"end":{"line":86,"column":44}},"86":{"start":{"line":87,"column":0},"end":{"line":87,"column":21}},"87":{"start":{"line":88,"column":0},"end":{"line":88,"column":21}},"89":{"start":{"line":90,"column":0},"end":{"line":90,"column":11}},"94":{"start":{"line":95,"column":0},"end":{"line":95,"column":1}},"96":{"start":{"line":97,"column":0},"end":{"line":97,"column":21}}},"s":{"2":1,"3":1,"4":1,"16":1,"17":0,"18":0,"19":0,"20":0,"21":0,"22":0,"23":0,"24":0,"25":0,"26":0,"27":0,"28":0,"29":0,"31":0,"32":0,"33":0,"35":0,"36":0,"54":1,"55":5,"56":5,"57":5,"58":5,"59":5,"60":5,"62":5,"63":5,"64":5,"65":5,"66":5,"68":5,"69":5,"71":5,"73":5,"74":5,"75":5,"76":5,"77":5,"80":5,"81":5,"82":5,"83":5,"84":5,"85":5,"86":5,"87":5,"89":5,"94":5,"96":1},"branchMap":{"0":{"type":"branch","line":55,"loc":{"start":{"line":55,"column":15},"end":{"line":95,"column":1}},"locations":[{"start":{"line":55,"column":15},"end":{"line":95,"column":1}}]}},"b":{"0":[5]},"fnMap":{"0":{"name":"selectItemReducer","decl":{"start":{"line":17,"column":26},"end":{"line":37,"column":1}},"loc":{"start":{"line":17,"column":26},"end":{"line":37,"column":1}},"line":17},"1":{"name":"Dialog","decl":{"start":{"line":55,"column":15},"end":{"line":95,"column":1}},"loc":{"start":{"line":55,"column":15},"end":{"line":95,"column":1}},"line":55},"2":{"name":"openModal","decl":{"start":{"line":64,"column":22},"end":{"line":64,"column":57}},"loc":{"start":{"line":64,"column":22},"end":{"line":64,"column":57}},"line":64},"3":{"name":"closeModal","decl":{"start":{"line":65,"column":23},"end":{"line":65,"column":54}},"loc":{"start":{"line":65,"column":23},"end":{"line":65,"column":54}},"line":65},"4":{"name":"handleSelectedItem","decl":{"start":{"line":67,"column":31},"end":{"line":67,"column":106}},"loc":{"start":{"line":67,"column":31},"end":{"line":67,"column":106}},"line":67},"5":{"name":"submitHandler","decl":{"start":{"line":85,"column":35},"end":{"line":85,"column":84}},"loc":{"start":{"line":85,"column":35},"end":{"line":85,"column":84}},"line":85}},"f":{"0":0,"1":5,"2":0,"3":0,"4":0,"5":0}}
,"/home/petertasca/Desktop/book-chat-app/frontend/src/components/Dividers/NavbarDivider/NavbarDivider.tsx": {"path":"/home/petertasca/Desktop/book-chat-app/frontend/src/components/Dividers/NavbarDivider/NavbarDivider.tsx","all":false,"statementMap":{"0":{"start":{"line":1,"column":0},"end":{"line":1,"column":28}},"2":{"start":{"line":3,"column":0},"end":{"line":3,"column":29}},"5":{"start":{"line":6,"column":0},"end":{"line":6,"column":11}},"7":{"start":{"line":8,"column":0},"end":{"line":8,"column":10}},"8":{"start":{"line":9,"column":0},"end":{"line":9,"column":45}},"9":{"start":{"line":10,"column":0},"end":{"line":10,"column":11}},"12":{"start":{"line":13,"column":0},"end":{"line":13,"column":1}},"14":{"start":{"line":15,"column":0},"end":{"line":15,"column":28}}},"s":{"0":1,"2":1,"5":22,"7":22,"8":22,"9":22,"12":22,"14":1},"branchMap":{"0":{"type":"branch","line":3,"loc":{"start":{"line":3,"column":22},"end":{"line":13,"column":1}},"locations":[{"start":{"line":3,"column":22},"end":{"line":13,"column":1}}]}},"b":{"0":[22]},"fnMap":{"0":{"name":"NavbarDivider","decl":{"start":{"line":3,"column":22},"end":{"line":13,"column":1}},"loc":{"start":{"line":3,"column":22},"end":{"line":13,"column":1}},"line":3}},"f":{"0":22}}
,"/home/petertasca/Desktop/book-chat-app/frontend/src/components/FileUploader/FIleUploader.tsx": {"path":"/home/petertasca/Desktop/book-chat-app/frontend/src/components/FileUploader/FIleUploader.tsx","all":false,"statementMap":{"0":{"start":{"line":1,"column":0},"end":{"line":1,"column":27}},"1":{"start":{"line":2,"column":0},"end":{"line":2,"column":45}},"2":{"start":{"line":3,"column":0},"end":{"line":3,"column":25}},"3":{"start":{"line":4,"column":0},"end":{"line":4,"column":45}},"12":{"start":{"line":13,"column":0},"end":{"line":13,"column":52}},"14":{"start":{"line":15,"column":0},"end":{"line":15,"column":55}},"15":{"start":{"line":16,"column":0},"end":{"line":16,"column":62}},"16":{"start":{"line":17,"column":0},"end":{"line":17,"column":59}},"19":{"start":{"line":20,"column":0},"end":{"line":20,"column":65}},"21":{"start":{"line":22,"column":0},"end":{"line":22,"column":28}},"22":{"start":{"line":23,"column":0},"end":{"line":23,"column":38}},"23":{"start":{"line":24,"column":0},"end":{"line":24,"column":9}},"25":{"start":{"line":26,"column":0},"end":{"line":26,"column":5}},"27":{"start":{"line":28,"column":0},"end":{"line":28,"column":39}},"29":{"start":{"line":30,"column":0},"end":{"line":30,"column":26}},"31":{"start":{"line":32,"column":0},"end":{"line":32,"column":31}},"32":{"start":{"line":33,"column":0},"end":{"line":33,"column":29}},"34":{"start":{"line":35,"column":0},"end":{"line":35,"column":40}},"35":{"start":{"line":36,"column":0},"end":{"line":36,"column":38}},"37":{"start":{"line":38,"column":0},"end":{"line":38,"column":13}},"39":{"start":{"line":40,"column":0},"end":{"line":40,"column":96}},"40":{"start":{"line":41,"column":0},"end":{"line":41,"column":30}},"41":{"start":{"line":42,"column":0},"end":{"line":42,"column":61}},"42":{"start":{"line":43,"column":0},"end":{"line":43,"column":22}},"43":{"start":{"line":44,"column":0},"end":{"line":44,"column":58}},"44":{"start":{"line":45,"column":0},"end":{"line":45,"column":63}},"46":{"start":{"line":47,"column":0},"end":{"line":47,"column":86}},"47":{"start":{"line":48,"column":0},"end":{"line":48,"column":28}},"48":{"start":{"line":49,"column":0},"end":{"line":49,"column":51}},"49":{"start":{"line":50,"column":0},"end":{"line":50,"column":21}},"50":{"start":{"line":51,"column":0},"end":{"line":51,"column":18}},"52":{"start":{"line":53,"column":0},"end":{"line":53,"column":32}},"53":{"start":{"line":54,"column":0},"end":{"line":54,"column":34}},"57":{"start":{"line":58,"column":0},"end":{"line":58,"column":23}},"59":{"start":{"line":60,"column":0},"end":{"line":60,"column":31}},"60":{"start":{"line":61,"column":0},"end":{"line":61,"column":32}},"62":{"start":{"line":63,"column":0},"end":{"line":63,"column":9}},"65":{"start":{"line":66,"column":0},"end":{"line":66,"column":5}},"67":{"start":{"line":68,"column":0},"end":{"line":68,"column":11}},"68":{"start":{"line":69,"column":0},"end":{"line":69,"column":40}},"69":{"start":{"line":70,"column":0},"end":{"line":70,"column":83}},"70":{"start":{"line":71,"column":0},"end":{"line":71,"column":22}},"71":{"start":{"line":72,"column":0},"end":{"line":72,"column":43}},"72":{"start":{"line":73,"column":0},"end":{"line":73,"column":49}},"73":{"start":{"line":74,"column":0},"end":{"line":74,"column":67}},"74":{"start":{"line":75,"column":0},"end":{"line":75,"column":46}},"75":{"start":{"line":76,"column":0},"end":{"line":76,"column":22}},"78":{"start":{"line":79,"column":0},"end":{"line":79,"column":22}},"79":{"start":{"line":80,"column":0},"end":{"line":80,"column":55}},"80":{"start":{"line":81,"column":0},"end":{"line":81,"column":25}},"81":{"start":{"line":82,"column":0},"end":{"line":82,"column":32}},"82":{"start":{"line":83,"column":0},"end":{"line":83,"column":47}},"83":{"start":{"line":84,"column":0},"end":{"line":84,"column":42}},"84":{"start":{"line":85,"column":0},"end":{"line":85,"column":51}},"85":{"start":{"line":86,"column":0},"end":{"line":86,"column":54}},"86":{"start":{"line":87,"column":0},"end":{"line":87,"column":27}},"87":{"start":{"line":88,"column":0},"end":{"line":88,"column":26}},"88":{"start":{"line":89,"column":0},"end":{"line":89,"column":33}},"89":{"start":{"line":90,"column":0},"end":{"line":90,"column":39}},"90":{"start":{"line":91,"column":0},"end":{"line":91,"column":47}},"91":{"start":{"line":92,"column":0},"end":{"line":92,"column":51}},"92":{"start":{"line":93,"column":0},"end":{"line":93,"column":61}},"93":{"start":{"line":94,"column":0},"end":{"line":94,"column":51}},"94":{"start":{"line":95,"column":0},"end":{"line":95,"column":29}},"95":{"start":{"line":96,"column":0},"end":{"line":96,"column":102}},"96":{"start":{"line":97,"column":0},"end":{"line":97,"column":22}},"100":{"start":{"line":101,"column":0},"end":{"line":101,"column":100}},"101":{"start":{"line":102,"column":0},"end":{"line":102,"column":38}},"102":{"start":{"line":103,"column":0},"end":{"line":103,"column":19}},"104":{"start":{"line":105,"column":0},"end":{"line":105,"column":20}},"107":{"start":{"line":108,"column":0},"end":{"line":108,"column":36}},"108":{"start":{"line":109,"column":0},"end":{"line":109,"column":19}},"110":{"start":{"line":111,"column":0},"end":{"line":111,"column":20}},"112":{"start":{"line":113,"column":0},"end":{"line":113,"column":14}},"115":{"start":{"line":116,"column":0},"end":{"line":116,"column":1}},"117":{"start":{"line":118,"column":0},"end":{"line":118,"column":27}}},"s":{"0":1,"1":1,"2":1,"3":1,"12":1,"14":11,"15":11,"16":11,"19":11,"21":0,"22":0,"23":0,"25":0,"27":11,"29":0,"31":0,"32":0,"34":0,"35":0,"37":0,"39":0,"40":0,"41":0,"42":0,"43":0,"44":0,"46":0,"47":0,"48":0,"49":0,"50":0,"52":0,"53":0,"57":0,"59":0,"60":0,"62":0,"65":0,"67":11,"68":11,"69":11,"70":11,"71":0,"72":0,"73":0,"74":0,"75":0,"78":11,"79":0,"80":0,"81":0,"82":0,"83":0,"84":0,"85":0,"86":0,"87":0,"88":0,"89":0,"90":0,"91":0,"92":0,"93":0,"94":0,"95":0,"96":0,"100":11,"101":11,"102":0,"104":0,"107":11,"108":0,"110":0,"112":11,"115":11,"117":1},"branchMap":{"0":{"type":"branch","line":13,"loc":{"start":{"line":13,"column":21},"end":{"line":116,"column":1}},"locations":[{"start":{"line":13,"column":21},"end":{"line":116,"column":1}}]},"1":{"type":"branch","line":71,"loc":{"start":{"line":71,"column":13},"end":{"line":76,"column":22}},"locations":[{"start":{"line":71,"column":13},"end":{"line":76,"column":22}}]},"2":{"type":"branch","line":79,"loc":{"start":{"line":79,"column":13},"end":{"line":97,"column":22}},"locations":[{"start":{"line":79,"column":13},"end":{"line":97,"column":22}}]},"3":{"type":"branch","line":101,"loc":{"start":{"line":101,"column":13},"end":{"line":101,"column":48}},"locations":[{"start":{"line":101,"column":13},"end":{"line":101,"column":48}}]},"4":{"type":"branch","line":101,"loc":{"start":{"line":101,"column":32},"end":{"line":101,"column":100}},"locations":[{"start":{"line":101,"column":32},"end":{"line":101,"column":100}}]},"5":{"type":"branch","line":102,"loc":{"start":{"line":102,"column":24},"end":{"line":105,"column":20}},"locations":[{"start":{"line":102,"column":24},"end":{"line":105,"column":20}}]},"6":{"type":"branch","line":108,"loc":{"start":{"line":108,"column":24},"end":{"line":111,"column":20}},"locations":[{"start":{"line":108,"column":24},"end":{"line":111,"column":20}}]}},"b":{"0":[11],"1":[0],"2":[0],"3":[0],"4":[0],"5":[0],"6":[0]},"fnMap":{"0":{"name":"FileUploader","decl":{"start":{"line":13,"column":21},"end":{"line":116,"column":1}},"loc":{"start":{"line":13,"column":21},"end":{"line":116,"column":1}},"line":13},"1":{"name":"handleFileChange","decl":{"start":{"line":20,"column":4},"end":{"line":26,"column":5}},"loc":{"start":{"line":20,"column":4},"end":{"line":26,"column":5}},"line":20},"2":{"name":"handleFileUpload","decl":{"start":{"line":28,"column":4},"end":{"line":66,"column":5}},"loc":{"start":{"line":28,"column":4},"end":{"line":66,"column":5}},"line":28}},"f":{"0":11,"1":0,"2":0}}
,"/home/petertasca/Desktop/book-chat-app/frontend/src/components/Headers/Header/Header.tsx": {"path":"/home/petertasca/Desktop/book-chat-app/frontend/src/components/Headers/Header/Header.tsx","all":false,"statementMap":{"0":{"start":{"line":1,"column":0},"end":{"line":1,"column":21}},"5":{"start":{"line":6,"column":0},"end":{"line":6,"column":45}},"6":{"start":{"line":7,"column":0},"end":{"line":7,"column":11}},"8":{"start":{"line":9,"column":0},"end":{"line":9,"column":32}},"9":{"start":{"line":10,"column":0},"end":{"line":10,"column":56}},"10":{"start":{"line":11,"column":0},"end":{"line":11,"column":47}},"11":{"start":{"line":12,"column":0},"end":{"line":12,"column":14}},"16":{"start":{"line":17,"column":0},"end":{"line":17,"column":1}},"18":{"start":{"line":19,"column":0},"end":{"line":19,"column":21}}},"s":{"0":1,"5":1,"6":7,"8":7,"9":7,"10":7,"11":7,"16":7,"18":1},"branchMap":{"0":{"type":"branch","line":6,"loc":{"start":{"line":6,"column":15},"end":{"line":17,"column":1}},"locations":[{"start":{"line":6,"column":15},"end":{"line":17,"column":1}}]}},"b":{"0":[7]},"fnMap":{"0":{"name":"Header","decl":{"start":{"line":6,"column":15},"end":{"line":17,"column":1}},"loc":{"start":{"line":6,"column":15},"end":{"line":17,"column":1}},"line":6}},"f":{"0":7}}
,"/home/petertasca/Desktop/book-chat-app/frontend/src/components/Headers/SubHeader/SubHeader.tsx": {"path":"/home/petertasca/Desktop/book-chat-app/frontend/src/components/Headers/SubHeader/SubHeader.tsx","all":false,"statementMap":{"0":{"start":{"line":1,"column":0},"end":{"line":1,"column":24}},"6":{"start":{"line":7,"column":0},"end":{"line":7,"column":51}},"8":{"start":{"line":9,"column":0},"end":{"line":9,"column":12}},"9":{"start":{"line":10,"column":0},"end":{"line":10,"column":10}},"10":{"start":{"line":11,"column":0},"end":{"line":11,"column":53}},"11":{"start":{"line":12,"column":0},"end":{"line":12,"column":11}},"18":{"start":{"line":19,"column":0},"end":{"line":19,"column":1}},"20":{"start":{"line":21,"column":0},"end":{"line":21,"column":24}}},"s":{"0":1,"6":1,"8":3,"9":3,"10":3,"11":3,"18":3,"20":1},"branchMap":{"0":{"type":"branch","line":7,"loc":{"start":{"line":7,"column":18},"end":{"line":19,"column":1}},"locations":[{"start":{"line":7,"column":18},"end":{"line":19,"column":1}}]}},"b":{"0":[3]},"fnMap":{"0":{"name":"SubHeader","decl":{"start":{"line":7,"column":18},"end":{"line":19,"column":1}},"loc":{"start":{"line":7,"column":18},"end":{"line":19,"column":1}},"line":7}},"f":{"0":3}}
,"/home/petertasca/Desktop/book-chat-app/frontend/src/components/HigherOrderComponents/WithAsync.tsx": {"path":"/home/petertasca/Desktop/book-chat-app/frontend/src/components/HigherOrderComponents/WithAsync.tsx","all":false,"statementMap":{"1":{"start":{"line":2,"column":0},"end":{"line":2,"column":52}},"2":{"start":{"line":3,"column":0},"end":{"line":3,"column":64}},"12":{"start":{"line":13,"column":0},"end":{"line":13,"column":37}},"13":{"start":{"line":14,"column":0},"end":{"line":14,"column":38}},"15":{"start":{"line":16,"column":0},"end":{"line":16,"column":71}},"17":{"start":{"line":18,"column":0},"end":{"line":18,"column":96}},"19":{"start":{"line":20,"column":0},"end":{"line":20,"column":60}},"22":{"start":{"line":23,"column":0},"end":{"line":23,"column":44}},"23":{"start":{"line":24,"column":0},"end":{"line":24,"column":47}},"24":{"start":{"line":25,"column":0},"end":{"line":25,"column":33}},"26":{"start":{"line":27,"column":0},"end":{"line":27,"column":24}},"27":{"start":{"line":28,"column":0},"end":{"line":28,"column":20}},"28":{"start":{"line":29,"column":0},"end":{"line":29,"column":49}},"29":{"start":{"line":30,"column":0},"end":{"line":30,"column":35}},"30":{"start":{"line":31,"column":0},"end":{"line":31,"column":35}},"32":{"start":{"line":33,"column":0},"end":{"line":33,"column":9}},"35":{"start":{"line":36,"column":0},"end":{"line":36,"column":20}},"36":{"start":{"line":37,"column":0},"end":{"line":37,"column":50}},"37":{"start":{"line":38,"column":0},"end":{"line":38,"column":20}},"38":{"start":{"line":39,"column":0},"end":{"line":39,"column":49}},"39":{"start":{"line":40,"column":0},"end":{"line":40,"column":56}},"40":{"start":{"line":41,"column":0},"end":{"line":41,"column":36}},"44":{"start":{"line":45,"column":0},"end":{"line":45,"column":9}},"48":{"start":{"line":49,"column":0},"end":{"line":49,"column":15}},"50":{"start":{"line":51,"column":0},"end":{"line":51,"column":46}},"54":{"start":{"line":55,"column":0},"end":{"line":55,"column":5}},"58":{"start":{"line":59,"column":0},"end":{"line":59,"column":1}},"60":{"start":{"line":61,"column":0},"end":{"line":61,"column":24}}},"s":{"1":1,"2":1,"12":1,"13":2,"15":2,"17":2,"19":0,"22":0,"23":0,"24":0,"26":0,"27":0,"28":0,"29":0,"30":0,"32":0,"35":0,"36":0,"37":0,"38":0,"39":0,"40":0,"44":0,"48":0,"50":0,"54":0,"58":2,"60":1},"branchMap":{"0":{"type":"branch","line":13,"loc":{"start":{"line":13,"column":18},"end":{"line":59,"column":1}},"locations":[{"start":{"line":13,"column":18},"end":{"line":59,"column":1}}]}},"b":{"0":[2]},"fnMap":{"0":{"name":"WithAsync","decl":{"start":{"line":13,"column":18},"end":{"line":59,"column":1}},"loc":{"start":{"line":13,"column":18},"end":{"line":59,"column":1}},"line":13},"1":{"name":"WithAsyncWrapper","decl":{"start":{"line":18,"column":11},"end":{"line":55,"column":5}},"loc":{"start":{"line":18,"column":11},"end":{"line":55,"column":5}},"line":18}},"f":{"0":2,"1":0}}
,"/home/petertasca/Desktop/book-chat-app/frontend/src/components/HigherOrderComponents/WithVotingLogic.tsx": {"path":"/home/petertasca/Desktop/book-chat-app/frontend/src/components/HigherOrderComponents/WithVotingLogic.tsx","all":false,"statementMap":{"0":{"start":{"line":1,"column":0},"end":{"line":1,"column":32}},"2":{"start":{"line":3,"column":0},"end":{"line":3,"column":59}},"4":{"start":{"line":5,"column":0},"end":{"line":5,"column":41}},"25":{"start":{"line":26,"column":0},"end":{"line":26,"column":25}},"26":{"start":{"line":27,"column":0},"end":{"line":27,"column":68}},"27":{"start":{"line":28,"column":0},"end":{"line":28,"column":38}},"30":{"start":{"line":31,"column":0},"end":{"line":31,"column":68}},"33":{"start":{"line":34,"column":0},"end":{"line":34,"column":72}},"34":{"start":{"line":35,"column":0},"end":{"line":35,"column":54}},"38":{"start":{"line":39,"column":0},"end":{"line":39,"column":30}},"39":{"start":{"line":40,"column":0},"end":{"line":40,"column":70}},"41":{"start":{"line":42,"column":0},"end":{"line":42,"column":53}},"42":{"start":{"line":43,"column":0},"end":{"line":43,"column":64}},"44":{"start":{"line":45,"column":0},"end":{"line":45,"column":63}},"46":{"start":{"line":47,"column":0},"end":{"line":47,"column":46}},"48":{"start":{"line":49,"column":0},"end":{"line":49,"column":50}},"49":{"start":{"line":50,"column":0},"end":{"line":50,"column":34}},"50":{"start":{"line":51,"column":0},"end":{"line":51,"column":30}},"51":{"start":{"line":52,"column":0},"end":{"line":52,"column":13}},"53":{"start":{"line":54,"column":0},"end":{"line":54,"column":17}},"55":{"start":{"line":56,"column":0},"end":{"line":56,"column":94}},"57":{"start":{"line":58,"column":0},"end":{"line":58,"column":55}},"59":{"start":{"line":60,"column":0},"end":{"line":60,"column":40}},"60":{"start":{"line":61,"column":0},"end":{"line":61,"column":55}},"61":{"start":{"line":62,"column":0},"end":{"line":62,"column":24}},"62":{"start":{"line":63,"column":0},"end":{"line":63,"column":79}},"63":{"start":{"line":64,"column":0},"end":{"line":64,"column":17}},"67":{"start":{"line":68,"column":0},"end":{"line":68,"column":31}},"68":{"start":{"line":69,"column":0},"end":{"line":69,"column":34}},"69":{"start":{"line":70,"column":0},"end":{"line":70,"column":32}},"70":{"start":{"line":71,"column":0},"end":{"line":71,"column":36}},"71":{"start":{"line":72,"column":0},"end":{"line":72,"column":34}},"72":{"start":{"line":73,"column":0},"end":{"line":73,"column":70}},"74":{"start":{"line":75,"column":0},"end":{"line":75,"column":33}},"75":{"start":{"line":76,"column":0},"end":{"line":76,"column":13}},"78":{"start":{"line":79,"column":0},"end":{"line":79,"column":9}},"80":{"start":{"line":81,"column":0},"end":{"line":81,"column":46}},"82":{"start":{"line":83,"column":0},"end":{"line":83,"column":28}},"83":{"start":{"line":84,"column":0},"end":{"line":84,"column":29}},"84":{"start":{"line":85,"column":0},"end":{"line":85,"column":22}},"85":{"start":{"line":86,"column":0},"end":{"line":86,"column":20}},"86":{"start":{"line":87,"column":0},"end":{"line":87,"column":18}},"87":{"start":{"line":88,"column":0},"end":{"line":88,"column":26}},"90":{"start":{"line":91,"column":0},"end":{"line":91,"column":9}},"92":{"start":{"line":93,"column":0},"end":{"line":93,"column":64}},"94":{"start":{"line":95,"column":0},"end":{"line":95,"column":5}},"96":{"start":{"line":97,"column":0},"end":{"line":97,"column":1}},"98":{"start":{"line":99,"column":0},"end":{"line":99,"column":30}}},"s":{"0":1,"2":1,"4":1,"25":1,"26":2,"27":2,"30":2,"33":0,"34":0,"38":0,"39":0,"41":0,"42":0,"44":0,"46":0,"48":0,"49":0,"50":0,"51":0,"53":0,"55":0,"57":0,"59":0,"60":0,"61":0,"62":0,"63":0,"67":0,"68":0,"69":0,"70":0,"71":0,"72":0,"74":0,"75":0,"78":0,"80":0,"82":0,"83":0,"84":0,"85":0,"86":0,"87":0,"90":0,"92":0,"94":0,"96":2,"98":1},"branchMap":{"0":{"type":"branch","line":26,"loc":{"start":{"line":26,"column":24},"end":{"line":97,"column":1}},"locations":[{"start":{"line":26,"column":24},"end":{"line":97,"column":1}}]}},"b":{"0":[2]},"fnMap":{"0":{"name":"WithVotingLogic","decl":{"start":{"line":26,"column":24},"end":{"line":97,"column":1}},"loc":{"start":{"line":26,"column":24},"end":{"line":97,"column":1}},"line":26},"1":{"name":"WithVotingLogicWrapper","decl":{"start":{"line":31,"column":11},"end":{"line":95,"column":5}},"loc":{"start":{"line":31,"column":11},"end":{"line":95,"column":5}},"line":31}},"f":{"0":2,"1":0}}
,"/home/petertasca/Desktop/book-chat-app/frontend/src/components/Images/BookclubAvatar/BookclubAvatar.tsx": {"path":"/home/petertasca/Desktop/book-chat-app/frontend/src/components/Images/BookclubAvatar/BookclubAvatar.tsx","all":false,"statementMap":{"0":{"start":{"line":1,"column":0},"end":{"line":1,"column":82}},"1":{"start":{"line":2,"column":0},"end":{"line":2,"column":74}},"2":{"start":{"line":3,"column":0},"end":{"line":3,"column":29}},"10":{"start":{"line":11,"column":0},"end":{"line":11,"column":41}},"12":{"start":{"line":13,"column":0},"end":{"line":13,"column":11}},"13":{"start":{"line":14,"column":0},"end":{"line":14,"column":40}},"14":{"start":{"line":15,"column":0},"end":{"line":15,"column":67}},"15":{"start":{"line":16,"column":0},"end":{"line":16,"column":45}},"16":{"start":{"line":17,"column":0},"end":{"line":17,"column":14}},"19":{"start":{"line":20,"column":0},"end":{"line":20,"column":1}},"21":{"start":{"line":22,"column":0},"end":{"line":22,"column":29}}},"s":{"0":1,"1":1,"2":1,"10":1,"12":11,"13":11,"14":11,"15":11,"16":11,"19":11,"21":1},"branchMap":{"0":{"type":"branch","line":11,"loc":{"start":{"line":11,"column":23},"end":{"line":20,"column":1}},"locations":[{"start":{"line":11,"column":23},"end":{"line":20,"column":1}}]},"1":{"type":"branch","line":16,"loc":{"start":{"line":16,"column":33},"end":{"line":16,"column":43}},"locations":[{"start":{"line":16,"column":33},"end":{"line":16,"column":43}}]}},"b":{"0":[11],"1":[0]},"fnMap":{"0":{"name":"BookclubAvatar","decl":{"start":{"line":11,"column":23},"end":{"line":20,"column":1}},"loc":{"start":{"line":11,"column":23},"end":{"line":20,"column":1}},"line":11}},"f":{"0":11}}
,"/home/petertasca/Desktop/book-chat-app/frontend/src/components/LoadSpinner/LoadSpinner.tsx": {"path":"/home/petertasca/Desktop/book-chat-app/frontend/src/components/LoadSpinner/LoadSpinner.tsx","all":false,"statementMap":{"0":{"start":{"line":1,"column":0},"end":{"line":1,"column":26}},"3":{"start":{"line":4,"column":0},"end":{"line":4,"column":27}},"7":{"start":{"line":8,"column":0},"end":{"line":8,"column":11}},"8":{"start":{"line":9,"column":0},"end":{"line":9,"column":67}},"10":{"start":{"line":11,"column":0},"end":{"line":11,"column":1}},"12":{"start":{"line":13,"column":0},"end":{"line":13,"column":26}}},"s":{"0":1,"3":1,"7":1,"8":1,"10":1,"12":1},"branchMap":{"0":{"type":"branch","line":4,"loc":{"start":{"line":4,"column":20},"end":{"line":11,"column":1}},"locations":[{"start":{"line":4,"column":20},"end":{"line":11,"column":1}}]}},"b":{"0":[1]},"fnMap":{"0":{"name":"LoadSpinner","decl":{"start":{"line":4,"column":20},"end":{"line":11,"column":1}},"loc":{"start":{"line":4,"column":20},"end":{"line":11,"column":1}},"line":4}},"f":{"0":1}}
,"/home/petertasca/Desktop/book-chat-app/frontend/src/components/Mappers/RadioButtons/RadioButtons.tsx": {"path":"/home/petertasca/Desktop/book-chat-app/frontend/src/components/Mappers/RadioButtons/RadioButtons.tsx","all":false,"statementMap":{"0":{"start":{"line":1,"column":0},"end":{"line":1,"column":27}},"4":{"start":{"line":5,"column":0},"end":{"line":5,"column":96}},"6":{"start":{"line":7,"column":0},"end":{"line":7,"column":65}},"8":{"start":{"line":9,"column":0},"end":{"line":9,"column":33}},"10":{"start":{"line":11,"column":0},"end":{"line":11,"column":11}},"11":{"start":{"line":12,"column":0},"end":{"line":12,"column":43}},"12":{"start":{"line":13,"column":0},"end":{"line":13,"column":58}},"14":{"start":{"line":15,"column":0},"end":{"line":15,"column":45}},"16":{"start":{"line":17,"column":0},"end":{"line":17,"column":23}},"17":{"start":{"line":18,"column":0},"end":{"line":18,"column":24}},"18":{"start":{"line":19,"column":0},"end":{"line":19,"column":61}},"19":{"start":{"line":20,"column":0},"end":{"line":20,"column":44}},"21":{"start":{"line":22,"column":0},"end":{"line":22,"column":31}},"22":{"start":{"line":23,"column":0},"end":{"line":23,"column":54}},"23":{"start":{"line":24,"column":0},"end":{"line":24,"column":58}},"26":{"start":{"line":27,"column":0},"end":{"line":27,"column":46}},"27":{"start":{"line":28,"column":0},"end":{"line":28,"column":34}},"28":{"start":{"line":29,"column":0},"end":{"line":29,"column":54}},"29":{"start":{"line":30,"column":0},"end":{"line":30,"column":44}},"30":{"start":{"line":31,"column":0},"end":{"line":31,"column":62}},"31":{"start":{"line":32,"column":0},"end":{"line":32,"column":56}},"32":{"start":{"line":33,"column":0},"end":{"line":33,"column":110}},"34":{"start":{"line":35,"column":0},"end":{"line":35,"column":30}},"37":{"start":{"line":38,"column":0},"end":{"line":38,"column":32}},"39":{"start":{"line":40,"column":0},"end":{"line":40,"column":25}},"42":{"start":{"line":43,"column":0},"end":{"line":43,"column":15}},"44":{"start":{"line":45,"column":0},"end":{"line":45,"column":13}},"46":{"start":{"line":47,"column":0},"end":{"line":47,"column":1}},"48":{"start":{"line":49,"column":0},"end":{"line":49,"column":27}}},"s":{"0":1,"4":1,"6":0,"8":0,"10":0,"11":0,"12":0,"14":0,"16":0,"17":0,"18":0,"19":0,"21":0,"22":0,"23":0,"26":0,"27":0,"28":0,"29":0,"30":0,"31":0,"32":0,"34":0,"37":0,"39":0,"42":0,"44":0,"46":0,"48":1},"branchMap":{},"b":{},"fnMap":{"0":{"name":"RadioButtons","decl":{"start":{"line":5,"column":21},"end":{"line":47,"column":1}},"loc":{"start":{"line":5,"column":21},"end":{"line":47,"column":1}},"line":5}},"f":{"0":0}}
,"/home/petertasca/Desktop/book-chat-app/frontend/src/components/Messages/ErrorMessage/ErrorMessage.tsx": {"path":"/home/petertasca/Desktop/book-chat-app/frontend/src/components/Messages/ErrorMessage/ErrorMessage.tsx","all":false,"statementMap":{"0":{"start":{"line":1,"column":0},"end":{"line":1,"column":27}},"8":{"start":{"line":9,"column":0},"end":{"line":9,"column":46}},"10":{"start":{"line":11,"column":0},"end":{"line":11,"column":50}},"12":{"start":{"line":13,"column":0},"end":{"line":13,"column":11}},"13":{"start":{"line":14,"column":0},"end":{"line":14,"column":79}},"17":{"start":{"line":18,"column":0},"end":{"line":18,"column":1}},"19":{"start":{"line":20,"column":0},"end":{"line":20,"column":27}}},"s":{"0":1,"8":1,"10":1,"12":1,"13":1,"17":1,"19":1},"branchMap":{"0":{"type":"branch","line":9,"loc":{"start":{"line":9,"column":22},"end":{"line":18,"column":1}},"locations":[{"start":{"line":9,"column":22},"end":{"line":18,"column":1}}]}},"b":{"0":[1]},"fnMap":{"0":{"name":"ErrorMessage","decl":{"start":{"line":9,"column":22},"end":{"line":18,"column":1}},"loc":{"start":{"line":9,"column":22},"end":{"line":18,"column":1}},"line":9}},"f":{"0":1}}
[...]
,"/home/petertasca/Desktop/book-chat-app/frontend/src/slices/bookclubApiSlice.tsx": {"path":"/home/petertasca/Desktop/book-chat-app/frontend/src/slices/bookclubApiSlice.tsx","all":false,"statementMap":{"0":{"start":{"line":1,"column":0},"end":{"line":1,"column":73}},"2":{"start":{"line":3,"column":0},"end":{"line":3,"column":37}},"3":{"start":{"line":4,"column":0},"end":{"line":4,"column":46}},"4":{"start":{"line":5,"column":0},"end":{"line":5,"column":30}},"6":{"start":{"line":7,"column":0},"end":{"line":7,"column":42}},"7":{"start":{"line":8,"column":0},"end":{"line":8,"column":43}},"8":{"start":{"line":9,"column":0},"end":{"line":9,"column":27}},"23":{"start":{"line":24,"column":0},"end":{"line":24,"column":38}},"24":{"start":{"line":25,"column":0},"end":{"line":25,"column":35}},"25":{"start":{"line":26,"column":0},"end":{"line":26,"column":52}},"26":{"start":{"line":27,"column":0},"end":{"line":27,"column":28}},"27":{"start":{"line":28,"column":0},"end":{"line":28,"column":60}},"28":{"start":{"line":29,"column":0},"end":{"line":29,"column":88}},"29":{"start":{"line":30,"column":0},"end":{"line":30,"column":36}},"30":{"start":{"line":31,"column":0},"end":{"line":31,"column":27}},"31":{"start":{"line":32,"column":0},"end":{"line":32,"column":71}},"33":{"start":{"line":34,"column":0},"end":{"line":34,"column":13}},"34":{"start":{"line":35,"column":0},"end":{"line":35,"column":86}},"35":{"start":{"line":36,"column":0},"end":{"line":36,"column":38}},"37":{"start":{"line":38,"column":0},"end":{"line":38,"column":21}},"39":{"start":{"line":40,"column":0},"end":{"line":40,"column":41}},"40":{"start":{"line":41,"column":0},"end":{"line":41,"column":63}},"41":{"start":{"line":42,"column":0},"end":{"line":42,"column":59}},"42":{"start":{"line":43,"column":0},"end":{"line":43,"column":64}},"43":{"start":{"line":44,"column":0},"end":{"line":44,"column":57}},"44":{"start":{"line":45,"column":0},"end":{"line":45,"column":45}},"45":{"start":{"line":46,"column":0},"end":{"line":46,"column":70}},"46":{"start":{"line":47,"column":0},"end":{"line":47,"column":33}},"47":{"start":{"line":48,"column":0},"end":{"line":48,"column":55}},"48":{"start":{"line":49,"column":0},"end":{"line":49,"column":68}},"49":{"start":{"line":50,"column":0},"end":{"line":50,"column":73}},"50":{"start":{"line":51,"column":0},"end":{"line":51,"column":30}},"51":{"start":{"line":52,"column":0},"end":{"line":52,"column":25}},"52":{"start":{"line":53,"column":0},"end":{"line":53,"column":21}},"54":{"start":{"line":55,"column":0},"end":{"line":55,"column":60}},"56":{"start":{"line":57,"column":0},"end":{"line":57,"column":33}},"57":{"start":{"line":58,"column":0},"end":{"line":58,"column":82}},"58":{"start":{"line":59,"column":0},"end":{"line":59,"column":17}},"60":{"start":{"line":61,"column":0},"end":{"line":61,"column":40}},"61":{"start":{"line":62,"column":0},"end":{"line":62,"column":26}},"63":{"start":{"line":64,"column":0},"end":{"line":64,"column":13}},"64":{"start":{"line":65,"column":0},"end":{"line":65,"column":11}},"65":{"start":{"line":66,"column":0},"end":{"line":66,"column":34}},"66":{"start":{"line":67,"column":0},"end":{"line":67,"column":45}},"67":{"start":{"line":68,"column":0},"end":{"line":68,"column":60}},"68":{"start":{"line":69,"column":0},"end":{"line":69,"column":33}},"69":{"start":{"line":70,"column":0},"end":{"line":70,"column":14}},"70":{"start":{"line":71,"column":0},"end":{"line":71,"column":11}},"71":{"start":{"line":72,"column":0},"end":{"line":72,"column":36}},"72":{"start":{"line":73,"column":0},"end":{"line":73,"column":31}},"73":{"start":{"line":74,"column":0},"end":{"line":74,"column":43}},"74":{"start":{"line":75,"column":0},"end":{"line":75,"column":31}},"75":{"start":{"line":76,"column":0},"end":{"line":76,"column":26}},"76":{"start":{"line":77,"column":0},"end":{"line":77,"column":14}},"77":{"start":{"line":78,"column":0},"end":{"line":78,"column":11}},"78":{"start":{"line":79,"column":0},"end":{"line":79,"column":39}},"79":{"start":{"line":80,"column":0},"end":{"line":80,"column":88}},"80":{"start":{"line":81,"column":0},"end":{"line":81,"column":61}},"81":{"start":{"line":82,"column":0},"end":{"line":82,"column":31}},"82":{"start":{"line":83,"column":0},"end":{"line":83,"column":37}},"84":{"start":{"line":85,"column":0},"end":{"line":85,"column":14}},"85":{"start":{"line":86,"column":0},"end":{"line":86,"column":11}},"86":{"start":{"line":87,"column":0},"end":{"line":87,"column":44}},"87":{"start":{"line":88,"column":0},"end":{"line":88,"column":97}},"88":{"start":{"line":89,"column":0},"end":{"line":89,"column":65}},"89":{"start":{"line":90,"column":0},"end":{"line":90,"column":30}},"90":{"start":{"line":91,"column":0},"end":{"line":91,"column":26}},"91":{"start":{"line":92,"column":0},"end":{"line":92,"column":14}},"92":{"start":{"line":93,"column":0},"end":{"line":93,"column":10}},"94":{"start":{"line":95,"column":0},"end":{"line":95,"column":6}},"95":{"start":{"line":96,"column":0},"end":{"line":96,"column":2}},"99":{"start":{"line":100,"column":0},"end":{"line":100,"column":14}},"101":{"start":{"line":102,"column":0},"end":{"line":102,"column":29}},"102":{"start":{"line":103,"column":0},"end":{"line":103,"column":25}},"103":{"start":{"line":104,"column":0},"end":{"line":104,"column":27}},"104":{"start":{"line":105,"column":0},"end":{"line":105,"column":29}},"105":{"start":{"line":106,"column":0},"end":{"line":106,"column":33}},"107":{"start":{"line":108,"column":0},"end":{"line":108,"column":15}}},"s":{"0":1,"2":1,"3":0,"4":1,"6":1,"7":0,"8":1,"23":1,"24":1,"25":1,"26":1,"27":1,"28":1,"29":1,"30":0,"31":0,"33":0,"34":0,"35":0,"37":0,"39":0,"40":0,"41":0,"42":0,"43":0,"44":0,"45":0,"46":0,"47":0,"48":0,"49":0,"50":0,"51":0,"52":0,"54":0,"56":0,"57":0,"58":0,"60":0,"61":0,"63":0,"64":1,"65":1,"66":1,"67":0,"68":0,"69":0,"70":1,"71":1,"72":1,"73":0,"74":0,"75":0,"76":0,"77":1,"78":1,"79":1,"80":0,"81":0,"82":0,"84":0,"85":1,"86":1,"87":1,"88":0,"89":0,"90":0,"91":0,"92":1,"94":1,"95":1,"99":1,"101":1,"102":1,"103":1,"104":1,"105":1,"107":1},"branchMap":{"0":{"type":"branch","line":3,"loc":{"start":{"line":3,"column":33},"end":{"line":4,"column":46}},"locations":[{"start":{"line":3,"column":33},"end":{"line":4,"column":46}}]},"1":{"type":"branch","line":7,"loc":{"start":{"line":7,"column":38},"end":{"line":8,"column":43}},"locations":[{"start":{"line":7,"column":38},"end":{"line":8,"column":43}}]},"2":{"type":"branch","line":27,"loc":{"start":{"line":27,"column":15},"end":{"line":95,"column":6}},"locations":[{"start":{"line":27,"column":15},"end":{"line":95,"column":6}}]}},"b":{"0":[0],"1":[0],"2":[1]},"fnMap":{"0":{"name":"endpoints","decl":{"start":{"line":27,"column":15},"end":{"line":95,"column":6}},"loc":{"start":{"line":27,"column":15},"end":{"line":95,"column":6}},"line":27},"1":{"name":"queryFn","decl":{"start":{"line":29,"column":21},"end":{"line":29,"column":88}},"loc":{"start":{"line":29,"column":21},"end":{"line":29,"column":88}},"line":29},"2":{"name":"onCacheEntryAdded","decl":{"start":{"line":30,"column":12},"end":{"line":64,"column":13}},"loc":{"start":{"line":30,"column":12},"end":{"line":64,"column":13}},"line":30},"3":{"name":"query","decl":{"start":{"line":67,"column":19},"end":{"line":70,"column":14}},"loc":{"start":{"line":67,"column":19},"end":{"line":70,"column":14}},"line":67},"4":{"name":"query","decl":{"start":{"line":73,"column":19},"end":{"line":77,"column":14}},"loc":{"start":{"line":73,"column":19},"end":{"line":77,"column":14}},"line":73},"5":{"name":"query","decl":{"start":{"line":80,"column":19},"end":{"line":85,"column":14}},"loc":{"start":{"line":80,"column":19},"end":{"line":85,"column":14}},"line":80},"6":{"name":"query","decl":{"start":{"line":88,"column":19},"end":{"line":92,"column":14}},"loc":{"start":{"line":88,"column":19},"end":{"line":92,"column":14}},"line":88}},"f":{"0":1,"1":0,"2":0,"3":0,"4":0,"5":0,"6":0}}
,"/home/petertasca/Desktop/book-chat-app/frontend/src/slices/bookshelfApiSlice.tsx": {"path":"/home/petertasca/Desktop/book-chat-app/frontend/src/slices/bookshelfApiSlice.tsx","all":false,"statementMap":{"0":{"start":{"line":1,"column":0},"end":{"line":1,"column":38}},"2":{"start":{"line":3,"column":0},"end":{"line":3,"column":59}},"3":{"start":{"line":4,"column":0},"end":{"line":4,"column":30}},"4":{"start":{"line":5,"column":0},"end":{"line":5,"column":36}},"5":{"start":{"line":6,"column":0},"end":{"line":6,"column":94}},"6":{"start":{"line":7,"column":0},"end":{"line":7,"column":46}},"7":{"start":{"line":8,"column":0},"end":{"line":8,"column":30}},"8":{"start":{"line":9,"column":0},"end":{"line":9,"column":70}},"9":{"start":{"line":10,"column":0},"end":{"line":10,"column":14}},"10":{"start":{"line":11,"column":0},"end":{"line":11,"column":11}},"11":{"start":{"line":12,"column":0},"end":{"line":12,"column":38}},"12":{"start":{"line":13,"column":0},"end":{"line":13,"column":87}},"13":{"start":{"line":14,"column":0},"end":{"line":14,"column":49}},"14":{"start":{"line":15,"column":0},"end":{"line":15,"column":33}},"15":{"start":{"line":16,"column":0},"end":{"line":16,"column":64}},"16":{"start":{"line":17,"column":0},"end":{"line":17,"column":14}},"17":{"start":{"line":18,"column":0},"end":{"line":18,"column":10}},"18":{"start":{"line":19,"column":0},"end":{"line":19,"column":6}},"19":{"start":{"line":20,"column":0},"end":{"line":20,"column":2}},"21":{"start":{"line":22,"column":0},"end":{"line":22,"column":80}}},"s":{"0":1,"2":1,"3":1,"4":2,"5":2,"6":0,"7":0,"8":0,"9":0,"10":2,"11":2,"12":2,"13":0,"14":0,"15":0,"16":0,"17":2,"18":2,"19":1,"21":1},"branchMap":{"0":{"type":"branch","line":4,"loc":{"start":{"line":4,"column":15},"end":{"line":19,"column":6}},"locations":[{"start":{"line":4,"column":15},"end":{"line":19,"column":6}}]}},"b":{"0":[2]},"fnMap":{"0":{"name":"endpoints","decl":{"start":{"line":4,"column":15},"end":{"line":19,"column":6}},"loc":{"start":{"line":4,"column":15},"end":{"line":19,"column":6}},"line":4},"1":{"name":"query","decl":{"start":{"line":6,"column":19},"end":{"line":10,"column":14}},"loc":{"start":{"line":6,"column":19},"end":{"line":10,"column":14}},"line":6},"2":{"name":"query","decl":{"start":{"line":13,"column":19},"end":{"line":17,"column":14}},"loc":{"start":{"line":13,"column":19},"end":{"line":17,"column":14}},"line":13}},"f":{"0":2,"1":0,"2":0}}
,"/home/petertasca/Desktop/book-chat-app/frontend/src/slices/pollApiSlice.tsx": {"path":"/home/petertasca/Desktop/book-chat-app/frontend/src/slices/pollApiSlice.tsx","all":false,"statementMap":{"0":{"start":{"line":1,"column":0},"end":{"line":1,"column":73}},"3":{"start":{"line":4,"column":0},"end":{"line":4,"column":37}},"4":{"start":{"line":5,"column":0},"end":{"line":5,"column":46}},"5":{"start":{"line":6,"column":0},"end":{"line":6,"column":30}},"7":{"start":{"line":8,"column":0},"end":{"line":8,"column":42}},"8":{"start":{"line":9,"column":0},"end":{"line":9,"column":43}},"9":{"start":{"line":10,"column":0},"end":{"line":10,"column":27}},"12":{"start":{"line":13,"column":0},"end":{"line":13,"column":34}},"13":{"start":{"line":14,"column":0},"end":{"line":14,"column":31}},"14":{"start":{"line":15,"column":0},"end":{"line":15,"column":51}},"15":{"start":{"line":16,"column":0},"end":{"line":16,"column":28}},"16":{"start":{"line":17,"column":0},"end":{"line":17,"column":45}},"17":{"start":{"line":18,"column":0},"end":{"line":18,"column":35}},"18":{"start":{"line":19,"column":0},"end":{"line":19,"column":32}},"19":{"start":{"line":20,"column":0},"end":{"line":20,"column":15}},"20":{"start":{"line":21,"column":0},"end":{"line":21,"column":36}},"21":{"start":{"line":22,"column":0},"end":{"line":22,"column":27}},"22":{"start":{"line":23,"column":0},"end":{"line":23,"column":71}},"24":{"start":{"line":25,"column":0},"end":{"line":25,"column":13}},"25":{"start":{"line":26,"column":0},"end":{"line":26,"column":83}},"28":{"start":{"line":29,"column":0},"end":{"line":29,"column":21}},"30":{"start":{"line":31,"column":0},"end":{"line":31,"column":41}},"31":{"start":{"line":32,"column":0},"end":{"line":32,"column":63}},"32":{"start":{"line":33,"column":0},"end":{"line":33,"column":59}},"33":{"start":{"line":34,"column":0},"end":{"line":34,"column":61}},"34":{"start":{"line":35,"column":0},"end":{"line":35,"column":56}},"35":{"start":{"line":36,"column":0},"end":{"line":36,"column":57}},"36":{"start":{"line":37,"column":0},"end":{"line":37,"column":45}},"37":{"start":{"line":38,"column":0},"end":{"line":38,"column":70}},"38":{"start":{"line":39,"column":0},"end":{"line":39,"column":42}},"39":{"start":{"line":40,"column":0},"end":{"line":40,"column":33}},"40":{"start":{"line":41,"column":0},"end":{"line":41,"column":56}},"41":{"start":{"line":42,"column":0},"end":{"line":42,"column":65}},"42":{"start":{"line":43,"column":0},"end":{"line":43,"column":75}},"43":{"start":{"line":44,"column":0},"end":{"line":44,"column":30}},"44":{"start":{"line":45,"column":0},"end":{"line":45,"column":25}},"45":{"start":{"line":46,"column":0},"end":{"line":46,"column":21}},"47":{"start":{"line":48,"column":0},"end":{"line":48,"column":60}},"49":{"start":{"line":50,"column":0},"end":{"line":50,"column":31}},"50":{"start":{"line":51,"column":0},"end":{"line":51,"column":76}},"51":{"start":{"line":52,"column":0},"end":{"line":52,"column":17}},"52":{"start":{"line":53,"column":0},"end":{"line":53,"column":40}},"53":{"start":{"line":54,"column":0},"end":{"line":54,"column":26}},"54":{"start":{"line":55,"column":0},"end":{"line":55,"column":13}},"55":{"start":{"line":56,"column":0},"end":{"line":56,"column":11}},"56":{"start":{"line":57,"column":0},"end":{"line":57,"column":36}},"57":{"start":{"line":58,"column":0},"end":{"line":58,"column":31}},"58":{"start":{"line":59,"column":0},"end":{"line":59,"column":40}},"59":{"start":{"line":60,"column":0},"end":{"line":60,"column":31}},"60":{"start":{"line":61,"column":0},"end":{"line":61,"column":26}},"61":{"start":{"line":62,"column":0},"end":{"line":62,"column":14}},"62":{"start":{"line":63,"column":0},"end":{"line":63,"column":11}},"63":{"start":{"line":64,"column":0},"end":{"line":64,"column":30}},"64":{"start":{"line":65,"column":0},"end":{"line":65,"column":78}},"65":{"start":{"line":66,"column":0},"end":{"line":66,"column":47}},"66":{"start":{"line":67,"column":0},"end":{"line":67,"column":30}},"67":{"start":{"line":68,"column":0},"end":{"line":68,"column":26}},"68":{"start":{"line":69,"column":0},"end":{"line":69,"column":14}},"69":{"start":{"line":70,"column":0},"end":{"line":70,"column":11}},"70":{"start":{"line":71,"column":0},"end":{"line":71,"column":40}},"71":{"start":{"line":72,"column":0},"end":{"line":72,"column":41}},"72":{"start":{"line":73,"column":0},"end":{"line":73,"column":51}},"73":{"start":{"line":74,"column":0},"end":{"line":74,"column":29}},"74":{"start":{"line":75,"column":0},"end":{"line":75,"column":14}},"75":{"start":{"line":76,"column":0},"end":{"line":76,"column":10}},"76":{"start":{"line":77,"column":0},"end":{"line":77,"column":6}},"77":{"start":{"line":78,"column":0},"end":{"line":78,"column":2}},"79":{"start":{"line":80,"column":0},"end":{"line":80,"column":14}},"80":{"start":{"line":81,"column":0},"end":{"line":81,"column":22}},"81":{"start":{"line":82,"column":0},"end":{"line":82,"column":27}},"82":{"start":{"line":83,"column":0},"end":{"line":83,"column":20}},"83":{"start":{"line":84,"column":0},"end":{"line":84,"column":29}},"85":{"start":{"line":86,"column":0},"end":{"line":86,"column":11}}},"s":{"0":1,"3":1,"4":0,"5":1,"7":1,"8":0,"9":1,"12":1,"13":1,"14":1,"15":1,"16":2,"17":2,"18":1,"19":1,"20":2,"21":1,"22":1,"24":1,"25":1,"28":1,"30":1,"31":1,"32":0,"33":0,"34":0,"35":0,"36":0,"37":0,"38":0,"39":0,"40":0,"41":0,"42":0,"43":0,"44":0,"45":0,"47":1,"49":1,"50":0,"51":0,"52":1,"53":0,"54":1,"55":2,"56":2,"57":2,"58":0,"59":0,"60":0,"61":0,"62":2,"63":2,"64":2,"65":0,"66":0,"67":0,"68":0,"69":2,"70":2,"71":2,"72":0,"73":0,"74":0,"75":2,"76":2,"77":1,"79":1,"80":1,"81":1,"82":1,"83":1,"85":1},"branchMap":{"0":{"type":"branch","line":4,"loc":{"start":{"line":4,"column":33},"end":{"line":5,"column":46}},"locations":[{"start":{"line":4,"column":33},"end":{"line":5,"column":46}}]},"1":{"type":"branch","line":8,"loc":{"start":{"line":8,"column":38},"end":{"line":9,"column":43}},"locations":[{"start":{"line":8,"column":38},"end":{"line":9,"column":43}}]},"2":{"type":"branch","line":16,"loc":{"start":{"line":16,"column":15},"end":{"line":77,"column":6}},"locations":[{"start":{"line":16,"column":15},"end":{"line":77,"column":6}}]},"3":{"type":"branch","line":18,"loc":{"start":{"line":18,"column":21},"end":{"line":20,"column":15}},"locations":[{"start":{"line":18,"column":21},"end":{"line":20,"column":15}}]},"4":{"type":"branch","line":21,"loc":{"start":{"line":21,"column":12},"end":{"line":55,"column":13}},"locations":[{"start":{"line":21,"column":12},"end":{"line":55,"column":13}}]},"5":{"type":"branch","line":50,"loc":{"start":{"line":50,"column":16},"end":{"line":52,"column":17}},"locations":[{"start":{"line":50,"column":16},"end":{"line":52,"column":17}}]},"6":{"type":"branch","line":53,"loc":{"start":{"line":53,"column":22},"end":{"line":54,"column":26}},"locations":[{"start":{"line":53,"column":22},"end":{"line":54,"column":26}}]}},"b":{"0":[0],"1":[0],"2":[2],"3":[1],"4":[1],"5":[0],"6":[0]},"fnMap":{"0":{"name":"endpoints","decl":{"start":{"line":16,"column":15},"end":{"line":77,"column":6}},"loc":{"start":{"line":16,"column":15},"end":{"line":77,"column":6}},"line":16},"1":{"name":"queryFn","decl":{"start":{"line":18,"column":21},"end":{"line":20,"column":15}},"loc":{"start":{"line":18,"column":21},"end":{"line":20,"column":15}},"line":18},"2":{"name":"onCacheEntryAdded","decl":{"start":{"line":21,"column":12},"end":{"line":55,"column":13}},"loc":{"start":{"line":21,"column":12},"end":{"line":55,"column":13}},"line":21},"3":{"name":"listener","decl":{"start":{"line":32,"column":37},"end":{"line":46,"column":21}},"loc":{"start":{"line":32,"column":37},"end":{"line":46,"column":21}},"line":32},"4":{"name":"query","decl":{"start":{"line":58,"column":19},"end":{"line":62,"column":14}},"loc":{"start":{"line":58,"column":19},"end":{"line":62,"column":14}},"line":58},"5":{"name":"query","decl":{"start":{"line":65,"column":19},"end":{"line":69,"column":14}},"loc":{"start":{"line":65,"column":19},"end":{"line":69,"column":14}},"line":65},"6":{"name":"query","decl":{"start":{"line":72,"column":19},"end":{"line":75,"column":14}},"loc":{"start":{"line":72,"column":19},"end":{"line":75,"column":14}},"line":72}},"f":{"0":2,"1":1,"2":1,"3":0,"4":0,"5":0,"6":0}}
,"/home/petertasca/Desktop/book-chat-app/frontend/src/utils/baseAPI.tsx": {"path":"/home/petertasca/Desktop/book-chat-app/frontend/src/utils/baseAPI.tsx","all":false,"statementMap":{"0":{"start":{"line":1,"column":0},"end":{"line":1,"column":44}},"1":{"start":{"line":2,"column":0},"end":{"line":2,"column":42}},"2":{"start":{"line":3,"column":0},"end":{"line":3,"column":26}},"5":{"start":{"line":6,"column":0},"end":{"line":6,"column":50}},"6":{"start":{"line":7,"column":0},"end":{"line":7,"column":43}},"7":{"start":{"line":8,"column":0},"end":{"line":8,"column":27}}},"s":{"0":1,"1":0,"2":1,"5":1,"6":0,"7":1},"branchMap":{"0":{"type":"branch","line":1,"loc":{"start":{"line":1,"column":40},"end":{"line":2,"column":42}},"locations":[{"start":{"line":1,"column":40},"end":{"line":2,"column":42}}]},"1":{"type":"branch","line":6,"loc":{"start":{"line":6,"column":46},"end":{"line":7,"column":43}},"locations":[{"start":{"line":6,"column":46},"end":{"line":7,"column":43}}]}},"b":{"0":[0],"1":[0]},"fnMap":{},"f":{}}
}
