{"/home/petertasca/Desktop/book-chat-app/frontend/src/App.tsx": {"path":"/home/petertasca/Desktop/book-chat-app/frontend/src/App.tsx","all":false,"statementMap":{"0":{"start":{"line":1,"column":0},"end":{"line":1,"column":63}},"1":{"start":{"line":2,"column":0},"end":{"line":2,"column":51}},"2":{"start":{"line":3,"column":0},"end":{"line":3,"column":57}},"3":{"start":{"line":4,"column":0},"end":{"line":4,"column":57}},"4":{"start":{"line":5,"column":0},"end":{"line":5,"column":63}},"5":{"start":{"line":6,"column":0},"end":{"line":6,"column":69}},"6":{"start":{"line":7,"column":0},"end":{"line":7,"column":48}},"7":{"start":{"line":8,"column":0},"end":{"line":8,"column":72}},"8":{"start":{"line":9,"column":0},"end":{"line":9,"column":78}},"9":{"start":{"line":10,"column":0},"end":{"line":10,"column":63}},"11":{"start":{"line":12,"column":0},"end":{"line":12,"column":60}},"12":{"start":{"line":13,"column":0},"end":{"line":13,"column":19}},"16":{"start":{"line":17,"column":0},"end":{"line":17,"column":16}},"24":{"start":{"line":25,"column":0},"end":{"line":25,"column":10}},"26":{"start":{"line":27,"column":0},"end":{"line":27,"column":19}},"29":{"start":{"line":30,"column":0},"end":{"line":30,"column":18}},"30":{"start":{"line":31,"column":0},"end":{"line":31,"column":16}},"31":{"start":{"line":32,"column":0},"end":{"line":32,"column":55}},"32":{"start":{"line":33,"column":0},"end":{"line":33,"column":62}},"33":{"start":{"line":34,"column":0},"end":{"line":34,"column":63}},"34":{"start":{"line":35,"column":0},"end":{"line":35,"column":61}},"37":{"start":{"line":38,"column":0},"end":{"line":38,"column":67}},"38":{"start":{"line":39,"column":0},"end":{"line":39,"column":57}},"43":{"start":{"line":44,"column":0},"end":{"line":44,"column":102}},"45":{"start":{"line":46,"column":0},"end":{"line":46,"column":78}},"48":{"start":{"line":49,"column":0},"end":{"line":49,"column":17}},"50":{"start":{"line":51,"column":0},"end":{"line":51,"column":20}},"55":{"start":{"line":56,"column":0},"end":{"line":56,"column":1}},"59":{"start":{"line":60,"column":0},"end":{"line":60,"column":19}}},"s":{"0":1,"1":1,"2":1,"3":1,"4":1,"5":1,"6":1,"7":1,"8":1,"9":1,"11":1,"12":1,"16":10,"24":10,"26":10,"29":10,"30":10,"31":10,"32":10,"33":10,"34":10,"37":10,"38":10,"43":10,"45":10,"48":10,"50":10,"55":10,"59":1},"branchMap":{"0":{"type":"branch","line":17,"loc":{"start":{"line":17,"column":0},"end":{"line":56,"column":1}},"locations":[{"start":{"line":17,"column":0},"end":{"line":56,"column":1}}]}},"b":{"0":[10]},"fnMap":{"0":{"name":"App","decl":{"start":{"line":17,"column":0},"end":{"line":56,"column":1}},"loc":{"start":{"line":17,"column":0},"end":{"line":56,"column":1}},"line":17}},"f":{"0":10}}
,"/home/petertasca/Desktop/book-chat-app/frontend/src/main.tsx": {"path":"/home/petertasca/Desktop/book-chat-app/frontend/src/main.tsx","all":false,"statementMap":{"0":{"start":{"line":1,"column":0},"end":{"line":1,"column":34}},"1":{"start":{"line":2,"column":0},"end":{"line":2,"column":45}},"2":{"start":{"line":3,"column":0},"end":{"line":3,"column":37}},"3":{"start":{"line":4,"column":0},"end":{"line":4,"column":38}},"4":{"start":{"line":5,"column":0},"end":{"line":5,"column":20}},"5":{"start":{"line":6,"column":0},"end":{"line":6,"column":27}},"11":{"start":{"line":12,"column":0},"end":{"line":12,"column":52}},"12":{"start":{"line":13,"column":0},"end":{"line":13,"column":26}},"13":{"start":{"line":14,"column":0},"end":{"line":14,"column":16}},"14":{"start":{"line":15,"column":0},"end":{"line":15,"column":13}},"15":{"start":{"line":16,"column":0},"end":{"line":16,"column":17}},"16":{"start":{"line":17,"column":0},"end":{"line":17,"column":14}},"17":{"start":{"line":18,"column":0},"end":{"line":18,"column":1}}},"s":{"0":1,"1":1,"2":1,"3":1,"4":1,"5":1,"11":1,"12":1,"13":1,"14":1,"15":1,"16":1,"17":1},"branchMap":{},"b":{},"fnMap":{},"f":{}}
,"/home/petertasca/Desktop/book-chat-app/frontend/src/messages.tsx": {"path":"/home/petertasca/Desktop/book-chat-app/frontend/src/messages.tsx","all":true,"statementMap":{"0":{"start":{"line":1,"column":0},"end":{"line":1,"column":37}},"7":{"start":{"line":8,"column":0},"end":{"line":8,"column":71}},"8":{"start":{"line":9,"column":0},"end":{"line":9,"column":12}},"9":{"start":{"line":10,"column":0},"end":{"line":10,"column":25}},"10":{"start":{"line":11,"column":0},"end":{"line":11,"column":30}},"12":{"start":{"line":13,"column":0},"end":{"line":13,"column":5}},"13":{"start":{"line":14,"column":0},"end":{"line":14,"column":1}},"15":{"start":{"line":16,"column":0},"end":{"line":16,"column":65}},"17":{"start":{"line":18,"column":0},"end":{"line":18,"column":32}},"19":{"start":{"line":20,"column":0},"end":{"line":20,"column":26}},"20":{"start":{"line":21,"column":0},"end":{"line":21,"column":64}},"21":{"start":{"line":22,"column":0},"end":{"line":22,"column":48}},"22":{"start":{"line":23,"column":0},"end":{"line":23,"column":5}},"24":{"start":{"line":25,"column":0},"end":{"line":25,"column":36}},"26":{"start":{"line":27,"column":0},"end":{"line":27,"column":35}},"27":{"start":{"line":28,"column":0},"end":{"line":28,"column":37}},"28":{"start":{"line":29,"column":0},"end":{"line":29,"column":19}},"29":{"start":{"line":30,"column":0},"end":{"line":30,"column":5}},"31":{"start":{"line":32,"column":0},"end":{"line":32,"column":44}},"32":{"start":{"line":33,"column":0},"end":{"line":33,"column":33}},"33":{"start":{"line":34,"column":0},"end":{"line":34,"column":67}},"34":{"start":{"line":35,"column":0},"end":{"line":35,"column":40}},"35":{"start":{"line":36,"column":0},"end":{"line":36,"column":40}},"36":{"start":{"line":37,"column":0},"end":{"line":37,"column":67}},"37":{"start":{"line":38,"column":0},"end":{"line":38,"column":40}},"38":{"start":{"line":39,"column":0},"end":{"line":39,"column":37}},"39":{"start":{"line":40,"column":0},"end":{"line":40,"column":50}},"40":{"start":{"line":41,"column":0},"end":{"line":41,"column":37}},"41":{"start":{"line":42,"column":0},"end":{"line":42,"column":16}},"42":{"start":{"line":43,"column":0},"end":{"line":43,"column":57}},"43":{"start":{"line":44,"column":0},"end":{"line":44,"column":39}},"44":{"start":{"line":45,"column":0},"end":{"line":45,"column":9}},"45":{"start":{"line":46,"column":0},"end":{"line":46,"column":5}},"47":{"start":{"line":48,"column":0},"end":{"line":48,"column":54}},"48":{"start":{"line":49,"column":0},"end":{"line":49,"column":32}},"49":{"start":{"line":50,"column":0},"end":{"line":50,"column":1}}},"s":{"0":0,"7":0,"8":0,"9":0,"10":0,"12":0,"13":0,"15":0,"17":0,"19":0,"20":0,"21":0,"22":0,"24":0,"26":0,"27":0,"28":0,"29":0,"31":0,"32":0,"33":0,"34":0,"35":0,"36":0,"37":0,"38":0,"39":0,"40":0,"41":0,"42":0,"43":0,"44":0,"45":0,"47":0,"48":0,"49":0},"branchMap":{"0":{"type":"branch","line":1,"loc":{"start":{"line":1,"column":0},"end":{"line":50,"column":1}},"locations":[{"start":{"line":1,"column":0},"end":{"line":50,"column":1}}]}},"b":{"0":[0]},"fnMap":{"0":{"name":"(empty-report)","decl":{"start":{"line":1,"column":0},"end":{"line":50,"column":1}},"loc":{"start":{"line":1,"column":0},"end":{"line":50,"column":1}},"line":1}},"f":{"0":0}}
,"/home/petertasca/Desktop/book-chat-app/frontend/src/types.ts": {"path":"/home/petertasca/Desktop/book-chat-app/frontend/src/types.ts","all":true,"statementMap":{"206":{"start":{"line":207,"column":0},"end":{"line":207,"column":38}}},"s":{"206":0},"branchMap":{"0":{"type":"branch","line":1,"loc":{"start":{"line":1,"column":3752},"end":{"line":207,"column":38}},"locations":[{"start":{"line":1,"column":3752},"end":{"line":207,"column":38}}]}},"b":{"0":[1]},"fnMap":{"0":{"name":"(empty-report)","decl":{"start":{"line":1,"column":3752},"end":{"line":207,"column":38}},"loc":{"start":{"line":1,"column":3752},"end":{"line":207,"column":38}},"line":1}},"f":{"0":1}}
,"/home/petertasca/Desktop/book-chat-app/frontend/src/components/Icons.tsx": {"path":"/home/petertasca/Desktop/book-chat-app/frontend/src/components/Icons.tsx","all":false,"statementMap":{"0":{"start":{"line":1,"column":0},"end":{"line":1,"column":49}},"2":{"start":{"line":3,"column":0},"end":{"line":3,"column":70}},"3":{"start":{"line":4,"column":0},"end":{"line":4,"column":61}},"4":{"start":{"line":5,"column":0},"end":{"line":5,"column":51}},"5":{"start":{"line":6,"column":0},"end":{"line":6,"column":47}},"6":{"start":{"line":7,"column":0},"end":{"line":7,"column":49}},"7":{"start":{"line":8,"column":0},"end":{"line":8,"column":70}},"8":{"start":{"line":9,"column":0},"end":{"line":9,"column":48}},"21":{"start":{"line":22,"column":0},"end":{"line":22,"column":106}},"23":{"start":{"line":24,"column":0},"end":{"line":24,"column":95}},"33":{"start":{"line":34,"column":0},"end":{"line":34,"column":107}},"35":{"start":{"line":36,"column":0},"end":{"line":36,"column":117}},"37":{"start":{"line":38,"column":0},"end":{"line":38,"column":71}},"38":{"start":{"line":39,"column":0},"end":{"line":39,"column":109}},"41":{"start":{"line":42,"column":0},"end":{"line":42,"column":89}},"43":{"start":{"line":44,"column":0},"end":{"line":44,"column":98}},"45":{"start":{"line":46,"column":0},"end":{"line":46,"column":89}},"47":{"start":{"line":48,"column":0},"end":{"line":48,"column":101}},"49":{"start":{"line":50,"column":0},"end":{"line":50,"column":104}},"51":{"start":{"line":52,"column":0},"end":{"line":52,"column":101}},"53":{"start":{"line":54,"column":0},"end":{"line":54,"column":104}},"55":{"start":{"line":56,"column":0},"end":{"line":56,"column":101}}},"s":{"0":1,"2":1,"3":1,"4":1,"5":1,"6":1,"7":1,"8":1,"21":1,"23":1,"33":1,"35":1,"37":1,"38":0,"41":1,"43":1,"45":1,"47":1,"49":1,"51":1,"53":1,"55":1},"branchMap":{"0":{"type":"branch","line":22,"loc":{"start":{"line":22,"column":28},"end":{"line":22,"column":106}},"locations":[{"start":{"line":22,"column":28},"end":{"line":22,"column":106}}]},"1":{"type":"branch","line":42,"loc":{"start":{"line":42,"column":24},"end":{"line":42,"column":89}},"locations":[{"start":{"line":42,"column":24},"end":{"line":42,"column":89}}]},"2":{"type":"branch","line":44,"loc":{"start":{"line":44,"column":27},"end":{"line":44,"column":98}},"locations":[{"start":{"line":44,"column":27},"end":{"line":44,"column":98}}]},"3":{"type":"branch","line":52,"loc":{"start":{"line":52,"column":26},"end":{"line":52,"column":101}},"locations":[{"start":{"line":52,"column":26},"end":{"line":52,"column":101}}]}},"b":{"0":[10],"1":[4],"2":[4],"3":[4]},"fnMap":{"0":{"name":"BookmarkIcon","decl":{"start":{"line":22,"column":28},"end":{"line":22,"column":106}},"loc":{"start":{"line":22,"column":28},"end":{"line":22,"column":106}},"line":22},"1":{"name":"SearchIcon","decl":{"start":{"line":24,"column":26},"end":{"line":24,"column":95}},"loc":{"start":{"line":24,"column":26},"end":{"line":24,"column":95}},"line":24},"2":{"name":"HamburgerIcon","decl":{"start":{"line":34,"column":29},"end":{"line":34,"column":107}},"loc":{"start":{"line":34,"column":29},"end":{"line":34,"column":107}},"line":34},"3":{"name":"CloseHamburgerIcon","decl":{"start":{"line":36,"column":34},"end":{"line":36,"column":117}},"loc":{"start":{"line":36,"column":34},"end":{"line":36,"column":117}},"line":36},"4":{"name":"RightDropDownIcon","decl":{"start":{"line":38,"column":33},"end":{"line":39,"column":109}},"loc":{"start":{"line":38,"column":33},"end":{"line":39,"column":109}},"line":38},"5":{"name":"LikeIcon","decl":{"start":{"line":42,"column":24},"end":{"line":42,"column":89}},"loc":{"start":{"line":42,"column":24},"end":{"line":42,"column":89}},"line":42},"6":{"name":"DislikeIcon","decl":{"start":{"line":44,"column":27},"end":{"line":44,"column":98}},"loc":{"start":{"line":44,"column":27},"end":{"line":44,"column":98}},"line":44},"7":{"name":"UserIcon","decl":{"start":{"line":46,"column":24},"end":{"line":46,"column":89}},"loc":{"start":{"line":46,"column":24},"end":{"line":46,"column":89}},"line":46},"8":{"name":"CloseIcon","decl":{"start":{"line":48,"column":25},"end":{"line":48,"column":101}},"loc":{"start":{"line":48,"column":25},"end":{"line":48,"column":101}},"line":48},"9":{"name":"CheckmarkIcon","decl":{"start":{"line":50,"column":29},"end":{"line":50,"column":104}},"loc":{"start":{"line":50,"column":29},"end":{"line":50,"column":104}},"line":50},"10":{"name":"CancelIcon","decl":{"start":{"line":52,"column":26},"end":{"line":52,"column":101}},"loc":{"start":{"line":52,"column":26},"end":{"line":52,"column":101}},"line":52},"11":{"name":"RightArrow","decl":{"start":{"line":54,"column":26},"end":{"line":54,"column":104}},"loc":{"start":{"line":54,"column":26},"end":{"line":54,"column":104}},"line":54},"12":{"name":"LeftArrow","decl":{"start":{"line":56,"column":25},"end":{"line":56,"column":101}},"loc":{"start":{"line":56,"column":25},"end":{"line":56,"column":101}},"line":56}},"f":{"0":10,"1":0,"2":0,"3":0,"4":0,"5":4,"6":4,"7":0,"8":0,"9":0,"10":4,"11":0,"12":0}}
,"/home/petertasca/Desktop/book-chat-app/frontend/src/components/functions.tsx": {"path":"/home/petertasca/Desktop/book-chat-app/frontend/src/components/functions.tsx","all":false,"statementMap":{"5":{"start":{"line":6,"column":0},"end":{"line":6,"column":48}},"6":{"start":{"line":7,"column":0},"end":{"line":7,"column":38}},"7":{"start":{"line":8,"column":0},"end":{"line":8,"column":145}},"8":{"start":{"line":9,"column":0},"end":{"line":9,"column":31}},"9":{"start":{"line":10,"column":0},"end":{"line":10,"column":45}},"10":{"start":{"line":11,"column":0},"end":{"line":11,"column":35}},"12":{"start":{"line":13,"column":0},"end":{"line":13,"column":31}},"13":{"start":{"line":14,"column":0},"end":{"line":14,"column":1}},"15":{"start":{"line":16,"column":0},"end":{"line":16,"column":40}},"16":{"start":{"line":17,"column":0},"end":{"line":17,"column":15}},"18":{"start":{"line":19,"column":0},"end":{"line":19,"column":30}},"19":{"start":{"line":20,"column":0},"end":{"line":20,"column":40}},"20":{"start":{"line":21,"column":0},"end":{"line":21,"column":60}},"21":{"start":{"line":22,"column":0},"end":{"line":22,"column":74}},"22":{"start":{"line":23,"column":0},"end":{"line":23,"column":24}},"24":{"start":{"line":25,"column":0},"end":{"line":25,"column":5}},"25":{"start":{"line":26,"column":0},"end":{"line":26,"column":1}}},"s":{"5":1,"6":5,"7":5,"8":5,"9":5,"10":5,"12":5,"13":5,"15":1,"16":1,"18":1,"19":1,"20":1,"21":1,"22":1,"24":1,"25":1},"branchMap":{"0":{"type":"branch","line":6,"loc":{"start":{"line":6,"column":7},"end":{"line":14,"column":1}},"locations":[{"start":{"line":6,"column":7},"end":{"line":14,"column":1}}]},"1":{"type":"branch","line":16,"loc":{"start":{"line":16,"column":7},"end":{"line":26,"column":1}},"locations":[{"start":{"line":16,"column":7},"end":{"line":26,"column":1}}]}},"b":{"0":[5],"1":[1]},"fnMap":{"0":{"name":"formatDate","decl":{"start":{"line":6,"column":7},"end":{"line":14,"column":1}},"loc":{"start":{"line":6,"column":7},"end":{"line":14,"column":1}},"line":6},"1":{"name":"weeksAgo","decl":{"start":{"line":16,"column":7},"end":{"line":26,"column":1}},"loc":{"start":{"line":16,"column":7},"end":{"line":26,"column":1}},"line":16}},"f":{"0":5,"1":1}}
,"/home/petertasca/Desktop/book-chat-app/frontend/src/components/Accordion/Accordion.tsx": {"path":"/home/petertasca/Desktop/book-chat-app/frontend/src/components/Accordion/Accordion.tsx","all":false,"statementMap":{"0":{"start":{"line":1,"column":0},"end":{"line":1,"column":24}},"1":{"start":{"line":2,"column":0},"end":{"line":2,"column":31}},"5":{"start":{"line":6,"column":0},"end":{"line":6,"column":64}},"7":{"start":{"line":8,"column":0},"end":{"line":8,"column":55}},"9":{"start":{"line":10,"column":0},"end":{"line":10,"column":35}},"11":{"start":{"line":12,"column":0},"end":{"line":12,"column":36}},"13":{"start":{"line":14,"column":0},"end":{"line":14,"column":5}},"15":{"start":{"line":16,"column":0},"end":{"line":16,"column":11}},"16":{"start":{"line":17,"column":0},"end":{"line":17,"column":36}},"17":{"start":{"line":18,"column":0},"end":{"line":18,"column":42}},"18":{"start":{"line":19,"column":0},"end":{"line":19,"column":17}},"19":{"start":{"line":20,"column":0},"end":{"line":20,"column":87}},"20":{"start":{"line":21,"column":0},"end":{"line":21,"column":34}},"21":{"start":{"line":22,"column":0},"end":{"line":22,"column":47}},"22":{"start":{"line":23,"column":0},"end":{"line":23,"column":34}},"23":{"start":{"line":24,"column":0},"end":{"line":24,"column":29}},"25":{"start":{"line":26,"column":0},"end":{"line":26,"column":72}},"26":{"start":{"line":27,"column":0},"end":{"line":27,"column":18}},"27":{"start":{"line":28,"column":0},"end":{"line":28,"column":40}},"28":{"start":{"line":29,"column":0},"end":{"line":29,"column":23}},"29":{"start":{"line":30,"column":0},"end":{"line":30,"column":93}},"30":{"start":{"line":31,"column":0},"end":{"line":31,"column":49}},"31":{"start":{"line":32,"column":0},"end":{"line":32,"column":46}},"32":{"start":{"line":33,"column":0},"end":{"line":33,"column":45}},"35":{"start":{"line":36,"column":0},"end":{"line":36,"column":87}},"36":{"start":{"line":37,"column":0},"end":{"line":37,"column":62}},"37":{"start":{"line":38,"column":0},"end":{"line":38,"column":27}},"38":{"start":{"line":39,"column":0},"end":{"line":39,"column":29}},"42":{"start":{"line":43,"column":0},"end":{"line":43,"column":14}},"44":{"start":{"line":45,"column":0},"end":{"line":45,"column":10}},"47":{"start":{"line":48,"column":0},"end":{"line":48,"column":1}},"49":{"start":{"line":50,"column":0},"end":{"line":50,"column":24}}},"s":{"0":1,"1":1,"5":1,"7":3,"9":3,"11":1,"13":1,"15":3,"16":3,"17":3,"18":3,"19":3,"20":3,"21":3,"22":3,"23":3,"25":3,"26":3,"27":3,"28":3,"29":3,"30":3,"31":3,"32":3,"35":3,"36":3,"37":3,"38":3,"42":3,"44":3,"47":3,"49":1},"branchMap":{"0":{"type":"branch","line":6,"loc":{"start":{"line":6,"column":18},"end":{"line":48,"column":1}},"locations":[{"start":{"line":6,"column":18},"end":{"line":48,"column":1}}]},"1":{"type":"branch","line":20,"loc":{"start":{"line":20,"column":48},"end":{"line":20,"column":73}},"locations":[{"start":{"line":20,"column":48},"end":{"line":20,"column":73}}]},"2":{"type":"branch","line":20,"loc":{"start":{"line":20,"column":61},"end":{"line":20,"column":84}},"locations":[{"start":{"line":20,"column":61},"end":{"line":20,"column":84}}]},"3":{"type":"branch","line":30,"loc":{"start":{"line":30,"column":54},"end":{"line":30,"column":79}},"locations":[{"start":{"line":30,"column":54},"end":{"line":30,"column":79}}]},"4":{"type":"branch","line":30,"loc":{"start":{"line":30,"column":67},"end":{"line":30,"column":90}},"locations":[{"start":{"line":30,"column":67},"end":{"line":30,"column":90}}]},"5":{"type":"branch","line":36,"loc":{"start":{"line":36,"column":38},"end":{"line":36,"column":69}},"locations":[{"start":{"line":36,"column":38},"end":{"line":36,"column":69}}]},"6":{"type":"branch","line":36,"loc":{"start":{"line":36,"column":51},"end":{"line":36,"column":87}},"locations":[{"start":{"line":36,"column":51},"end":{"line":36,"column":87}}]},"7":{"type":"branch","line":37,"loc":{"start":{"line":37,"column":25},"end":{"line":37,"column":51}},"locations":[{"start":{"line":37,"column":25},"end":{"line":37,"column":51}}]},"8":{"type":"branch","line":37,"loc":{"start":{"line":37,"column":38},"end":{"line":37,"column":62}},"locations":[{"start":{"line":37,"column":38},"end":{"line":37,"column":62}}]},"9":{"type":"branch","line":10,"loc":{"start":{"line":10,"column":28},"end":{"line":14,"column":5}},"locations":[{"start":{"line":10,"column":28},"end":{"line":14,"column":5}}]},"10":{"type":"branch","line":12,"loc":{"start":{"line":12,"column":22},"end":{"line":12,"column":35}},"locations":[{"start":{"line":12,"column":22},"end":{"line":12,"column":35}}]}},"b":{"0":[3],"1":[1],"2":[2],"3":[1],"4":[2],"5":[1],"6":[2],"7":[1],"8":[2],"9":[1],"10":[1]},"fnMap":{"0":{"name":"Accordion","decl":{"start":{"line":6,"column":18},"end":{"line":48,"column":1}},"loc":{"start":{"line":6,"column":18},"end":{"line":48,"column":1}},"line":6},"1":{"name":"toggleAccordion","decl":{"start":{"line":10,"column":28},"end":{"line":14,"column":5}},"loc":{"start":{"line":10,"column":28},"end":{"line":14,"column":5}},"line":10}},"f":{"0":3,"1":1}}
,"/home/petertasca/Desktop/book-chat-app/frontend/src/components/AuthorBooks/AuthorBooks.tsx": {"path":"/home/petertasca/Desktop/book-chat-app/frontend/src/components/AuthorBooks/AuthorBooks.tsx","all":false,"statementMap":{"0":{"start":{"line":1,"column":0},"end":{"line":1,"column":46}},"2":{"start":{"line":3,"column":0},"end":{"line":3,"column":26}},"10":{"start":{"line":11,"column":0},"end":{"line":11,"column":42}},"12":{"start":{"line":13,"column":0},"end":{"line":13,"column":60}},"13":{"start":{"line":14,"column":0},"end":{"line":14,"column":15}},"14":{"start":{"line":15,"column":0},"end":{"line":15,"column":52}},"15":{"start":{"line":16,"column":0},"end":{"line":16,"column":103}},"16":{"start":{"line":17,"column":0},"end":{"line":17,"column":63}},"17":{"start":{"line":18,"column":0},"end":{"line":18,"column":17}},"19":{"start":{"line":20,"column":0},"end":{"line":20,"column":6}},"21":{"start":{"line":22,"column":0},"end":{"line":22,"column":11}},"22":{"start":{"line":23,"column":0},"end":{"line":23,"column":38}},"23":{"start":{"line":24,"column":0},"end":{"line":24,"column":44}},"24":{"start":{"line":25,"column":0},"end":{"line":25,"column":43}},"25":{"start":{"line":26,"column":0},"end":{"line":26,"column":57}},"26":{"start":{"line":27,"column":0},"end":{"line":27,"column":51}},"27":{"start":{"line":28,"column":0},"end":{"line":28,"column":34}},"28":{"start":{"line":29,"column":0},"end":{"line":29,"column":21}},"30":{"start":{"line":31,"column":0},"end":{"line":31,"column":27}},"31":{"start":{"line":32,"column":0},"end":{"line":32,"column":72}},"32":{"start":{"line":33,"column":0},"end":{"line":33,"column":28}},"35":{"start":{"line":36,"column":0},"end":{"line":36,"column":18}},"38":{"start":{"line":39,"column":0},"end":{"line":39,"column":1}},"40":{"start":{"line":41,"column":0},"end":{"line":41,"column":26}}},"s":{"0":1,"2":1,"10":1,"12":2,"13":10,"14":10,"15":10,"16":10,"17":10,"19":2,"21":2,"22":2,"23":2,"24":2,"25":2,"26":1,"27":1,"28":1,"30":1,"31":1,"32":1,"35":2,"38":2,"40":1},"branchMap":{"0":{"type":"branch","line":11,"loc":{"start":{"line":11,"column":20},"end":{"line":39,"column":1}},"locations":[{"start":{"line":11,"column":20},"end":{"line":39,"column":1}}]},"1":{"type":"branch","line":26,"loc":{"start":{"line":26,"column":52},"end":{"line":29,"column":21}},"locations":[{"start":{"line":26,"column":52},"end":{"line":29,"column":21}}]},"2":{"type":"branch","line":29,"loc":{"start":{"line":29,"column":16},"end":{"line":33,"column":28}},"locations":[{"start":{"line":29,"column":16},"end":{"line":33,"column":28}}]},"3":{"type":"branch","line":13,"loc":{"start":{"line":13,"column":43},"end":{"line":20,"column":5}},"locations":[{"start":{"line":13,"column":43},"end":{"line":20,"column":5}}]}},"b":{"0":[2],"1":[1],"2":[1],"3":[10]},"fnMap":{"0":{"name":"AuthorBooks","decl":{"start":{"line":11,"column":20},"end":{"line":39,"column":1}},"loc":{"start":{"line":11,"column":20},"end":{"line":39,"column":1}},"line":11}},"f":{"0":2}}
,"/home/petertasca/Desktop/book-chat-app/frontend/src/components/AuthorDetails/AuthorDetails.tsx": {"path":"/home/petertasca/Desktop/book-chat-app/frontend/src/components/AuthorDetails/AuthorDetails.tsx","all":false,"statementMap":{"0":{"start":{"line":1,"column":0},"end":{"line":1,"column":28}},"1":{"start":{"line":2,"column":0},"end":{"line":2,"column":39}},"11":{"start":{"line":12,"column":0},"end":{"line":12,"column":51}},"13":{"start":{"line":14,"column":0},"end":{"line":14,"column":11}},"14":{"start":{"line":15,"column":0},"end":{"line":15,"column":51}},"15":{"start":{"line":16,"column":0},"end":{"line":16,"column":18}},"16":{"start":{"line":17,"column":0},"end":{"line":17,"column":33}},"17":{"start":{"line":18,"column":0},"end":{"line":18,"column":51}},"18":{"start":{"line":19,"column":0},"end":{"line":19,"column":28}},"19":{"start":{"line":20,"column":0},"end":{"line":20,"column":46}},"20":{"start":{"line":21,"column":0},"end":{"line":21,"column":78}},"21":{"start":{"line":22,"column":0},"end":{"line":22,"column":23}},"22":{"start":{"line":23,"column":0},"end":{"line":23,"column":18}},"23":{"start":{"line":24,"column":0},"end":{"line":24,"column":16}},"27":{"start":{"line":28,"column":0},"end":{"line":28,"column":1}},"29":{"start":{"line":30,"column":0},"end":{"line":30,"column":28}}},"s":{"0":1,"1":1,"11":1,"13":1,"14":1,"15":1,"16":1,"17":1,"18":1,"19":1,"20":1,"21":1,"22":1,"23":1,"27":1,"29":1},"branchMap":{"0":{"type":"branch","line":12,"loc":{"start":{"line":12,"column":22},"end":{"line":28,"column":1}},"locations":[{"start":{"line":12,"column":22},"end":{"line":28,"column":1}}]}},"b":{"0":[1]},"fnMap":{"0":{"name":"AuthorDetails","decl":{"start":{"line":12,"column":22},"end":{"line":28,"column":1}},"loc":{"start":{"line":12,"column":22},"end":{"line":28,"column":1}},"line":12}},"f":{"0":1}}
,"/home/petertasca/Desktop/book-chat-app/frontend/src/components/AuthorHeader/AuthorHeader.tsx": {"path":"/home/petertasca/Desktop/book-chat-app/frontend/src/components/AuthorHeader/AuthorHeader.tsx","all":false,"statementMap":{"0":{"start":{"line":1,"column":0},"end":{"line":1,"column":46}},"2":{"start":{"line":3,"column":0},"end":{"line":3,"column":27}},"10":{"start":{"line":11,"column":0},"end":{"line":11,"column":43}},"12":{"start":{"line":13,"column":0},"end":{"line":13,"column":11}},"13":{"start":{"line":14,"column":0},"end":{"line":14,"column":39}},"14":{"start":{"line":15,"column":0},"end":{"line":15,"column":147}},"15":{"start":{"line":16,"column":0},"end":{"line":16,"column":45}},"16":{"start":{"line":17,"column":0},"end":{"line":17,"column":38}},"17":{"start":{"line":18,"column":0},"end":{"line":18,"column":62}},"18":{"start":{"line":19,"column":0},"end":{"line":19,"column":62}},"19":{"start":{"line":20,"column":0},"end":{"line":20,"column":22}},"20":{"start":{"line":21,"column":0},"end":{"line":21,"column":42}},"22":{"start":{"line":23,"column":0},"end":{"line":23,"column":51}},"23":{"start":{"line":24,"column":0},"end":{"line":24,"column":22}},"24":{"start":{"line":25,"column":0},"end":{"line":25,"column":22}},"25":{"start":{"line":26,"column":0},"end":{"line":26,"column":14}},"28":{"start":{"line":29,"column":0},"end":{"line":29,"column":1}},"30":{"start":{"line":31,"column":0},"end":{"line":31,"column":27}}},"s":{"0":1,"2":1,"10":1,"12":2,"13":2,"14":2,"15":2,"16":2,"17":2,"18":2,"19":2,"20":2,"22":2,"23":2,"24":2,"25":2,"28":2,"30":1},"branchMap":{"0":{"type":"branch","line":11,"loc":{"start":{"line":11,"column":21},"end":{"line":29,"column":1}},"locations":[{"start":{"line":11,"column":21},"end":{"line":29,"column":1}}]}},"b":{"0":[2]},"fnMap":{"0":{"name":"AuthorHeader","decl":{"start":{"line":11,"column":21},"end":{"line":29,"column":1}},"loc":{"start":{"line":11,"column":21},"end":{"line":29,"column":1}},"line":11}},"f":{"0":2}}
,"/home/petertasca/Desktop/book-chat-app/frontend/src/components/AuthorPage/AuthorPage.tsx": {"path":"/home/petertasca/Desktop/book-chat-app/frontend/src/components/AuthorPage/AuthorPage.tsx","all":false,"statementMap":{"0":{"start":{"line":1,"column":0},"end":{"line":1,"column":66}},"1":{"start":{"line":2,"column":0},"end":{"line":2,"column":55}},"2":{"start":{"line":3,"column":0},"end":{"line":3,"column":54}},"3":{"start":{"line":4,"column":0},"end":{"line":4,"column":53}},"4":{"start":{"line":5,"column":0},"end":{"line":5,"column":52}},"5":{"start":{"line":6,"column":0},"end":{"line":6,"column":52}},"7":{"start":{"line":8,"column":0},"end":{"line":8,"column":43}},"8":{"start":{"line":9,"column":0},"end":{"line":9,"column":34}},"9":{"start":{"line":10,"column":0},"end":{"line":10,"column":25}},"12":{"start":{"line":13,"column":0},"end":{"line":13,"column":26}},"14":{"start":{"line":15,"column":0},"end":{"line":15,"column":29}},"15":{"start":{"line":16,"column":0},"end":{"line":16,"column":34}},"16":{"start":{"line":17,"column":0},"end":{"line":17,"column":60}},"17":{"start":{"line":18,"column":0},"end":{"line":18,"column":70}},"19":{"start":{"line":20,"column":0},"end":{"line":20,"column":41}},"21":{"start":{"line":22,"column":0},"end":{"line":22,"column":13}},"22":{"start":{"line":23,"column":0},"end":{"line":23,"column":56}},"23":{"start":{"line":24,"column":0},"end":{"line":24,"column":58}},"24":{"start":{"line":25,"column":0},"end":{"line":25,"column":33}},"25":{"start":{"line":26,"column":0},"end":{"line":26,"column":33}},"26":{"start":{"line":27,"column":0},"end":{"line":27,"column":56}},"27":{"start":{"line":28,"column":0},"end":{"line":28,"column":52}},"28":{"start":{"line":29,"column":0},"end":{"line":29,"column":51}},"30":{"start":{"line":31,"column":0},"end":{"line":31,"column":15}},"32":{"start":{"line":33,"column":0},"end":{"line":33,"column":27}},"33":{"start":{"line":34,"column":0},"end":{"line":34,"column":55}},"34":{"start":{"line":35,"column":0},"end":{"line":35,"column":9}},"36":{"start":{"line":37,"column":0},"end":{"line":37,"column":5}},"38":{"start":{"line":39,"column":0},"end":{"line":39,"column":22}},"40":{"start":{"line":41,"column":0},"end":{"line":41,"column":25}},"42":{"start":{"line":43,"column":0},"end":{"line":43,"column":12}},"46":{"start":{"line":47,"column":0},"end":{"line":47,"column":46}},"47":{"start":{"line":48,"column":0},"end":{"line":48,"column":11}},"49":{"start":{"line":50,"column":0},"end":{"line":50,"column":37}},"50":{"start":{"line":51,"column":0},"end":{"line":51,"column":42}},"51":{"start":{"line":52,"column":0},"end":{"line":52,"column":43}},"52":{"start":{"line":53,"column":0},"end":{"line":53,"column":43}},"53":{"start":{"line":54,"column":0},"end":{"line":54,"column":14}},"57":{"start":{"line":58,"column":0},"end":{"line":58,"column":1}},"59":{"start":{"line":60,"column":0},"end":{"line":60,"column":25}}},"s":{"0":1,"1":1,"2":1,"3":1,"4":1,"5":1,"7":1,"8":1,"9":1,"12":1,"14":3,"15":3,"16":3,"17":3,"19":3,"21":3,"22":3,"23":2,"24":2,"25":2,"26":2,"27":2,"28":2,"30":2,"32":2,"33":2,"34":2,"36":3,"38":3,"40":3,"42":3,"46":3,"47":3,"49":3,"50":3,"51":3,"52":3,"53":3,"57":3,"59":1},"branchMap":{"0":{"type":"branch","line":13,"loc":{"start":{"line":13,"column":19},"end":{"line":58,"column":1}},"locations":[{"start":{"line":13,"column":19},"end":{"line":58,"column":1}}]},"1":{"type":"branch","line":51,"loc":{"start":{"line":51,"column":13},"end":{"line":51,"column":42}},"locations":[{"start":{"line":51,"column":13},"end":{"line":51,"column":42}}]},"2":{"type":"branch","line":18,"loc":{"start":{"line":18,"column":35},"end":{"line":18,"column":69}},"locations":[{"start":{"line":18,"column":35},"end":{"line":18,"column":69}}]},"3":{"type":"branch","line":20,"loc":{"start":{"line":20,"column":28},"end":{"line":37,"column":5}},"locations":[{"start":{"line":20,"column":28},"end":{"line":37,"column":5}}]},"4":{"type":"branch","line":23,"loc":{"start":{"line":23,"column":55},"end":{"line":35,"column":9}},"locations":[{"start":{"line":23,"column":55},"end":{"line":35,"column":9}}]},"5":{"type":"branch","line":39,"loc":{"start":{"line":39,"column":15},"end":{"line":43,"column":7}},"locations":[{"start":{"line":39,"column":15},"end":{"line":43,"column":7}}]}},"b":{"0":[3],"1":[1],"2":[3],"3":[3],"4":[2],"5":[3]},"fnMap":{"0":{"name":"AuthorPage","decl":{"start":{"line":13,"column":19},"end":{"line":58,"column":1}},"loc":{"start":{"line":13,"column":19},"end":{"line":58,"column":1}},"line":13},"1":{"name":"handleGetAuthor","decl":{"start":{"line":20,"column":28},"end":{"line":37,"column":5}},"loc":{"start":{"line":20,"column":28},"end":{"line":37,"column":5}},"line":20}},"f":{"0":3,"1":3}}
,"/home/petertasca/Desktop/book-chat-app/frontend/src/components/BarChart/BarChart.tsx": {"path":"/home/petertasca/Desktop/book-chat-app/frontend/src/components/BarChart/BarChart.tsx","all":true,"statementMap":{"0":{"start":{"line":1,"column":0},"end":{"line":1,"column":25}},"1":{"start":{"line":2,"column":0},"end":{"line":2,"column":42}},"9":{"start":{"line":10,"column":0},"end":{"line":10,"column":40}},"11":{"start":{"line":12,"column":0},"end":{"line":12,"column":46}},"13":{"start":{"line":14,"column":0},"end":{"line":14,"column":53}},"15":{"start":{"line":16,"column":0},"end":{"line":16,"column":21}},"16":{"start":{"line":17,"column":0},"end":{"line":17,"column":36}},"18":{"start":{"line":19,"column":0},"end":{"line":19,"column":67}},"19":{"start":{"line":20,"column":0},"end":{"line":20,"column":55}},"20":{"start":{"line":21,"column":0},"end":{"line":21,"column":43}},"24":{"start":{"line":25,"column":0},"end":{"line":25,"column":58}},"26":{"start":{"line":27,"column":0},"end":{"line":27,"column":22}},"27":{"start":{"line":28,"column":0},"end":{"line":28,"column":31}},"28":{"start":{"line":29,"column":0},"end":{"line":29,"column":58}},"29":{"start":{"line":30,"column":0},"end":{"line":30,"column":60}},"30":{"start":{"line":31,"column":0},"end":{"line":31,"column":20}},"31":{"start":{"line":32,"column":0},"end":{"line":32,"column":69}},"35":{"start":{"line":36,"column":0},"end":{"line":36,"column":39}},"36":{"start":{"line":37,"column":0},"end":{"line":37,"column":60}},"37":{"start":{"line":38,"column":0},"end":{"line":38,"column":26}},"39":{"start":{"line":40,"column":0},"end":{"line":40,"column":37}},"40":{"start":{"line":41,"column":0},"end":{"line":41,"column":46}},"41":{"start":{"line":42,"column":0},"end":{"line":42,"column":27}},"42":{"start":{"line":43,"column":0},"end":{"line":43,"column":21}},"44":{"start":{"line":45,"column":0},"end":{"line":45,"column":29}},"45":{"start":{"line":46,"column":0},"end":{"line":46,"column":26}},"46":{"start":{"line":47,"column":0},"end":{"line":47,"column":20}},"47":{"start":{"line":48,"column":0},"end":{"line":48,"column":27}},"48":{"start":{"line":49,"column":0},"end":{"line":49,"column":25}},"49":{"start":{"line":50,"column":0},"end":{"line":50,"column":49}},"50":{"start":{"line":51,"column":0},"end":{"line":51,"column":57}},"51":{"start":{"line":52,"column":0},"end":{"line":52,"column":47}},"52":{"start":{"line":53,"column":0},"end":{"line":53,"column":35}},"57":{"start":{"line":58,"column":0},"end":{"line":58,"column":40}},"58":{"start":{"line":59,"column":0},"end":{"line":59,"column":26}},"59":{"start":{"line":60,"column":0},"end":{"line":60,"column":20}},"60":{"start":{"line":61,"column":0},"end":{"line":61,"column":27}},"61":{"start":{"line":62,"column":0},"end":{"line":62,"column":40}},"62":{"start":{"line":63,"column":0},"end":{"line":63,"column":35}},"63":{"start":{"line":64,"column":0},"end":{"line":64,"column":57}},"64":{"start":{"line":65,"column":0},"end":{"line":65,"column":77}},"65":{"start":{"line":66,"column":0},"end":{"line":66,"column":42}},"66":{"start":{"line":67,"column":0},"end":{"line":67,"column":49}},"67":{"start":{"line":68,"column":0},"end":{"line":68,"column":35}},"70":{"start":{"line":71,"column":0},"end":{"line":71,"column":37}},"71":{"start":{"line":72,"column":0},"end":{"line":72,"column":39}},"73":{"start":{"line":74,"column":0},"end":{"line":74,"column":31}},"74":{"start":{"line":75,"column":0},"end":{"line":75,"column":64}},"75":{"start":{"line":76,"column":0},"end":{"line":76,"column":64}},"76":{"start":{"line":77,"column":0},"end":{"line":77,"column":62}},"80":{"start":{"line":81,"column":0},"end":{"line":81,"column":17}},"83":{"start":{"line":84,"column":0},"end":{"line":84,"column":11}},"84":{"start":{"line":85,"column":0},"end":{"line":85,"column":32}},"87":{"start":{"line":88,"column":0},"end":{"line":88,"column":1}},"89":{"start":{"line":90,"column":0},"end":{"line":90,"column":23}}},"s":{"0":0,"1":0,"9":0,"11":0,"13":0,"15":0,"16":0,"18":0,"19":0,"20":0,"24":0,"26":0,"27":0,"28":0,"29":0,"30":0,"31":0,"35":0,"36":0,"37":0,"39":0,"40":0,"41":0,"42":0,"44":0,"45":0,"46":0,"47":0,"48":0,"49":0,"50":0,"51":0,"52":0,"57":0,"58":0,"59":0,"60":0,"61":0,"62":0,"63":0,"64":0,"65":0,"66":0,"67":0,"70":0,"71":0,"73":0,"74":0,"75":0,"76":0,"80":0,"83":0,"84":0,"87":0,"89":0},"branchMap":{"0":{"type":"branch","line":1,"loc":{"start":{"line":1,"column":2479},"end":{"line":90,"column":23}},"locations":[{"start":{"line":1,"column":2479},"end":{"line":90,"column":23}}]}},"b":{"0":[0]},"fnMap":{"0":{"name":"(empty-report)","decl":{"start":{"line":1,"column":2479},"end":{"line":90,"column":23}},"loc":{"start":{"line":1,"column":2479},"end":{"line":90,"column":23}},"line":1}},"f":{"0":0}}
,"/home/petertasca/Desktop/book-chat-app/frontend/src/components/BookCard/BookCard.tsx": {"path":"/home/petertasca/Desktop/book-chat-app/frontend/src/components/BookCard/BookCard.tsx","all":false,"statementMap":{"0":{"start":{"line":1,"column":0},"end":{"line":1,"column":60}},"1":{"start":{"line":2,"column":0},"end":{"line":2,"column":70}},"3":{"start":{"line":4,"column":0},"end":{"line":4,"column":23}},"11":{"start":{"line":12,"column":0},"end":{"line":12,"column":54}},"14":{"start":{"line":15,"column":0},"end":{"line":15,"column":48}},"16":{"start":{"line":17,"column":0},"end":{"line":17,"column":42}},"18":{"start":{"line":19,"column":0},"end":{"line":19,"column":42}},"20":{"start":{"line":21,"column":0},"end":{"line":21,"column":13}},"22":{"start":{"line":23,"column":0},"end":{"line":23,"column":42}},"23":{"start":{"line":24,"column":0},"end":{"line":24,"column":65}},"24":{"start":{"line":25,"column":0},"end":{"line":25,"column":13}},"26":{"start":{"line":27,"column":0},"end":{"line":27,"column":51}},"28":{"start":{"line":29,"column":0},"end":{"line":29,"column":22}},"29":{"start":{"line":30,"column":0},"end":{"line":30,"column":52}},"30":{"start":{"line":31,"column":0},"end":{"line":31,"column":9}},"32":{"start":{"line":33,"column":0},"end":{"line":33,"column":5}},"35":{"start":{"line":36,"column":0},"end":{"line":36,"column":11}},"36":{"start":{"line":37,"column":0},"end":{"line":37,"column":40}},"37":{"start":{"line":38,"column":0},"end":{"line":38,"column":41}},"38":{"start":{"line":39,"column":0},"end":{"line":39,"column":95}},"39":{"start":{"line":40,"column":0},"end":{"line":40,"column":108}},"40":{"start":{"line":41,"column":0},"end":{"line":41,"column":51}},"41":{"start":{"line":42,"column":0},"end":{"line":42,"column":32}},"42":{"start":{"line":43,"column":0},"end":{"line":43,"column":35}},"43":{"start":{"line":44,"column":0},"end":{"line":44,"column":22}},"44":{"start":{"line":45,"column":0},"end":{"line":45,"column":24}},"45":{"start":{"line":46,"column":0},"end":{"line":46,"column":44}},"46":{"start":{"line":47,"column":0},"end":{"line":47,"column":68}},"47":{"start":{"line":48,"column":0},"end":{"line":48,"column":60}},"48":{"start":{"line":49,"column":0},"end":{"line":49,"column":136}},"49":{"start":{"line":50,"column":0},"end":{"line":50,"column":19}},"50":{"start":{"line":51,"column":0},"end":{"line":51,"column":116}},"52":{"start":{"line":53,"column":0},"end":{"line":53,"column":18}},"53":{"start":{"line":54,"column":0},"end":{"line":54,"column":18}},"56":{"start":{"line":57,"column":0},"end":{"line":57,"column":1}},"58":{"start":{"line":59,"column":0},"end":{"line":59,"column":23}}},"s":{"0":1,"1":1,"3":1,"11":1,"14":4,"16":4,"18":3,"20":3,"22":3,"23":1,"24":1,"26":2,"28":3,"29":2,"30":2,"32":3,"35":4,"36":4,"37":4,"38":4,"39":4,"40":4,"41":4,"42":4,"43":4,"44":4,"45":4,"46":4,"47":4,"48":4,"49":4,"50":4,"52":4,"53":4,"56":4,"58":1},"branchMap":{"0":{"type":"branch","line":12,"loc":{"start":{"line":12,"column":17},"end":{"line":57,"column":1}},"locations":[{"start":{"line":12,"column":17},"end":{"line":57,"column":1}}]},"1":{"type":"branch","line":17,"loc":{"start":{"line":17,"column":29},"end":{"line":33,"column":5}},"locations":[{"start":{"line":17,"column":29},"end":{"line":33,"column":5}}]},"2":{"type":"branch","line":23,"loc":{"start":{"line":23,"column":17},"end":{"line":23,"column":41}},"locations":[{"start":{"line":23,"column":17},"end":{"line":23,"column":41}}]},"3":{"type":"branch","line":23,"loc":{"start":{"line":23,"column":41},"end":{"line":25,"column":13}},"locations":[{"start":{"line":23,"column":41},"end":{"line":25,"column":13}}]},"4":{"type":"branch","line":25,"loc":{"start":{"line":25,"column":12},"end":{"line":27,"column":51}},"locations":[{"start":{"line":25,"column":12},"end":{"line":27,"column":51}}]},"5":{"type":"branch","line":27,"loc":{"start":{"line":27,"column":50},"end":{"line":29,"column":16}},"locations":[{"start":{"line":27,"column":50},"end":{"line":29,"column":16}}]},"6":{"type":"branch","line":29,"loc":{"start":{"line":29,"column":8},"end":{"line":31,"column":9}},"locations":[{"start":{"line":29,"column":8},"end":{"line":31,"column":9}}]},"7":{"type":"branch","line":48,"loc":{"start":{"line":48,"column":39},"end":{"line":49,"column":136}},"locations":[{"start":{"line":48,"column":39},"end":{"line":49,"column":136}}]}},"b":{"0":[4],"1":[3],"2":[2],"3":[1],"4":[2],"5":[1],"6":[2],"7":[4]},"fnMap":{"0":{"name":"BookCard","decl":{"start":{"line":12,"column":17},"end":{"line":57,"column":1}},"loc":{"start":{"line":12,"column":17},"end":{"line":57,"column":1}},"line":12},"1":{"name":"handleDeleteBook","decl":{"start":{"line":17,"column":29},"end":{"line":33,"column":5}},"loc":{"start":{"line":17,"column":29},"end":{"line":33,"column":5}},"line":17}},"f":{"0":4,"1":3}}
,"/home/petertasca/Desktop/book-chat-app/frontend/src/components/BookCover/BookCover.tsx": {"path":"/home/petertasca/Desktop/book-chat-app/frontend/src/components/BookCover/BookCover.tsx","all":false,"statementMap":{"0":{"start":{"line":1,"column":0},"end":{"line":1,"column":84}},"1":{"start":{"line":2,"column":0},"end":{"line":2,"column":51}},"4":{"start":{"line":5,"column":0},"end":{"line":5,"column":68}},"5":{"start":{"line":6,"column":0},"end":{"line":6,"column":41}},"6":{"start":{"line":7,"column":0},"end":{"line":7,"column":67}},"10":{"start":{"line":11,"column":0},"end":{"line":11,"column":37}},"11":{"start":{"line":12,"column":0},"end":{"line":12,"column":24}},"19":{"start":{"line":20,"column":0},"end":{"line":20,"column":38}},"21":{"start":{"line":22,"column":0},"end":{"line":22,"column":56}},"23":{"start":{"line":24,"column":0},"end":{"line":24,"column":66}},"24":{"start":{"line":25,"column":0},"end":{"line":25,"column":62}},"25":{"start":{"line":26,"column":0},"end":{"line":26,"column":23}},"26":{"start":{"line":27,"column":0},"end":{"line":27,"column":6}},"27":{"start":{"line":28,"column":0},"end":{"line":28,"column":44}},"34":{"start":{"line":35,"column":0},"end":{"line":35,"column":52}},"36":{"start":{"line":37,"column":0},"end":{"line":37,"column":13}},"38":{"start":{"line":39,"column":0},"end":{"line":39,"column":54}},"39":{"start":{"line":40,"column":0},"end":{"line":40,"column":57}},"41":{"start":{"line":42,"column":0},"end":{"line":42,"column":13}},"43":{"start":{"line":44,"column":0},"end":{"line":44,"column":83}},"45":{"start":{"line":46,"column":0},"end":{"line":46,"column":39}},"46":{"start":{"line":47,"column":0},"end":{"line":47,"column":48}},"47":{"start":{"line":48,"column":0},"end":{"line":48,"column":51}},"48":{"start":{"line":49,"column":0},"end":{"line":49,"column":49}},"50":{"start":{"line":51,"column":0},"end":{"line":51,"column":39}},"54":{"start":{"line":55,"column":0},"end":{"line":55,"column":9}},"56":{"start":{"line":57,"column":0},"end":{"line":57,"column":5}},"59":{"start":{"line":60,"column":0},"end":{"line":60,"column":11}},"60":{"start":{"line":61,"column":0},"end":{"line":61,"column":36}},"61":{"start":{"line":62,"column":0},"end":{"line":62,"column":26}},"62":{"start":{"line":63,"column":0},"end":{"line":63,"column":21}},"63":{"start":{"line":64,"column":0},"end":{"line":64,"column":58}},"64":{"start":{"line":65,"column":0},"end":{"line":65,"column":52}},"65":{"start":{"line":66,"column":0},"end":{"line":66,"column":32}},"66":{"start":{"line":67,"column":0},"end":{"line":67,"column":35}},"68":{"start":{"line":69,"column":0},"end":{"line":69,"column":45}},"71":{"start":{"line":72,"column":0},"end":{"line":72,"column":69}},"76":{"start":{"line":77,"column":0},"end":{"line":77,"column":19}},"77":{"start":{"line":78,"column":0},"end":{"line":78,"column":49}},"78":{"start":{"line":79,"column":0},"end":{"line":79,"column":118}},"79":{"start":{"line":80,"column":0},"end":{"line":80,"column":49}},"80":{"start":{"line":81,"column":0},"end":{"line":81,"column":42}},"81":{"start":{"line":82,"column":0},"end":{"line":82,"column":86}},"83":{"start":{"line":84,"column":0},"end":{"line":84,"column":47}},"84":{"start":{"line":85,"column":0},"end":{"line":85,"column":30}},"85":{"start":{"line":86,"column":0},"end":{"line":86,"column":36}},"86":{"start":{"line":87,"column":0},"end":{"line":87,"column":53}},"87":{"start":{"line":88,"column":0},"end":{"line":88,"column":48}},"89":{"start":{"line":90,"column":0},"end":{"line":90,"column":24}},"90":{"start":{"line":91,"column":0},"end":{"line":91,"column":21}},"91":{"start":{"line":92,"column":0},"end":{"line":92,"column":14}},"94":{"start":{"line":95,"column":0},"end":{"line":95,"column":1}},"96":{"start":{"line":97,"column":0},"end":{"line":97,"column":24}}},"s":{"0":1,"1":1,"4":1,"5":1,"6":1,"10":1,"11":1,"19":1,"21":7,"23":7,"24":7,"25":7,"26":7,"27":7,"34":7,"36":3,"38":3,"39":1,"41":1,"43":2,"45":3,"46":2,"47":2,"48":2,"50":2,"54":2,"56":3,"59":7,"60":7,"61":7,"62":2,"63":2,"64":2,"65":2,"66":2,"68":2,"71":5,"76":7,"77":7,"78":7,"79":7,"80":7,"81":7,"83":7,"84":10,"85":10,"86":10,"87":10,"89":10,"90":7,"91":7,"94":7,"96":1},"branchMap":{"0":{"type":"branch","line":20,"loc":{"start":{"line":20,"column":18},"end":{"line":95,"column":1}},"locations":[{"start":{"line":20,"column":18},"end":{"line":95,"column":1}}]},"1":{"type":"branch","line":22,"loc":{"start":{"line":22,"column":39},"end":{"line":22,"column":56}},"locations":[{"start":{"line":22,"column":39},"end":{"line":22,"column":56}}]},"2":{"type":"branch","line":62,"loc":{"start":{"line":62,"column":13},"end":{"line":69,"column":45}},"locations":[{"start":{"line":62,"column":13},"end":{"line":69,"column":45}}]},"3":{"type":"branch","line":69,"loc":{"start":{"line":69,"column":43},"end":{"line":72,"column":69}},"locations":[{"start":{"line":69,"column":43},"end":{"line":72,"column":69}}]},"4":{"type":"branch","line":78,"loc":{"start":{"line":78,"column":22},"end":{"line":78,"column":44}},"locations":[{"start":{"line":78,"column":22},"end":{"line":78,"column":44}}]},"5":{"type":"branch","line":24,"loc":{"start":{"line":24,"column":33},"end":{"line":24,"column":65}},"locations":[{"start":{"line":24,"column":33},"end":{"line":24,"column":65}}]},"6":{"type":"branch","line":35,"loc":{"start":{"line":35,"column":20},"end":{"line":57,"column":5}},"locations":[{"start":{"line":35,"column":20},"end":{"line":57,"column":5}}]},"7":{"type":"branch","line":39,"loc":{"start":{"line":39,"column":53},"end":{"line":42,"column":13}},"locations":[{"start":{"line":39,"column":53},"end":{"line":42,"column":13}}]},"8":{"type":"branch","line":42,"loc":{"start":{"line":42,"column":12},"end":{"line":44,"column":83}},"locations":[{"start":{"line":42,"column":12},"end":{"line":44,"column":83}}]},"9":{"type":"branch","line":44,"loc":{"start":{"line":44,"column":82},"end":{"line":46,"column":16}},"locations":[{"start":{"line":44,"column":82},"end":{"line":46,"column":16}}]},"10":{"type":"branch","line":46,"loc":{"start":{"line":46,"column":8},"end":{"line":55,"column":9}},"locations":[{"start":{"line":46,"column":8},"end":{"line":55,"column":9}}]},"11":{"type":"branch","line":78,"loc":{"start":{"line":78,"column":48},"end":{"line":79,"column":94}},"locations":[{"start":{"line":78,"column":48},"end":{"line":79,"column":94}}]},"12":{"type":"branch","line":82,"loc":{"start":{"line":82,"column":28},"end":{"line":82,"column":86}},"locations":[{"start":{"line":82,"column":28},"end":{"line":82,"column":86}}]},"13":{"type":"branch","line":84,"loc":{"start":{"line":84,"column":17},"end":{"line":90,"column":24}},"locations":[{"start":{"line":84,"column":17},"end":{"line":90,"column":24}}]}},"b":{"0":[7],"1":[5],"2":[2],"3":[5],"4":[6],"5":[7],"6":[3],"7":[1],"8":[2],"9":[1],"10":[2],"11":[3],"12":[10],"13":[10]},"fnMap":{"0":{"name":"BookCover","decl":{"start":{"line":20,"column":18},"end":{"line":95,"column":1}},"loc":{"start":{"line":20,"column":18},"end":{"line":95,"column":1}},"line":20},"1":{"name":"addBook","decl":{"start":{"line":35,"column":20},"end":{"line":57,"column":5}},"loc":{"start":{"line":35,"column":20},"end":{"line":57,"column":5}},"line":35},"2":{"name":"button","decl":{"start":{"line":82,"column":28},"end":{"line":82,"column":86}},"loc":{"start":{"line":82,"column":28},"end":{"line":82,"column":86}},"line":82},"3":{"name":"children","decl":{"start":{"line":84,"column":17},"end":{"line":90,"column":24}},"loc":{"start":{"line":84,"column":17},"end":{"line":90,"column":24}},"line":84}},"f":{"0":7,"1":3,"2":10,"3":10}}
,"/home/petertasca/Desktop/book-chat-app/frontend/src/components/BookHeader/BookHeader.tsx": {"path":"/home/petertasca/Desktop/book-chat-app/frontend/src/components/BookHeader/BookHeader.tsx","all":false,"statementMap":{"0":{"start":{"line":1,"column":0},"end":{"line":1,"column":25}},"9":{"start":{"line":10,"column":0},"end":{"line":10,"column":43}},"10":{"start":{"line":11,"column":0},"end":{"line":11,"column":11}},"12":{"start":{"line":13,"column":0},"end":{"line":13,"column":37}},"13":{"start":{"line":14,"column":0},"end":{"line":14,"column":22}},"14":{"start":{"line":15,"column":0},"end":{"line":15,"column":14}},"16":{"start":{"line":17,"column":0},"end":{"line":17,"column":1}},"18":{"start":{"line":19,"column":0},"end":{"line":19,"column":25}}},"s":{"0":1,"9":1,"10":1,"12":1,"13":1,"14":1,"16":1,"18":1},"branchMap":{"0":{"type":"branch","line":10,"loc":{"start":{"line":10,"column":19},"end":{"line":17,"column":1}},"locations":[{"start":{"line":10,"column":19},"end":{"line":17,"column":1}}]}},"b":{"0":[1]},"fnMap":{"0":{"name":"BookHeader","decl":{"start":{"line":10,"column":19},"end":{"line":17,"column":1}},"loc":{"start":{"line":10,"column":19},"end":{"line":17,"column":1}},"line":10}},"f":{"0":1}}
,"/home/petertasca/Desktop/book-chat-app/frontend/src/components/BookHeaderTitle/BookHeaderTitle.tsx": {"path":"/home/petertasca/Desktop/book-chat-app/frontend/src/components/BookHeaderTitle/BookHeaderTitle.tsx","all":true,"statementMap":{"0":{"start":{"line":1,"column":0},"end":{"line":1,"column":55}},"1":{"start":{"line":2,"column":0},"end":{"line":2,"column":39}},"3":{"start":{"line":4,"column":0},"end":{"line":4,"column":92}},"4":{"start":{"line":5,"column":0},"end":{"line":5,"column":58}},"5":{"start":{"line":6,"column":0},"end":{"line":6,"column":92}},"6":{"start":{"line":7,"column":0},"end":{"line":7,"column":30}},"12":{"start":{"line":13,"column":0},"end":{"line":13,"column":101}},"16":{"start":{"line":17,"column":0},"end":{"line":17,"column":44}},"18":{"start":{"line":19,"column":0},"end":{"line":19,"column":49}},"20":{"start":{"line":21,"column":0},"end":{"line":21,"column":11}},"22":{"start":{"line":23,"column":0},"end":{"line":23,"column":47}},"23":{"start":{"line":24,"column":0},"end":{"line":24,"column":32}},"24":{"start":{"line":25,"column":0},"end":{"line":25,"column":65}},"25":{"start":{"line":26,"column":0},"end":{"line":26,"column":68}},"26":{"start":{"line":27,"column":0},"end":{"line":27,"column":64}},"29":{"start":{"line":30,"column":0},"end":{"line":30,"column":18}},"32":{"start":{"line":33,"column":0},"end":{"line":33,"column":1}},"34":{"start":{"line":35,"column":0},"end":{"line":35,"column":30}}},"s":{"0":0,"1":0,"3":0,"4":0,"5":0,"6":0,"12":0,"16":0,"18":0,"20":0,"22":0,"23":0,"24":0,"25":0,"26":0,"29":0,"32":0,"34":0},"branchMap":{"0":{"type":"branch","line":1,"loc":{"start":{"line":1,"column":723},"end":{"line":35,"column":-466}},"locations":[{"start":{"line":1,"column":723},"end":{"line":35,"column":-466}}]}},"b":{"0":[0]},"fnMap":{"0":{"name":"(empty-report)","decl":{"start":{"line":1,"column":723},"end":{"line":35,"column":-466}},"loc":{"start":{"line":1,"column":723},"end":{"line":35,"column":-466}},"line":1}},"f":{"0":0}}
,"/home/petertasca/Desktop/book-chat-app/frontend/src/components/BookMainContent/BookMainContent.tsx": {"path":"/home/petertasca/Desktop/book-chat-app/frontend/src/components/BookMainContent/BookMainContent.tsx","all":true,"statementMap":{"0":{"start":{"line":1,"column":0},"end":{"line":1,"column":61}},"1":{"start":{"line":2,"column":0},"end":{"line":2,"column":58}},"4":{"start":{"line":5,"column":0},"end":{"line":5,"column":30}},"14":{"start":{"line":15,"column":0},"end":{"line":15,"column":44}},"16":{"start":{"line":17,"column":0},"end":{"line":17,"column":11}},"17":{"start":{"line":18,"column":0},"end":{"line":18,"column":38}},"18":{"start":{"line":19,"column":0},"end":{"line":19,"column":46}},"19":{"start":{"line":20,"column":0},"end":{"line":20,"column":22}},"20":{"start":{"line":21,"column":0},"end":{"line":21,"column":42}},"21":{"start":{"line":22,"column":0},"end":{"line":22,"column":41}},"22":{"start":{"line":23,"column":0},"end":{"line":23,"column":18}},"23":{"start":{"line":24,"column":0},"end":{"line":24,"column":54}},"24":{"start":{"line":25,"column":0},"end":{"line":25,"column":59}},"25":{"start":{"line":26,"column":0},"end":{"line":26,"column":59}},"26":{"start":{"line":27,"column":0},"end":{"line":27,"column":68}},"27":{"start":{"line":28,"column":0},"end":{"line":28,"column":19}},"29":{"start":{"line":30,"column":0},"end":{"line":30,"column":133}},"31":{"start":{"line":32,"column":0},"end":{"line":32,"column":18}},"32":{"start":{"line":33,"column":0},"end":{"line":33,"column":14}},"35":{"start":{"line":36,"column":0},"end":{"line":36,"column":1}},"37":{"start":{"line":38,"column":0},"end":{"line":38,"column":30}}},"s":{"0":0,"1":0,"4":0,"14":0,"16":0,"17":0,"18":0,"19":0,"20":0,"21":0,"22":0,"23":0,"24":0,"25":0,"26":0,"27":0,"29":0,"31":0,"32":0,"35":0,"37":0},"branchMap":{"0":{"type":"branch","line":1,"loc":{"start":{"line":1,"column":399},"end":{"line":38,"column":-586}},"locations":[{"start":{"line":1,"column":399},"end":{"line":38,"column":-586}}]}},"b":{"0":[0]},"fnMap":{"0":{"name":"(empty-report)","decl":{"start":{"line":1,"column":399},"end":{"line":38,"column":-586}},"loc":{"start":{"line":1,"column":399},"end":{"line":38,"column":-586}},"line":1}},"f":{"0":0}}
,"/home/petertasca/Desktop/book-chat-app/frontend/src/components/BookclubHeader/BookclubHeader.tsx": {"path":"/home/petertasca/Desktop/book-chat-app/frontend/src/components/BookclubHeader/BookclubHeader.tsx","all":true,"statementMap":{"1":{"start":{"line":2,"column":0},"end":{"line":2,"column":69}},"2":{"start":{"line":3,"column":0},"end":{"line":3,"column":68}},"4":{"start":{"line":5,"column":0},"end":{"line":5,"column":29}},"11":{"start":{"line":12,"column":0},"end":{"line":12,"column":47}},"14":{"start":{"line":15,"column":0},"end":{"line":15,"column":12}},"15":{"start":{"line":16,"column":0},"end":{"line":16,"column":45}},"16":{"start":{"line":17,"column":0},"end":{"line":17,"column":49}},"17":{"start":{"line":18,"column":0},"end":{"line":18,"column":110}},"18":{"start":{"line":19,"column":0},"end":{"line":19,"column":51}},"19":{"start":{"line":20,"column":0},"end":{"line":20,"column":55}},"20":{"start":{"line":21,"column":0},"end":{"line":21,"column":45}},"21":{"start":{"line":22,"column":0},"end":{"line":22,"column":22}},"22":{"start":{"line":23,"column":0},"end":{"line":23,"column":18}},"25":{"start":{"line":26,"column":0},"end":{"line":26,"column":14}},"28":{"start":{"line":29,"column":0},"end":{"line":29,"column":1}},"31":{"start":{"line":32,"column":0},"end":{"line":32,"column":29}}},"s":{"1":0,"2":0,"4":0,"11":0,"14":0,"15":0,"16":0,"17":0,"18":0,"19":0,"20":0,"21":0,"22":0,"25":0,"28":0,"31":0},"branchMap":{"0":{"type":"branch","line":1,"loc":{"start":{"line":1,"column":479},"end":{"line":32,"column":-346}},"locations":[{"start":{"line":1,"column":479},"end":{"line":32,"column":-346}}]}},"b":{"0":[1]},"fnMap":{"0":{"name":"(empty-report)","decl":{"start":{"line":1,"column":479},"end":{"line":32,"column":-346}},"loc":{"start":{"line":1,"column":479},"end":{"line":32,"column":-346}},"line":1}},"f":{"0":1}}
,"/home/petertasca/Desktop/book-chat-app/frontend/src/components/BookclubPage/BookclubPage.tsx": {"path":"/home/petertasca/Desktop/book-chat-app/frontend/src/components/BookclubPage/BookclubPage.tsx","all":true,"statementMap":{"0":{"start":{"line":1,"column":0},"end":{"line":1,"column":27}},"1":{"start":{"line":2,"column":0},"end":{"line":2,"column":34}},"2":{"start":{"line":3,"column":0},"end":{"line":3,"column":58}},"3":{"start":{"line":4,"column":0},"end":{"line":4,"column":68}},"4":{"start":{"line":5,"column":0},"end":{"line":5,"column":110}},"5":{"start":{"line":6,"column":0},"end":{"line":6,"column":58}},"6":{"start":{"line":7,"column":0},"end":{"line":7,"column":74}},"7":{"start":{"line":8,"column":0},"end":{"line":8,"column":44}},"8":{"start":{"line":9,"column":0},"end":{"line":9,"column":71}},"9":{"start":{"line":10,"column":0},"end":{"line":10,"column":61}},"10":{"start":{"line":11,"column":0},"end":{"line":11,"column":52}},"11":{"start":{"line":12,"column":0},"end":{"line":12,"column":75}},"12":{"start":{"line":13,"column":0},"end":{"line":13,"column":55}},"13":{"start":{"line":14,"column":0},"end":{"line":14,"column":62}},"14":{"start":{"line":15,"column":0},"end":{"line":15,"column":67}},"15":{"start":{"line":16,"column":0},"end":{"line":16,"column":81}},"16":{"start":{"line":17,"column":0},"end":{"line":17,"column":66}},"20":{"start":{"line":21,"column":0},"end":{"line":21,"column":28}},"23":{"start":{"line":24,"column":0},"end":{"line":24,"column":30}},"24":{"start":{"line":25,"column":0},"end":{"line":25,"column":54}},"25":{"start":{"line":26,"column":0},"end":{"line":26,"column":35}},"26":{"start":{"line":27,"column":0},"end":{"line":27,"column":41}},"27":{"start":{"line":28,"column":0},"end":{"line":28,"column":68}},"28":{"start":{"line":29,"column":0},"end":{"line":29,"column":118}},"29":{"start":{"line":30,"column":0},"end":{"line":30,"column":85}},"31":{"start":{"line":32,"column":0},"end":{"line":32,"column":39}},"33":{"start":{"line":34,"column":0},"end":{"line":34,"column":44}},"36":{"start":{"line":37,"column":0},"end":{"line":37,"column":11}},"39":{"start":{"line":40,"column":0},"end":{"line":40,"column":44}},"40":{"start":{"line":41,"column":0},"end":{"line":41,"column":65}},"41":{"start":{"line":42,"column":0},"end":{"line":42,"column":26}},"42":{"start":{"line":43,"column":0},"end":{"line":43,"column":50}},"43":{"start":{"line":44,"column":0},"end":{"line":44,"column":35}},"44":{"start":{"line":45,"column":0},"end":{"line":45,"column":121}},"46":{"start":{"line":47,"column":0},"end":{"line":47,"column":143}},"50":{"start":{"line":51,"column":0},"end":{"line":51,"column":36}},"51":{"start":{"line":52,"column":0},"end":{"line":52,"column":56}},"52":{"start":{"line":53,"column":0},"end":{"line":53,"column":137}},"53":{"start":{"line":54,"column":0},"end":{"line":54,"column":59}},"54":{"start":{"line":55,"column":0},"end":{"line":55,"column":41}},"55":{"start":{"line":56,"column":0},"end":{"line":56,"column":45}},"56":{"start":{"line":57,"column":0},"end":{"line":57,"column":124}},"57":{"start":{"line":58,"column":0},"end":{"line":58,"column":79}},"58":{"start":{"line":59,"column":0},"end":{"line":59,"column":42}},"59":{"start":{"line":60,"column":0},"end":{"line":60,"column":35}},"60":{"start":{"line":61,"column":0},"end":{"line":61,"column":22}},"62":{"start":{"line":63,"column":0},"end":{"line":63,"column":14}},"64":{"start":{"line":65,"column":0},"end":{"line":65,"column":1}},"67":{"start":{"line":68,"column":0},"end":{"line":68,"column":27}}},"s":{"0":0,"1":0,"2":0,"3":0,"4":0,"5":0,"6":0,"7":0,"8":0,"9":0,"10":0,"11":0,"12":0,"13":0,"14":0,"15":0,"16":0,"20":0,"23":0,"24":0,"25":0,"26":0,"27":0,"28":0,"29":0,"31":0,"33":0,"36":0,"39":0,"40":0,"41":0,"42":0,"43":0,"44":0,"46":0,"50":0,"51":0,"52":0,"53":0,"54":0,"55":0,"56":0,"57":0,"58":0,"59":0,"60":0,"62":0,"64":0,"67":0},"branchMap":{"0":{"type":"branch","line":1,"loc":{"start":{"line":1,"column":1738},"end":{"line":68,"column":-1444}},"locations":[{"start":{"line":1,"column":1738},"end":{"line":68,"column":-1444}}]}},"b":{"0":[0]},"fnMap":{"0":{"name":"(empty-report)","decl":{"start":{"line":1,"column":1738},"end":{"line":68,"column":-1444}},"loc":{"start":{"line":1,"column":1738},"end":{"line":68,"column":-1444}},"line":1}},"f":{"0":0}}
,"/home/petertasca/Desktop/book-chat-app/frontend/src/components/Bookpage/Bookpage.tsx": {"path":"/home/petertasca/Desktop/book-chat-app/frontend/src/components/Bookpage/Bookpage.tsx","all":true,"statementMap":{"0":{"start":{"line":1,"column":0},"end":{"line":1,"column":64}},"1":{"start":{"line":2,"column":0},"end":{"line":2,"column":64}},"2":{"start":{"line":3,"column":0},"end":{"line":3,"column":62}},"3":{"start":{"line":4,"column":0},"end":{"line":4,"column":54}},"4":{"start":{"line":5,"column":0},"end":{"line":5,"column":52}},"5":{"start":{"line":6,"column":0},"end":{"line":6,"column":64}},"6":{"start":{"line":7,"column":0},"end":{"line":7,"column":49}},"7":{"start":{"line":8,"column":0},"end":{"line":8,"column":46}},"8":{"start":{"line":9,"column":0},"end":{"line":9,"column":46}},"9":{"start":{"line":10,"column":0},"end":{"line":10,"column":49}},"11":{"start":{"line":12,"column":0},"end":{"line":12,"column":43}},"12":{"start":{"line":13,"column":0},"end":{"line":13,"column":23}},"16":{"start":{"line":17,"column":0},"end":{"line":17,"column":34}},"17":{"start":{"line":18,"column":0},"end":{"line":18,"column":12}},"18":{"start":{"line":19,"column":0},"end":{"line":19,"column":46}},"19":{"start":{"line":20,"column":0},"end":{"line":20,"column":44}},"20":{"start":{"line":21,"column":0},"end":{"line":21,"column":48}},"21":{"start":{"line":22,"column":0},"end":{"line":22,"column":46}},"22":{"start":{"line":23,"column":0},"end":{"line":23,"column":49}},"23":{"start":{"line":24,"column":0},"end":{"line":24,"column":16}},"24":{"start":{"line":25,"column":0},"end":{"line":25,"column":14}},"27":{"start":{"line":28,"column":0},"end":{"line":28,"column":1}},"29":{"start":{"line":30,"column":0},"end":{"line":30,"column":39}},"30":{"start":{"line":31,"column":0},"end":{"line":31,"column":12}},"31":{"start":{"line":32,"column":0},"end":{"line":32,"column":36}},"32":{"start":{"line":33,"column":0},"end":{"line":33,"column":42}},"33":{"start":{"line":34,"column":0},"end":{"line":34,"column":16}},"34":{"start":{"line":35,"column":0},"end":{"line":35,"column":44}},"35":{"start":{"line":36,"column":0},"end":{"line":36,"column":48}},"36":{"start":{"line":37,"column":0},"end":{"line":37,"column":54}},"37":{"start":{"line":38,"column":0},"end":{"line":38,"column":14}},"39":{"start":{"line":40,"column":0},"end":{"line":40,"column":50}},"41":{"start":{"line":42,"column":0},"end":{"line":42,"column":45}},"42":{"start":{"line":43,"column":0},"end":{"line":43,"column":45}},"45":{"start":{"line":46,"column":0},"end":{"line":46,"column":53}},"46":{"start":{"line":47,"column":0},"end":{"line":47,"column":53}},"47":{"start":{"line":48,"column":0},"end":{"line":48,"column":53}},"48":{"start":{"line":49,"column":0},"end":{"line":49,"column":14}},"49":{"start":{"line":50,"column":0},"end":{"line":50,"column":12}},"51":{"start":{"line":52,"column":0},"end":{"line":52,"column":3}},"53":{"start":{"line":54,"column":0},"end":{"line":54,"column":24}},"55":{"start":{"line":56,"column":0},"end":{"line":56,"column":31}},"56":{"start":{"line":57,"column":0},"end":{"line":57,"column":31}},"57":{"start":{"line":58,"column":0},"end":{"line":58,"column":34}},"58":{"start":{"line":59,"column":0},"end":{"line":59,"column":71}},"59":{"start":{"line":60,"column":0},"end":{"line":60,"column":66}},"62":{"start":{"line":63,"column":0},"end":{"line":63,"column":50}},"64":{"start":{"line":65,"column":0},"end":{"line":65,"column":13}},"66":{"start":{"line":67,"column":0},"end":{"line":67,"column":63}},"67":{"start":{"line":68,"column":0},"end":{"line":68,"column":45}},"69":{"start":{"line":70,"column":0},"end":{"line":70,"column":27}},"70":{"start":{"line":71,"column":0},"end":{"line":71,"column":54}},"71":{"start":{"line":72,"column":0},"end":{"line":72,"column":9}},"73":{"start":{"line":74,"column":0},"end":{"line":74,"column":12}},"75":{"start":{"line":76,"column":0},"end":{"line":76,"column":21}},"77":{"start":{"line":78,"column":0},"end":{"line":78,"column":21}},"79":{"start":{"line":80,"column":0},"end":{"line":80,"column":12}},"82":{"start":{"line":83,"column":0},"end":{"line":83,"column":12}},"84":{"start":{"line":85,"column":0},"end":{"line":85,"column":44}},"85":{"start":{"line":86,"column":0},"end":{"line":86,"column":71}},"86":{"start":{"line":87,"column":0},"end":{"line":87,"column":42}},"87":{"start":{"line":88,"column":0},"end":{"line":88,"column":24}},"88":{"start":{"line":89,"column":0},"end":{"line":89,"column":30}},"89":{"start":{"line":90,"column":0},"end":{"line":90,"column":42}},"91":{"start":{"line":92,"column":0},"end":{"line":92,"column":22}},"92":{"start":{"line":93,"column":0},"end":{"line":93,"column":48}},"93":{"start":{"line":94,"column":0},"end":{"line":94,"column":55}},"94":{"start":{"line":95,"column":0},"end":{"line":95,"column":23}},"97":{"start":{"line":98,"column":0},"end":{"line":98,"column":25}},"98":{"start":{"line":99,"column":0},"end":{"line":99,"column":26}},"99":{"start":{"line":100,"column":0},"end":{"line":100,"column":43}},"101":{"start":{"line":102,"column":0},"end":{"line":102,"column":52}},"103":{"start":{"line":104,"column":0},"end":{"line":104,"column":14}},"105":{"start":{"line":106,"column":0},"end":{"line":106,"column":1}},"107":{"start":{"line":108,"column":0},"end":{"line":108,"column":23}}},"s":{"0":0,"1":0,"2":0,"3":0,"4":0,"5":0,"6":0,"7":0,"8":0,"9":0,"11":0,"12":0,"16":0,"17":0,"18":0,"19":0,"20":0,"21":0,"22":0,"23":0,"24":0,"27":0,"29":0,"30":0,"31":0,"32":0,"33":0,"34":0,"35":0,"36":0,"37":0,"39":0,"41":0,"42":0,"45":0,"46":0,"47":0,"48":0,"49":0,"51":0,"53":0,"55":0,"56":0,"57":0,"58":0,"59":0,"62":0,"64":0,"66":0,"67":0,"69":0,"70":0,"71":0,"73":0,"75":0,"77":0,"79":0,"82":0,"84":0,"85":0,"86":0,"87":0,"88":0,"89":0,"91":0,"92":0,"93":0,"94":0,"97":0,"98":0,"99":0,"101":0,"103":0,"105":0,"107":0},"branchMap":{"0":{"type":"branch","line":1,"loc":{"start":{"line":1,"column":782},"end":{"line":108,"column":-2349}},"locations":[{"start":{"line":1,"column":782},"end":{"line":108,"column":-2349}}]}},"b":{"0":[0]},"fnMap":{"0":{"name":"(empty-report)","decl":{"start":{"line":1,"column":782},"end":{"line":108,"column":-2349}},"loc":{"start":{"line":1,"column":782},"end":{"line":108,"column":-2349}},"line":1}},"f":{"0":0}}
,"/home/petertasca/Desktop/book-chat-app/frontend/src/components/BooksPage/BooksPage.tsx": {"path":"/home/petertasca/Desktop/book-chat-app/frontend/src/components/BooksPage/BooksPage.tsx","all":true,"statementMap":{"0":{"start":{"line":1,"column":0},"end":{"line":1,"column":24}},"2":{"start":{"line":3,"column":0},"end":{"line":3,"column":62}},"3":{"start":{"line":4,"column":0},"end":{"line":4,"column":60}},"4":{"start":{"line":5,"column":0},"end":{"line":5,"column":43}},"5":{"start":{"line":6,"column":0},"end":{"line":6,"column":52}},"8":{"start":{"line":9,"column":0},"end":{"line":9,"column":25}},"10":{"start":{"line":11,"column":0},"end":{"line":11,"column":50}},"13":{"start":{"line":14,"column":0},"end":{"line":14,"column":41}},"14":{"start":{"line":15,"column":0},"end":{"line":15,"column":26}},"17":{"start":{"line":18,"column":0},"end":{"line":18,"column":67}},"18":{"start":{"line":19,"column":0},"end":{"line":19,"column":67}},"23":{"start":{"line":24,"column":0},"end":{"line":24,"column":41}},"24":{"start":{"line":25,"column":0},"end":{"line":25,"column":47}},"26":{"start":{"line":27,"column":0},"end":{"line":27,"column":15}},"27":{"start":{"line":28,"column":0},"end":{"line":28,"column":48}},"31":{"start":{"line":32,"column":0},"end":{"line":32,"column":54}},"32":{"start":{"line":33,"column":0},"end":{"line":33,"column":58}},"33":{"start":{"line":34,"column":0},"end":{"line":34,"column":55}},"34":{"start":{"line":35,"column":0},"end":{"line":35,"column":22}},"35":{"start":{"line":36,"column":0},"end":{"line":36,"column":47}},"36":{"start":{"line":37,"column":0},"end":{"line":37,"column":52}},"37":{"start":{"line":38,"column":0},"end":{"line":38,"column":48}},"38":{"start":{"line":39,"column":0},"end":{"line":39,"column":22}},"39":{"start":{"line":40,"column":0},"end":{"line":40,"column":58}},"40":{"start":{"line":41,"column":0},"end":{"line":41,"column":62}},"41":{"start":{"line":42,"column":0},"end":{"line":42,"column":58}},"42":{"start":{"line":43,"column":0},"end":{"line":43,"column":22}},"43":{"start":{"line":44,"column":0},"end":{"line":44,"column":57}},"44":{"start":{"line":45,"column":0},"end":{"line":45,"column":62}},"45":{"start":{"line":46,"column":0},"end":{"line":46,"column":59}},"46":{"start":{"line":47,"column":0},"end":{"line":47,"column":22}},"47":{"start":{"line":48,"column":0},"end":{"line":48,"column":62}},"48":{"start":{"line":49,"column":0},"end":{"line":49,"column":68}},"49":{"start":{"line":50,"column":0},"end":{"line":50,"column":63}},"50":{"start":{"line":51,"column":0},"end":{"line":51,"column":22}},"51":{"start":{"line":52,"column":0},"end":{"line":52,"column":49}},"52":{"start":{"line":53,"column":0},"end":{"line":53,"column":54}},"53":{"start":{"line":54,"column":0},"end":{"line":54,"column":50}},"54":{"start":{"line":55,"column":0},"end":{"line":55,"column":22}},"55":{"start":{"line":56,"column":0},"end":{"line":56,"column":67}},"56":{"start":{"line":57,"column":0},"end":{"line":57,"column":76}},"57":{"start":{"line":58,"column":0},"end":{"line":58,"column":60}},"58":{"start":{"line":59,"column":0},"end":{"line":59,"column":22}},"59":{"start":{"line":60,"column":0},"end":{"line":60,"column":18}},"63":{"start":{"line":64,"column":0},"end":{"line":64,"column":1}},"65":{"start":{"line":66,"column":0},"end":{"line":66,"column":24}}},"s":{"0":0,"2":0,"3":0,"4":0,"5":0,"8":0,"10":0,"13":0,"14":0,"17":0,"18":0,"23":0,"24":0,"26":0,"27":0,"31":0,"32":0,"33":0,"34":0,"35":0,"36":0,"37":0,"38":0,"39":0,"40":0,"41":0,"42":0,"43":0,"44":0,"45":0,"46":0,"47":0,"48":0,"49":0,"50":0,"51":0,"52":0,"53":0,"54":0,"55":0,"56":0,"57":0,"58":0,"59":0,"63":0,"65":0},"branchMap":{"0":{"type":"branch","line":1,"loc":{"start":{"line":1,"column":401},"end":{"line":66,"column":-1300}},"locations":[{"start":{"line":1,"column":401},"end":{"line":66,"column":-1300}}]}},"b":{"0":[0]},"fnMap":{"0":{"name":"(empty-report)","decl":{"start":{"line":1,"column":401},"end":{"line":66,"column":-1300}},"loc":{"start":{"line":1,"column":401},"end":{"line":66,"column":-1300}},"line":1}},"f":{"0":0}}
,"/home/petertasca/Desktop/book-chat-app/frontend/src/components/BookshelfDisplay/BookshelfDisplay.tsx": {"path":"/home/petertasca/Desktop/book-chat-app/frontend/src/components/BookshelfDisplay/BookshelfDisplay.tsx","all":true,"statementMap":{"1":{"start":{"line":2,"column":0},"end":{"line":2,"column":43}},"2":{"start":{"line":3,"column":0},"end":{"line":3,"column":45}},"3":{"start":{"line":4,"column":0},"end":{"line":4,"column":52}},"4":{"start":{"line":5,"column":0},"end":{"line":5,"column":37}},"5":{"start":{"line":6,"column":0},"end":{"line":6,"column":45}},"6":{"start":{"line":7,"column":0},"end":{"line":7,"column":68}},"7":{"start":{"line":8,"column":0},"end":{"line":8,"column":37}},"8":{"start":{"line":9,"column":0},"end":{"line":9,"column":68}},"9":{"start":{"line":10,"column":0},"end":{"line":10,"column":31}},"20":{"start":{"line":21,"column":0},"end":{"line":21,"column":51}},"22":{"start":{"line":23,"column":0},"end":{"line":23,"column":57}},"25":{"start":{"line":26,"column":0},"end":{"line":26,"column":31}},"26":{"start":{"line":27,"column":0},"end":{"line":27,"column":104}},"27":{"start":{"line":28,"column":0},"end":{"line":28,"column":44}},"29":{"start":{"line":30,"column":0},"end":{"line":30,"column":50}},"31":{"start":{"line":32,"column":0},"end":{"line":32,"column":13}},"33":{"start":{"line":34,"column":0},"end":{"line":34,"column":45}},"34":{"start":{"line":35,"column":0},"end":{"line":35,"column":57}},"36":{"start":{"line":37,"column":0},"end":{"line":37,"column":13}},"38":{"start":{"line":39,"column":0},"end":{"line":39,"column":75}},"40":{"start":{"line":41,"column":0},"end":{"line":41,"column":27}},"41":{"start":{"line":42,"column":0},"end":{"line":42,"column":48}},"42":{"start":{"line":43,"column":0},"end":{"line":43,"column":51}},"43":{"start":{"line":44,"column":0},"end":{"line":44,"column":49}},"46":{"start":{"line":47,"column":0},"end":{"line":47,"column":9}},"48":{"start":{"line":49,"column":0},"end":{"line":49,"column":5}},"51":{"start":{"line":52,"column":0},"end":{"line":52,"column":11}},"52":{"start":{"line":53,"column":0},"end":{"line":53,"column":49}},"54":{"start":{"line":55,"column":0},"end":{"line":55,"column":19}},"55":{"start":{"line":56,"column":0},"end":{"line":56,"column":57}},"56":{"start":{"line":57,"column":0},"end":{"line":57,"column":89}},"57":{"start":{"line":58,"column":0},"end":{"line":58,"column":36}},"58":{"start":{"line":59,"column":0},"end":{"line":59,"column":38}},"60":{"start":{"line":61,"column":0},"end":{"line":61,"column":47}},"61":{"start":{"line":62,"column":0},"end":{"line":62,"column":36}},"62":{"start":{"line":63,"column":0},"end":{"line":63,"column":50}},"63":{"start":{"line":64,"column":0},"end":{"line":64,"column":55}},"64":{"start":{"line":65,"column":0},"end":{"line":65,"column":44}},"65":{"start":{"line":66,"column":0},"end":{"line":66,"column":58}},"66":{"start":{"line":67,"column":0},"end":{"line":67,"column":22}},"70":{"start":{"line":71,"column":0},"end":{"line":71,"column":21}},"72":{"start":{"line":73,"column":0},"end":{"line":73,"column":49}},"73":{"start":{"line":74,"column":0},"end":{"line":74,"column":51}},"74":{"start":{"line":75,"column":0},"end":{"line":75,"column":27}},"75":{"start":{"line":76,"column":0},"end":{"line":76,"column":27}},"76":{"start":{"line":77,"column":0},"end":{"line":77,"column":61}},"77":{"start":{"line":78,"column":0},"end":{"line":78,"column":48}},"79":{"start":{"line":80,"column":0},"end":{"line":80,"column":89}},"80":{"start":{"line":81,"column":0},"end":{"line":81,"column":29}},"82":{"start":{"line":83,"column":0},"end":{"line":83,"column":19}},"83":{"start":{"line":84,"column":0},"end":{"line":84,"column":17}},"84":{"start":{"line":85,"column":0},"end":{"line":85,"column":18}},"87":{"start":{"line":88,"column":0},"end":{"line":88,"column":1}},"89":{"start":{"line":90,"column":0},"end":{"line":90,"column":31}}},"s":{"1":0,"2":0,"3":0,"4":0,"5":0,"6":0,"7":0,"8":0,"9":0,"20":0,"22":0,"25":0,"26":0,"27":0,"29":0,"31":0,"33":0,"34":0,"36":0,"38":0,"40":0,"41":0,"42":0,"43":0,"46":0,"48":0,"51":0,"52":0,"54":0,"55":0,"56":0,"57":0,"58":0,"60":0,"61":0,"62":0,"63":0,"64":0,"65":0,"66":0,"70":0,"72":0,"73":0,"74":0,"75":0,"76":0,"77":0,"79":0,"80":0,"82":0,"83":0,"84":0,"87":0,"89":0},"branchMap":{"0":{"type":"branch","line":1,"loc":{"start":{"line":1,"column":1604},"end":{"line":90,"column":-1020}},"locations":[{"start":{"line":1,"column":1604},"end":{"line":90,"column":-1020}}]}},"b":{"0":[1]},"fnMap":{"0":{"name":"(empty-report)","decl":{"start":{"line":1,"column":1604},"end":{"line":90,"column":-1020}},"loc":{"start":{"line":1,"column":1604},"end":{"line":90,"column":-1020}},"line":1}},"f":{"0":1}}
,"/home/petertasca/Desktop/book-chat-app/frontend/src/components/BookshelfDropdown/BookshelfDropdown.tsx": {"path":"/home/petertasca/Desktop/book-chat-app/frontend/src/components/BookshelfDropdown/BookshelfDropdown.tsx","all":true,"statementMap":{"0":{"start":{"line":1,"column":0},"end":{"line":1,"column":32}},"2":{"start":{"line":3,"column":0},"end":{"line":3,"column":43}},"9":{"start":{"line":10,"column":0},"end":{"line":10,"column":78}},"11":{"start":{"line":12,"column":0},"end":{"line":12,"column":64}},"17":{"start":{"line":18,"column":0},"end":{"line":18,"column":12}},"18":{"start":{"line":19,"column":0},"end":{"line":19,"column":35}},"19":{"start":{"line":20,"column":0},"end":{"line":20,"column":45}},"20":{"start":{"line":21,"column":0},"end":{"line":21,"column":83}},"21":{"start":{"line":22,"column":0},"end":{"line":22,"column":27}},"22":{"start":{"line":23,"column":0},"end":{"line":23,"column":52}},"23":{"start":{"line":24,"column":0},"end":{"line":24,"column":62}},"24":{"start":{"line":25,"column":0},"end":{"line":25,"column":60}},"27":{"start":{"line":28,"column":0},"end":{"line":28,"column":36}},"28":{"start":{"line":29,"column":0},"end":{"line":29,"column":29}},"29":{"start":{"line":30,"column":0},"end":{"line":30,"column":21}},"30":{"start":{"line":31,"column":0},"end":{"line":31,"column":21}},"31":{"start":{"line":32,"column":0},"end":{"line":32,"column":49}},"32":{"start":{"line":33,"column":0},"end":{"line":33,"column":47}},"33":{"start":{"line":34,"column":0},"end":{"line":34,"column":60}},"34":{"start":{"line":35,"column":0},"end":{"line":35,"column":38}},"35":{"start":{"line":36,"column":0},"end":{"line":36,"column":33}},"37":{"start":{"line":38,"column":0},"end":{"line":38,"column":33}},"39":{"start":{"line":40,"column":0},"end":{"line":40,"column":22}},"40":{"start":{"line":41,"column":0},"end":{"line":41,"column":18}},"41":{"start":{"line":42,"column":0},"end":{"line":42,"column":14}},"45":{"start":{"line":46,"column":0},"end":{"line":46,"column":1}},"47":{"start":{"line":48,"column":0},"end":{"line":48,"column":32}}},"s":{"0":0,"2":0,"9":0,"11":0,"17":0,"18":0,"19":0,"20":0,"21":0,"22":0,"23":0,"24":0,"27":0,"28":0,"29":0,"30":0,"31":0,"32":0,"33":0,"34":0,"35":0,"37":0,"39":0,"40":0,"41":0,"45":0,"47":0},"branchMap":{"0":{"type":"branch","line":1,"loc":{"start":{"line":1,"column":576},"end":{"line":48,"column":-836}},"locations":[{"start":{"line":1,"column":576},"end":{"line":48,"column":-836}}]}},"b":{"0":[0]},"fnMap":{"0":{"name":"(empty-report)","decl":{"start":{"line":1,"column":576},"end":{"line":48,"column":-836}},"loc":{"start":{"line":1,"column":576},"end":{"line":48,"column":-836}},"line":1}},"f":{"0":0}}
[...]
,"45":{"start":{"line":46,"column":0},"end":{"line":46,"column":64}},"46":{"start":{"line":47,"column":0},"end":{"line":47,"column":27}},"47":{"start":{"line":48,"column":0},"end":{"line":48,"column":21}},"48":{"start":{"line":49,"column":0},"end":{"line":49,"column":21}},"49":{"start":{"line":50,"column":0},"end":{"line":50,"column":60}},"50":{"start":{"line":51,"column":0},"end":{"line":51,"column":33}},"51":{"start":{"line":52,"column":0},"end":{"line":52,"column":74}},"52":{"start":{"line":53,"column":0},"end":{"line":53,"column":17}},"54":{"start":{"line":55,"column":0},"end":{"line":55,"column":40}},"55":{"start":{"line":56,"column":0},"end":{"line":56,"column":27}},"56":{"start":{"line":57,"column":0},"end":{"line":57,"column":13}},"57":{"start":{"line":58,"column":0},"end":{"line":58,"column":11}},"58":{"start":{"line":59,"column":0},"end":{"line":59,"column":38}},"59":{"start":{"line":60,"column":0},"end":{"line":60,"column":80}},"60":{"start":{"line":61,"column":0},"end":{"line":61,"column":52}},"61":{"start":{"line":62,"column":0},"end":{"line":62,"column":31}},"62":{"start":{"line":63,"column":0},"end":{"line":63,"column":37}},"64":{"start":{"line":65,"column":0},"end":{"line":65,"column":14}},"65":{"start":{"line":66,"column":0},"end":{"line":66,"column":11}},"66":{"start":{"line":67,"column":0},"end":{"line":67,"column":39}},"67":{"start":{"line":68,"column":0},"end":{"line":68,"column":80}},"68":{"start":{"line":69,"column":0},"end":{"line":69,"column":53}},"69":{"start":{"line":70,"column":0},"end":{"line":70,"column":31}},"70":{"start":{"line":71,"column":0},"end":{"line":71,"column":37}},"72":{"start":{"line":73,"column":0},"end":{"line":73,"column":14}},"73":{"start":{"line":74,"column":0},"end":{"line":74,"column":11}},"74":{"start":{"line":75,"column":0},"end":{"line":75,"column":38}},"75":{"start":{"line":76,"column":0},"end":{"line":76,"column":43}},"76":{"start":{"line":77,"column":0},"end":{"line":77,"column":47}},"77":{"start":{"line":78,"column":0},"end":{"line":78,"column":30}},"78":{"start":{"line":79,"column":0},"end":{"line":79,"column":42}},"79":{"start":{"line":80,"column":0},"end":{"line":80,"column":14}},"80":{"start":{"line":81,"column":0},"end":{"line":81,"column":11}},"81":{"start":{"line":82,"column":0},"end":{"line":82,"column":39}},"82":{"start":{"line":83,"column":0},"end":{"line":83,"column":43}},"83":{"start":{"line":84,"column":0},"end":{"line":84,"column":48}},"84":{"start":{"line":85,"column":0},"end":{"line":85,"column":33}},"85":{"start":{"line":86,"column":0},"end":{"line":86,"column":42}},"86":{"start":{"line":87,"column":0},"end":{"line":87,"column":14}},"87":{"start":{"line":88,"column":0},"end":{"line":88,"column":11}},"88":{"start":{"line":89,"column":0},"end":{"line":89,"column":42}},"89":{"start":{"line":90,"column":0},"end":{"line":90,"column":41}},"90":{"start":{"line":91,"column":0},"end":{"line":91,"column":53}},"91":{"start":{"line":92,"column":0},"end":{"line":92,"column":29}},"92":{"start":{"line":93,"column":0},"end":{"line":93,"column":14}},"93":{"start":{"line":94,"column":0},"end":{"line":94,"column":10}},"96":{"start":{"line":97,"column":0},"end":{"line":97,"column":6}},"97":{"start":{"line":98,"column":0},"end":{"line":98,"column":2}},"99":{"start":{"line":100,"column":0},"end":{"line":100,"column":15}},"100":{"start":{"line":101,"column":0},"end":{"line":101,"column":25}},"101":{"start":{"line":102,"column":0},"end":{"line":102,"column":29}},"102":{"start":{"line":103,"column":0},"end":{"line":103,"column":30}},"103":{"start":{"line":104,"column":0},"end":{"line":104,"column":29}},"104":{"start":{"line":105,"column":0},"end":{"line":105,"column":29}},"105":{"start":{"line":106,"column":0},"end":{"line":106,"column":31}},"106":{"start":{"line":107,"column":0},"end":{"line":107,"column":15}}},"s":{"0":1,"4":1,"5":0,"6":1,"8":1,"9":0,"10":1,"20":1,"21":1,"22":1,"23":1,"24":1,"25":1,"26":1,"27":0,"28":0,"30":0,"31":0,"32":0,"34":0,"35":0,"36":0,"37":0,"38":0,"39":0,"40":0,"41":0,"42":0,"43":0,"44":0,"45":0,"46":0,"47":0,"48":0,"49":0,"50":0,"51":0,"52":0,"54":0,"55":0,"56":0,"57":1,"58":1,"59":1,"60":0,"61":0,"62":0,"64":0,"65":1,"66":1,"67":1,"68":0,"69":0,"70":0,"72":0,"73":1,"74":1,"75":1,"76":0,"77":0,"78":0,"79":0,"80":1,"81":1,"82":1,"83":0,"84":0,"85":0,"86":0,"87":1,"88":1,"89":1,"90":0,"91":0,"92":0,"93":1,"96":1,"97":1,"99":1,"100":1,"101":1,"102":1,"103":1,"104":1,"105":1,"106":1},"branchMap":{"0":{"type":"branch","line":5,"loc":{"start":{"line":5,"column":33},"end":{"line":6,"column":46}},"locations":[{"start":{"line":5,"column":33},"end":{"line":6,"column":46}}]},"1":{"type":"branch","line":9,"loc":{"start":{"line":9,"column":38},"end":{"line":10,"column":43}},"locations":[{"start":{"line":9,"column":38},"end":{"line":10,"column":43}}]},"2":{"type":"branch","line":24,"loc":{"start":{"line":24,"column":15},"end":{"line":97,"column":6}},"locations":[{"start":{"line":24,"column":15},"end":{"line":97,"column":6}}]}},"b":{"0":[0],"1":[0],"2":[1]},"fnMap":{"0":{"name":"endpoints","decl":{"start":{"line":24,"column":15},"end":{"line":97,"column":6}},"loc":{"start":{"line":24,"column":15},"end":{"line":97,"column":6}},"line":24},"1":{"name":"queryFn","decl":{"start":{"line":26,"column":21},"end":{"line":26,"column":103}},"loc":{"start":{"line":26,"column":21},"end":{"line":26,"column":103}},"line":26},"2":{"name":"onCacheEntryAdded","decl":{"start":{"line":27,"column":12},"end":{"line":57,"column":13}},"loc":{"start":{"line":27,"column":12},"end":{"line":57,"column":13}},"line":27},"3":{"name":"query","decl":{"start":{"line":60,"column":19},"end":{"line":65,"column":14}},"loc":{"start":{"line":60,"column":19},"end":{"line":65,"column":14}},"line":60},"4":{"name":"query","decl":{"start":{"line":68,"column":19},"end":{"line":73,"column":14}},"loc":{"start":{"line":68,"column":19},"end":{"line":73,"column":14}},"line":68},"5":{"name":"query","decl":{"start":{"line":76,"column":19},"end":{"line":80,"column":14}},"loc":{"start":{"line":76,"column":19},"end":{"line":80,"column":14}},"line":76},"6":{"name":"query","decl":{"start":{"line":83,"column":19},"end":{"line":87,"column":14}},"loc":{"start":{"line":83,"column":19},"end":{"line":87,"column":14}},"line":83},"7":{"name":"query","decl":{"start":{"line":90,"column":19},"end":{"line":93,"column":14}},"loc":{"start":{"line":90,"column":19},"end":{"line":93,"column":14}},"line":90}},"f":{"0":1,"1":0,"2":0,"3":0,"4":0,"5":0,"6":0,"7":0}}
,"/home/petertasca/Desktop/book-chat-app/frontend/src/slices/userDataSlice.tsx": {"path":"/home/petertasca/Desktop/book-chat-app/frontend/src/slices/userDataSlice.tsx","all":true,"statementMap":{"0":{"start":{"line":1,"column":0},"end":{"line":1,"column":47}},"11":{"start":{"line":12,"column":0},"end":{"line":12,"column":22}},"12":{"start":{"line":13,"column":0},"end":{"line":13,"column":13}},"13":{"start":{"line":14,"column":0},"end":{"line":14,"column":33}},"14":{"start":{"line":15,"column":0},"end":{"line":15,"column":34}},"15":{"start":{"line":16,"column":0},"end":{"line":16,"column":35}},"16":{"start":{"line":17,"column":0},"end":{"line":17,"column":1}},"18":{"start":{"line":19,"column":0},"end":{"line":19,"column":35}},"19":{"start":{"line":20,"column":0},"end":{"line":20,"column":21}},"20":{"start":{"line":21,"column":0},"end":{"line":21,"column":17}},"21":{"start":{"line":22,"column":0},"end":{"line":22,"column":15}},"22":{"start":{"line":23,"column":0},"end":{"line":23,"column":42}},"23":{"start":{"line":24,"column":0},"end":{"line":24,"column":36}},"24":{"start":{"line":25,"column":0},"end":{"line":25,"column":80}},"25":{"start":{"line":26,"column":0},"end":{"line":26,"column":84}},"26":{"start":{"line":27,"column":0},"end":{"line":27,"column":85}},"28":{"start":{"line":29,"column":0},"end":{"line":29,"column":10}},"29":{"start":{"line":30,"column":0},"end":{"line":30,"column":41}},"30":{"start":{"line":31,"column":0},"end":{"line":31,"column":66}},"31":{"start":{"line":32,"column":0},"end":{"line":32,"column":10}},"32":{"start":{"line":33,"column":0},"end":{"line":33,"column":42}},"33":{"start":{"line":34,"column":0},"end":{"line":34,"column":70}},"34":{"start":{"line":35,"column":0},"end":{"line":35,"column":9}},"35":{"start":{"line":36,"column":0},"end":{"line":36,"column":5}},"36":{"start":{"line":37,"column":0},"end":{"line":37,"column":2}},"38":{"start":{"line":39,"column":0},"end":{"line":39,"column":14}},"39":{"start":{"line":40,"column":0},"end":{"line":40,"column":17}},"40":{"start":{"line":41,"column":0},"end":{"line":41,"column":16}},"41":{"start":{"line":42,"column":0},"end":{"line":42,"column":17}},"42":{"start":{"line":43,"column":0},"end":{"line":43,"column":25}},"43":{"start":{"line":44,"column":0},"end":{"line":44,"column":36}}},"s":{"0":0,"11":0,"12":0,"13":0,"14":0,"15":0,"16":0,"18":0,"19":0,"20":0,"21":0,"22":0,"23":0,"24":0,"25":0,"26":0,"28":0,"29":0,"30":0,"31":0,"32":0,"33":0,"34":0,"35":0,"36":0,"38":0,"39":0,"40":0,"41":0,"42":0,"43":0},"branchMap":{"0":{"type":"branch","line":1,"loc":{"start":{"line":1,"column":1213},"end":{"line":44,"column":36}},"locations":[{"start":{"line":1,"column":1213},"end":{"line":44,"column":36}}]}},"b":{"0":[0]},"fnMap":{"0":{"name":"(empty-report)","decl":{"start":{"line":1,"column":1213},"end":{"line":44,"column":36}},"loc":{"start":{"line":1,"column":1213},"end":{"line":44,"column":36}},"line":1}},"f":{"0":0}}
,"/home/petertasca/Desktop/book-chat-app/frontend/src/store/store.tsx": {"path":"/home/petertasca/Desktop/book-chat-app/frontend/src/store/store.tsx","all":true,"statementMap":{"0":{"start":{"line":1,"column":0},"end":{"line":1,"column":49}},"1":{"start":{"line":2,"column":0},"end":{"line":2,"column":45}},"2":{"start":{"line":3,"column":0},"end":{"line":3,"column":45}},"3":{"start":{"line":4,"column":0},"end":{"line":4,"column":49}},"4":{"start":{"line":5,"column":0},"end":{"line":5,"column":53}},"5":{"start":{"line":6,"column":0},"end":{"line":6,"column":45}},"6":{"start":{"line":7,"column":0},"end":{"line":7,"column":45}},"7":{"start":{"line":8,"column":0},"end":{"line":8,"column":56}},"8":{"start":{"line":9,"column":0},"end":{"line":9,"column":56}},"9":{"start":{"line":10,"column":0},"end":{"line":10,"column":55}},"10":{"start":{"line":11,"column":0},"end":{"line":11,"column":56}},"11":{"start":{"line":12,"column":0},"end":{"line":12,"column":48}},"12":{"start":{"line":13,"column":0},"end":{"line":13,"column":71}},"13":{"start":{"line":14,"column":0},"end":{"line":14,"column":49}},"17":{"start":{"line":18,"column":0},"end":{"line":18,"column":30}},"18":{"start":{"line":19,"column":0},"end":{"line":19,"column":14}},"19":{"start":{"line":20,"column":0},"end":{"line":20,"column":26}},"20":{"start":{"line":21,"column":0},"end":{"line":21,"column":26}},"21":{"start":{"line":22,"column":0},"end":{"line":22,"column":30}},"22":{"start":{"line":23,"column":0},"end":{"line":23,"column":36}},"23":{"start":{"line":24,"column":0},"end":{"line":24,"column":34}},"24":{"start":{"line":25,"column":0},"end":{"line":25,"column":30}},"25":{"start":{"line":26,"column":0},"end":{"line":26,"column":26}},"26":{"start":{"line":27,"column":0},"end":{"line":27,"column":52}},"27":{"start":{"line":28,"column":0},"end":{"line":28,"column":49}},"28":{"start":{"line":29,"column":0},"end":{"line":29,"column":55}},"29":{"start":{"line":30,"column":0},"end":{"line":30,"column":59}},"30":{"start":{"line":31,"column":0},"end":{"line":31,"column":55}},"31":{"start":{"line":32,"column":0},"end":{"line":32,"column":47}},"32":{"start":{"line":33,"column":0},"end":{"line":33,"column":6}},"33":{"start":{"line":34,"column":0},"end":{"line":34,"column":187}},"34":{"start":{"line":35,"column":0},"end":{"line":35,"column":18}},"35":{"start":{"line":36,"column":0},"end":{"line":36,"column":2}},"42":{"start":{"line":43,"column":0},"end":{"line":43,"column":20}}},"s":{"0":0,"1":0,"2":0,"3":0,"4":0,"5":0,"6":0,"7":0,"8":0,"9":0,"10":0,"11":0,"12":0,"13":0,"17":0,"18":0,"19":0,"20":0,"21":0,"22":0,"23":0,"24":0,"25":0,"26":0,"27":0,"28":0,"29":0,"30":0,"31":0,"32":0,"33":0,"34":0,"35":0,"42":0},"branchMap":{"0":{"type":"branch","line":1,"loc":{"start":{"line":1,"column":0},"end":{"line":43,"column":-915}},"locations":[{"start":{"line":1,"column":0},"end":{"line":43,"column":-915}}]}},"b":{"0":[0]},"fnMap":{"0":{"name":"(empty-report)","decl":{"start":{"line":1,"column":0},"end":{"line":43,"column":-915}},"loc":{"start":{"line":1,"column":0},"end":{"line":43,"column":-915}},"line":1}},"f":{"0":0}}
,"/home/petertasca/Desktop/book-chat-app/frontend/src/utils/baseAPI.tsx": {"path":"/home/petertasca/Desktop/book-chat-app/frontend/src/utils/baseAPI.tsx","all":true,"statementMap":{"0":{"start":{"line":1,"column":0},"end":{"line":1,"column":44}},"1":{"start":{"line":2,"column":0},"end":{"line":2,"column":42}},"2":{"start":{"line":3,"column":0},"end":{"line":3,"column":26}},"5":{"start":{"line":6,"column":0},"end":{"line":6,"column":50}},"6":{"start":{"line":7,"column":0},"end":{"line":7,"column":43}},"7":{"start":{"line":8,"column":0},"end":{"line":8,"column":27}}},"s":{"0":0,"1":0,"2":0,"5":0,"6":0,"7":0},"branchMap":{"0":{"type":"branch","line":1,"loc":{"start":{"line":1,"column":239},"end":{"line":8,"column":27}},"locations":[{"start":{"line":1,"column":239},"end":{"line":8,"column":27}}]}},"b":{"0":[0]},"fnMap":{"0":{"name":"(empty-report)","decl":{"start":{"line":1,"column":239},"end":{"line":8,"column":27}},"loc":{"start":{"line":1,"column":239},"end":{"line":8,"column":27}},"line":1}},"f":{"0":0}}
,"/home/petertasca/Desktop/book-chat-app/frontend/src/utils/errorHandling.tsx": {"path":"/home/petertasca/Desktop/book-chat-app/frontend/src/utils/errorHandling.tsx","all":true,"statementMap":{"58":{"start":{"line":59,"column":0},"end":{"line":59,"column":55}},"59":{"start":{"line":60,"column":0},"end":{"line":60,"column":30}},"60":{"start":{"line":61,"column":0},"end":{"line":61,"column":24}},"61":{"start":{"line":62,"column":0},"end":{"line":62,"column":33}},"62":{"start":{"line":63,"column":0},"end":{"line":63,"column":32}},"64":{"start":{"line":65,"column":0},"end":{"line":65,"column":46}},"66":{"start":{"line":67,"column":0},"end":{"line":67,"column":39}},"68":{"start":{"line":69,"column":0},"end":{"line":69,"column":46}},"69":{"start":{"line":70,"column":0},"end":{"line":70,"column":9}},"70":{"start":{"line":71,"column":0},"end":{"line":71,"column":5}},"72":{"start":{"line":73,"column":0},"end":{"line":73,"column":44}},"74":{"start":{"line":75,"column":0},"end":{"line":75,"column":1}},"76":{"start":{"line":77,"column":0},"end":{"line":77,"column":60}},"78":{"start":{"line":79,"column":0},"end":{"line":79,"column":24}},"80":{"start":{"line":81,"column":0},"end":{"line":81,"column":90}},"81":{"start":{"line":82,"column":0},"end":{"line":82,"column":5}},"83":{"start":{"line":84,"column":0},"end":{"line":84,"column":50}},"84":{"start":{"line":85,"column":0},"end":{"line":85,"column":1}},"86":{"start":{"line":87,"column":0},"end":{"line":87,"column":60}},"88":{"start":{"line":89,"column":0},"end":{"line":89,"column":24}},"89":{"start":{"line":90,"column":0},"end":{"line":90,"column":80}},"90":{"start":{"line":91,"column":0},"end":{"line":91,"column":5}},"92":{"start":{"line":93,"column":0},"end":{"line":93,"column":72}},"93":{"start":{"line":94,"column":0},"end":{"line":94,"column":1}},"95":{"start":{"line":96,"column":0},"end":{"line":96,"column":62}},"97":{"start":{"line":98,"column":0},"end":{"line":98,"column":24}},"98":{"start":{"line":99,"column":0},"end":{"line":99,"column":82}},"99":{"start":{"line":100,"column":0},"end":{"line":100,"column":5}},"101":{"start":{"line":102,"column":0},"end":{"line":102,"column":73}},"102":{"start":{"line":103,"column":0},"end":{"line":103,"column":1}},"104":{"start":{"line":105,"column":0},"end":{"line":105,"column":60}},"106":{"start":{"line":107,"column":0},"end":{"line":107,"column":59}},"107":{"start":{"line":108,"column":0},"end":{"line":108,"column":24}},"108":{"start":{"line":109,"column":0},"end":{"line":109,"column":6}},"110":{"start":{"line":111,"column":0},"end":{"line":111,"column":24}},"111":{"start":{"line":112,"column":0},"end":{"line":112,"column":73}},"113":{"start":{"line":114,"column":0},"end":{"line":114,"column":6}},"115":{"start":{"line":116,"column":0},"end":{"line":116,"column":83}},"116":{"start":{"line":117,"column":0},"end":{"line":117,"column":1}},"118":{"start":{"line":119,"column":0},"end":{"line":119,"column":56}},"120":{"start":{"line":121,"column":0},"end":{"line":121,"column":24}},"121":{"start":{"line":122,"column":0},"end":{"line":122,"column":29}},"123":{"start":{"line":124,"column":0},"end":{"line":124,"column":33}},"125":{"start":{"line":126,"column":0},"end":{"line":126,"column":40}},"127":{"start":{"line":128,"column":0},"end":{"line":128,"column":37}},"128":{"start":{"line":129,"column":0},"end":{"line":129,"column":9}},"129":{"start":{"line":130,"column":0},"end":{"line":130,"column":5}},"131":{"start":{"line":132,"column":0},"end":{"line":132,"column":73}},"132":{"start":{"line":133,"column":0},"end":{"line":133,"column":1}},"135":{"start":{"line":136,"column":0},"end":{"line":136,"column":52}},"137":{"start":{"line":138,"column":0},"end":{"line":138,"column":24}},"138":{"start":{"line":139,"column":0},"end":{"line":139,"column":67}},"139":{"start":{"line":140,"column":0},"end":{"line":140,"column":5}},"141":{"start":{"line":142,"column":0},"end":{"line":142,"column":73}},"142":{"start":{"line":143,"column":0},"end":{"line":143,"column":1}}},"s":{"58":0,"59":0,"60":0,"61":0,"62":0,"64":0,"66":0,"68":0,"69":0,"70":0,"72":0,"74":0,"76":0,"78":0,"80":0,"81":0,"83":0,"84":0,"86":0,"88":0,"89":0,"90":0,"92":0,"93":0,"95":0,"97":0,"98":0,"99":0,"101":0,"102":0,"104":0,"106":0,"107":0,"108":0,"110":0,"111":0,"113":0,"115":0,"116":0,"118":0,"120":0,"121":0,"123":0,"125":0,"127":0,"128":0,"129":0,"131":0,"132":0,"135":0,"137":0,"138":0,"139":0,"141":0,"142":0},"branchMap":{"0":{"type":"branch","line":1,"loc":{"start":{"line":1,"column":2839},"end":{"line":143,"column":1}},"locations":[{"start":{"line":1,"column":2839},"end":{"line":143,"column":1}}]}},"b":{"0":[1]},"fnMap":{"0":{"name":"(empty-report)","decl":{"start":{"line":1,"column":2839},"end":{"line":143,"column":1}},"loc":{"start":{"line":1,"column":2839},"end":{"line":143,"column":1}},"line":1}},"f":{"0":1}}
,"/home/petertasca/Desktop/book-chat-app/frontend/src/utils/textFormatting.tsx": {"path":"/home/petertasca/Desktop/book-chat-app/frontend/src/utils/textFormatting.tsx","all":true,"statementMap":{"3":{"start":{"line":4,"column":0},"end":{"line":4,"column":51}},"5":{"start":{"line":6,"column":0},"end":{"line":6,"column":29}},"6":{"start":{"line":7,"column":0},"end":{"line":7,"column":15}},"7":{"start":{"line":8,"column":0},"end":{"line":8,"column":36}},"8":{"start":{"line":9,"column":0},"end":{"line":9,"column":15}},"9":{"start":{"line":10,"column":0},"end":{"line":10,"column":63}},"10":{"start":{"line":11,"column":0},"end":{"line":11,"column":15}},"11":{"start":{"line":12,"column":0},"end":{"line":12,"column":77}},"12":{"start":{"line":13,"column":0},"end":{"line":13,"column":16}},"13":{"start":{"line":14,"column":0},"end":{"line":14,"column":118}},"14":{"start":{"line":15,"column":0},"end":{"line":15,"column":85}},"15":{"start":{"line":16,"column":0},"end":{"line":16,"column":24}},"17":{"start":{"line":18,"column":0},"end":{"line":18,"column":5}},"18":{"start":{"line":19,"column":0},"end":{"line":19,"column":2}}},"s":{"3":0,"5":0,"6":0,"7":0,"8":0,"9":0,"10":0,"11":0,"12":0,"13":0,"14":0,"15":0,"17":0,"18":0},"branchMap":{"0":{"type":"branch","line":1,"loc":{"start":{"line":1,"column":617},"end":{"line":19,"column":2}},"locations":[{"start":{"line":1,"column":617},"end":{"line":19,"column":2}}]}},"b":{"0":[1]},"fnMap":{"0":{"name":"(empty-report)","decl":{"start":{"line":1,"column":617},"end":{"line":19,"column":2}},"loc":{"start":{"line":1,"column":617},"end":{"line":19,"column":2}},"line":1}},"f":{"0":1}}
}
